Date: 2024-04-24T06:03:07.757Z
Method: GET
Route: /onlyAdmin/me
Status: 401
Response time: 13.456ms 

Date: 2024-04-24T06:03:10.940Z
Method: GET
Route: /plumbers?sortBy=null
Status: 200
Response time: 29.787ms 

Date: 2024-04-24T06:03:18.252Z
Method: GET
Route: /plumbers/66221ea9a62418a58cc195da
Status: 200
Response time: 18.626ms 

Date: 2024-04-24T06:03:18.255Z
Method: GET
Route: /plumbers/66221ea9a62418a58cc195da/opinions
Status: 200
Response time: 20.239ms 

Date: 2024-04-24T06:03:23.267Z
Method: GET
Route: /plumbers?sortBy=null
Status: 304
Response time: 12.590ms 

Date: 2024-04-24T06:05:48.212Z
Method: GET
Route: /onlyAdmin/me
Status: 401
Response time: 2.913ms 

Date: 2024-04-24T06:05:50.572Z
Method: GET
Route: /plumbers?sortBy=null
Status: 304
Response time: 6.835ms 

Date: 2024-04-24T06:06:04.929Z
Method: GET
Route: /plumbers/65df19c92bf51424e7ebee2e
Status: 200
Response time: 7.571ms 

Date: 2024-04-24T06:06:04.931Z
Method: GET
Route: /plumbers/65df19c92bf51424e7ebee2e/opinions
Status: 200
Response time: 9.318ms 

Date: 2024-04-24T06:06:07.198Z
Method: GET
Route: /plumbers?sortBy=null
Status: 304
Response time: 11.605ms 

Date: 2024-04-24T06:06:08.353Z
Method: GET
Route: /plumbers/65df19c92bf51424e7ebee38
Status: 200
Response time: 8.036ms 

Date: 2024-04-24T06:06:08.355Z
Method: GET
Route: /plumbers/65df19c92bf51424e7ebee38/opinions
Status: 200
Response time: 9.979ms 

Date: 2024-04-24T06:06:13.790Z
Method: GET
Route: /plumbers?sortBy=null
Status: 304
Response time: 9.190ms 

Date: 2024-04-24T06:06:19.345Z
Method: GET
Route: /plumbers?sortBy=averageRating
Status: 200
Response time: 11.975ms 

Date: 2024-04-24T06:06:21.035Z
Method: GET
Route: /plumbers?sortBy=opinionsLength
Status: 200
Response time: 11.809ms 

Date: 2024-04-24T06:06:45.771Z
Method: POST
Route: /onlyAdmin/login
Status: 403
Response time: 172.951ms 

Date: 2024-04-24T06:06:49.043Z
Method: POST
Route: /onlyAdmin/login
Status: 200
Response time: 171.004ms 

Date: 2024-04-24T06:06:49.060Z
Method: GET
Route: /onlyAdmin/me
Status: 200
Response time: 7.130ms 

Date: 2024-04-24T06:07:05.958Z
Method: GET
Route: /plumbers
Status: 200
Response time: 9.637ms 

Date: 2024-04-24T06:07:25.369Z
Method: GET
Route: /onlyAdmin/me
Status: 200
Response time: 5.881ms 

Date: 2024-04-24T06:07:34.216Z
Method: GET
Route: /onlyAdmin/me
Status: 200
Response time: 6.117ms 

Date: 2024-04-24T06:07:36.625Z
Method: GET
Route: /plumbers?sortBy=null
Status: 304
Response time: 9.550ms 

Date: 2024-04-24T06:07:46.978Z
Method: GET
Route: /plumbers/65df19c92bf51424e7ebee2e
Status: 304
Response time: 5.471ms 

Date: 2024-04-24T06:07:49.867Z
Method: PUT
Route: /plumbers/65df19c92bf51424e7ebee2e
Status: 200
Response time: 44.679ms 

Date: 2024-04-24T06:07:49.927Z
Method: GET
Route: /plumbers?sortBy=null
Status: 304
Response time: 8.162ms 

Date: 2024-04-24T06:08:06.684Z
Method: GET
Route: /onlyAdmin/me
Status: 200
Response time: 7.126ms 

Date: 2024-04-24T06:08:43.790Z
Method: GET
Route: /plumbers?sortBy=null
Status: 304
Response time: 9.669ms 

Date: 2024-04-24T06:10:53.085Z
Method: GET
Route: /plumbers/66221ea9a62418a58cc195da
Status: 304
Response time: 5.258ms 

Date: 2024-04-24T06:10:53.088Z
Method: GET
Route: /plumbers/66221ea9a62418a58cc195da/opinions
Status: 304
Response time: 7.344ms 

Date: 2024-04-24T06:10:55.705Z
Method: GET
Route: /plumbers?sortBy=null
Status: 304
Response time: 7.030ms 

Date: 2024-04-24T06:11:06.646Z
Method: GET
Route: /plumbers?sortBy=null
Status: 304
Response time: 6.265ms 

Date: 2024-04-24T06:12:33.057Z
Method: POST
Route: /plumbers
Status: 201
Response time: 15.325ms 

Date: 2024-04-24T06:12:34.671Z
Method: GET
Route: /plumbers?sortBy=null
Status: 200
Response time: 4.629ms 

Date: 2024-04-24T06:12:40.993Z
Method: GET
Route: /plumbers/6628a2d180e56ec6b8d9b4e2
Status: 200
Response time: 4.931ms 

Date: 2024-04-24T06:12:40.995Z
Method: GET
Route: /plumbers/6628a2d180e56ec6b8d9b4e2/opinions
Status: 200
Response time: 6.097ms 

Date: 2024-04-24T06:14:46.942Z
Method: GET
Route: /plumbers?sortBy=null
Status: 304
Response time: 5.579ms 

Date: 2024-04-24T06:14:49.108Z
Method: GET
Route: /plumbers?sortBy=null&serviceArea=%D7%9E%D7%A8%D7%9B%D7%96
Status: 200
Response time: 23.237ms 

Date: 2024-04-24T06:14:51.725Z
Method: GET
Route: /plumbers?sortBy=null&serviceArea=%D7%99%D7%94%D7%95%D7%93%D7%94%20%D7%95%D7%A9%D7%95%D7%9E%D7%A8%D7%95%D7%9F
Status: 200
Response time: 2.973ms 

Date: 2024-04-24T06:14:54.651Z
Method: GET
Route: /plumbers?sortBy=null&serviceArea=%D7%A9%D7%A8%D7%95%D7%9F
Status: 200
Response time: 3.657ms 

Date: 2024-04-24T06:14:55.970Z
Method: GET
Route: /plumbers?sortBy=null&serviceArea=%D7%A9%D7%A4%D7%9C%D7%94
Status: 200
Response time: 4.885ms 

Date: 2024-04-24T06:14:58.279Z
Method: GET
Route: /plumbers?sortBy=null&serviceArea=%D7%A6%D7%A4%D7%95%D7%9F
Status: 200
Response time: 3.933ms 

Date: 2024-04-24T06:14:59.830Z
Method: GET
Route: /plumbers?sortBy=null&serviceArea=%D7%93%D7%A8%D7%95%D7%9D
Status: 200
Response time: 5.205ms 

Date: 2024-04-24T06:15:02.151Z
Method: GET
Route: /plumbers?sortBy=null&serviceArea=%D7%99%D7%A8%D7%95%D7%A9%D7%9C%D7%99%D7%9D
Status: 200
Response time: 3.462ms 

Date: 2024-04-24T06:15:03.711Z
Method: GET
Route: /plumbers?sortBy=null
Status: 304
Response time: 9.131ms 

Date: 2024-04-24T06:15:10.199Z
Method: GET
Route: /plumbers/66221ea9a62418a58cc195da
Status: 304
Response time: 5.934ms 

Date: 2024-04-24T06:15:10.201Z
Method: GET
Route: /plumbers/66221ea9a62418a58cc195da/opinions
Status: 304
Response time: 7.594ms 

Date: 2024-04-24T06:15:11.258Z
Method: GET
Route: /plumbers?sortBy=null
Status: 304
Response time: 10.432ms 

Date: 2024-04-24T06:15:13.065Z
Method: GET
Route: /plumbers/66221ea9a62418a58cc195da
Status: 304
Response time: 4.582ms 

Date: 2024-04-24T06:15:17.432Z
Method: PUT
Route: /plumbers/66221ea9a62418a58cc195da
Status: 200
Response time: 9.056ms 

Date: 2024-04-24T06:15:17.501Z
Method: GET
Route: /plumbers?sortBy=null
Status: 304
Response time: 6.834ms 

Date: 2024-04-24T06:15:33.793Z
Method: GET
Route: /plumbers/66221ea9a62418a58cc195da
Status: 200
Response time: 6.505ms 

Date: 2024-04-24T06:15:33.795Z
Method: GET
Route: /plumbers/66221ea9a62418a58cc195da/opinions
Status: 304
Response time: 7.967ms 

Date: 2024-04-24T06:15:36.387Z
Method: GET
Route: /plumbers?sortBy=null
Status: 304
Response time: 8.008ms 

Date: 2024-04-24T06:15:38.321Z
Method: GET
Route: /plumbers/66221ea9a62418a58cc195da
Status: 304
Response time: 4.498ms 

Date: 2024-04-24T06:15:42.078Z
Method: PUT
Route: /plumbers/66221ea9a62418a58cc195da
Status: 200
Response time: 6.791ms 

Date: 2024-04-24T06:15:42.152Z
Method: GET
Route: /plumbers?sortBy=null
Status: 304
Response time: 8.737ms 

Date: 2024-04-24T06:19:46.822Z
Method: GET
Route: /plumbers/66221ea9a62418a58cc195da
Status: 200
Response time: 3.468ms 

Date: 2024-04-24T06:19:50.135Z
Method: PUT
Route: /plumbers/66221ea9a62418a58cc195da
Status: 200
Response time: 9.218ms 

Date: 2024-04-24T06:19:50.212Z
Method: GET
Route: /plumbers?sortBy=null
Status: 304
Response time: 8.847ms 

Date: 2024-04-24T06:20:05.351Z
Method: GET
Route: /plumbers/66221ea9a62418a58cc195da
Status: 200
Response time: 3.346ms 

Date: 2024-04-24T06:20:08.052Z
Method: PUT
Route: /plumbers/66221ea9a62418a58cc195da
Status: 200
Response time: 5.203ms 

Date: 2024-04-24T06:20:08.127Z
Method: GET
Route: /plumbers?sortBy=null
Status: 304
Response time: 5.129ms 

Date: 2024-04-24T06:24:28.646Z
Method: POST
Route: /plumbers
Status: 201
Response time: 8.026ms 

Date: 2024-04-24T06:24:31.870Z
Method: GET
Route: /plumbers?sortBy=null
Status: 200
Response time: 7.255ms 

Date: 2024-04-24T06:29:14.774Z
Method: DELETE
Route: /plumbers/[object%20Object]
Status: 500
Response time: 9.722ms 

Date: 2024-04-24T06:29:20.263Z
Method: GET
Route: /plumbers?sortBy=null
Status: 304
Response time: 24.238ms 

Date: 2024-04-24T06:29:20.267Z
Method: GET
Route: /onlyAdmin/me
Status: 200
Response time: 27.037ms 

Date: 2024-04-24T06:29:23.558Z
Method: DELETE
Route: /plumbers/[object%20Object]
Status: 500
Response time: 2.362ms 

Date: 2024-04-24T06:29:43.237Z
Method: GET
Route: /plumbers?sortBy=null
Status: 304
Response time: 7.921ms 

Date: 2024-04-24T06:29:43.241Z
Method: GET
Route: /onlyAdmin/me
Status: 200
Response time: 10.302ms 

Date: 2024-04-24T06:29:46.112Z
Method: DELETE
Route: /plumbers/[object%20Object]
Status: 500
Response time: 3.043ms 

Date: 2024-04-24T06:30:00.765Z
Method: GET
Route: /plumbers?sortBy=null
Status: 304
Response time: 9.479ms 

Date: 2024-04-24T06:30:00.773Z
Method: GET
Route: /onlyAdmin/me
Status: 200
Response time: 13.407ms 

Date: 2024-04-24T06:30:03.027Z
Method: GET
Route: /plumbers/6628a59c80e56ec6b8d9b55f/opinions
Status: 200
Response time: 7.762ms 

Date: 2024-04-24T06:30:03.030Z
Method: GET
Route: /plumbers/6628a59c80e56ec6b8d9b55f
Status: 200
Response time: 9.553ms 

Date: 2024-04-24T06:30:04.699Z
Method: GET
Route: /plumbers?sortBy=null
Status: 304
Response time: 13.247ms 

Date: 2024-04-24T06:30:07.687Z
Method: DELETE
Route: /plumbers/[object%20Object]
Status: 500
Response time: 2.960ms 

Date: 2024-04-24T06:30:53.676Z
Method: POST
Route: /plumbers
Status: 201
Response time: 32.316ms 

Date: 2024-04-24T06:30:57.663Z
Method: GET
Route: /plumbers?sortBy=null
Status: 200
Response time: 13.873ms 

Date: 2024-04-24T06:31:44.994Z
Method: DELETE
Route: /plumbers/[object%20Object]
Status: 500
Response time: 3.935ms 

Date: 2024-04-24T06:32:28.034Z
Method: GET
Route: /plumbers?sortBy=null
Status: 200
Response time: 10.597ms 

Date: 2024-04-24T06:32:28.036Z
Method: GET
Route: /onlyAdmin/me
Status: 200
Response time: 10.177ms 

Date: 2024-04-24T06:32:35.335Z
Method: GET
Route: /plumbers/66221ea9a62418a58cc195da
Status: 200
Response time: 3.881ms 

Date: 2024-04-24T06:34:57.999Z
Method: GET
Route: /plumbers/66221ea9a62418a58cc195da
Status: 304
Response time: 4.488ms 

Date: 2024-04-24T06:34:59.843Z
Method: PUT
Route: /plumbers/66221ea9a62418a58cc195da
Status: 200
Response time: 17.624ms 

Date: 2024-04-24T06:34:59.998Z
Method: GET
Route: /plumbers?sortBy=null
Status: 304
Response time: 9.489ms 

Date: 2024-04-24T06:35:04.209Z
Method: GET
Route: /plumbers/66221ea9a62418a58cc195da
Status: 200
Response time: 10.642ms 

Date: 2024-04-24T06:35:04.212Z
Method: GET
Route: /plumbers/66221ea9a62418a58cc195da/opinions
Status: 304
Response time: 11.767ms 

Date: 2024-04-24T06:35:06.002Z
Method: GET
Route: /plumbers?sortBy=null
Status: 304
Response time: 12.804ms 

Date: 2024-04-24T06:35:07.702Z
Method: GET
Route: /plumbers/66221ea9a62418a58cc195da
Status: 304
Response time: 8.131ms 

Date: 2024-04-24T06:35:10.586Z
Method: PUT
Route: /plumbers/66221ea9a62418a58cc195da
Status: 200
Response time: 13.850ms 

Date: 2024-04-24T06:35:10.713Z
Method: GET
Route: /plumbers?sortBy=null
Status: 304
Response time: 11.649ms 

Date: 2024-04-24T06:35:26.609Z
Method: GET
Route: /onlyAdmin/me
Status: 200
Response time: 9.840ms 

Date: 2024-04-24T06:35:26.618Z
Method: GET
Route: /plumbers?sortBy=null
Status: 304
Response time: 17.866ms 

Date: 2024-04-24T06:35:29.385Z
Method: GET
Route: /plumbers/66221ea9a62418a58cc195da
Status: 200
Response time: 5.000ms 

Date: 2024-04-24T06:35:31.258Z
Method: PUT
Route: /plumbers/66221ea9a62418a58cc195da
Status: 200
Response time: 8.972ms 

Date: 2024-04-24T06:35:31.348Z
Method: GET
Route: /plumbers?sortBy=null
Status: 304
Response time: 9.878ms 

Date: 2024-04-24T06:36:51.321Z
Method: GET
Route: /plumbers/66221ea9a62418a58cc195da
Status: 200
Response time: 3.951ms 

Date: 2024-04-24T06:36:51.325Z
Method: GET
Route: /plumbers/66221ea9a62418a58cc195da/opinions
Status: 304
Response time: 5.541ms 

Date: 2024-04-24T06:36:52.999Z
Method: GET
Route: /plumbers?sortBy=null
Status: 304
Response time: 8.410ms 

Date: 2024-04-24T06:36:54.785Z
Method: GET
Route: /plumbers/66221ea9a62418a58cc195da
Status: 304
Response time: 4.571ms 

Date: 2024-04-24T06:36:56.880Z
Method: PUT
Route: /plumbers/66221ea9a62418a58cc195da
Status: 200
Response time: 8.729ms 

Date: 2024-04-24T06:36:56.963Z
Method: GET
Route: /plumbers?sortBy=null
Status: 304
Response time: 7.979ms 

Date: 2024-04-24T06:37:21.992Z
Method: GET
Route: /plumbers?sortBy=null
Status: 304
Response time: 11.246ms 

Date: 2024-04-24T06:37:21.998Z
Method: GET
Route: /onlyAdmin/me
Status: 200
Response time: 13.117ms 

Date: 2024-04-24T06:38:47.707Z
Method: GET
Route: /onlyAdmin/me
Status: 200
Response time: 8.306ms 

Date: 2024-04-24T06:38:47.713Z
Method: GET
Route: /plumbers?sortBy=null
Status: 304
Response time: 13.870ms 

Date: 2024-04-24T06:38:53.647Z
Method: GET
Route: /plumbers/66221ea9a62418a58cc195da
Status: 200
Response time: 5.929ms 

Date: 2024-04-24T06:38:53.650Z
Method: GET
Route: /plumbers/66221ea9a62418a58cc195da/opinions
Status: 304
Response time: 8.238ms 

Date: 2024-04-24T06:38:56.681Z
Method: GET
Route: /plumbers?sortBy=null
Status: 304
Response time: 7.763ms 

Date: 2024-04-24T06:38:58.488Z
Method: GET
Route: /plumbers/66221ea9a62418a58cc195da
Status: 304
Response time: 4.102ms 

Date: 2024-04-24T06:40:54.685Z
Method: GET
Route: /plumbers/66221ea9a62418a58cc195da
Status: 304
Response time: 4.336ms 

Date: 2024-04-24T06:40:54.691Z
Method: GET
Route: /onlyAdmin/me
Status: 200
Response time: 8.112ms 

Date: 2024-04-24T06:42:48.571Z
Method: GET
Route: /plumbers/66221ea9a62418a58cc195da
Status: 304
Response time: 2.666ms 

Date: 2024-04-24T06:43:14.516Z
Method: GET
Route: /plumbers/66221ea9a62418a58cc195da
Status: 304
Response time: 8.017ms 

Date: 2024-04-24T06:43:14.518Z
Method: GET
Route: /onlyAdmin/me
Status: 200
Response time: 9.079ms 

Date: 2024-04-24T06:43:18.721Z
Method: PUT
Route: /plumbers/66221ea9a62418a58cc195da
Status: 200
Response time: 9.218ms 

Date: 2024-04-24T06:43:18.830Z
Method: GET
Route: /plumbers?sortBy=null
Status: 304
Response time: 6.210ms 

Date: 2024-04-24T06:43:31.842Z
Method: GET
Route: /plumbers?sortBy=null
Status: 304
Response time: 8.322ms 

Date: 2024-04-24T06:43:31.848Z
Method: GET
Route: /onlyAdmin/me
Status: 200
Response time: 11.868ms 

Date: 2024-04-24T06:44:05.089Z
Method: GET
Route: /plumbers/66221ea9a62418a58cc195da
Status: 200
Response time: 5.148ms 

Date: 2024-04-24T06:44:05.091Z
Method: GET
Route: /plumbers/66221ea9a62418a58cc195da/opinions
Status: 304
Response time: 6.270ms 

Date: 2024-04-24T06:44:07.243Z
Method: GET
Route: /plumbers?sortBy=null
Status: 304
Response time: 10.305ms 

Date: 2024-04-24T06:44:10.188Z
Method: GET
Route: /plumbers/66221ea9a62418a58cc195da
Status: 304
Response time: 3.752ms 

Date: 2024-04-24T06:44:13.533Z
Method: PUT
Route: /plumbers/66221ea9a62418a58cc195da
Status: 200
Response time: 5.903ms 

Date: 2024-04-24T06:44:13.618Z
Method: GET
Route: /plumbers?sortBy=null
Status: 304
Response time: 9.829ms 

Date: 2024-04-24T06:44:32.442Z
Method: GET
Route: /plumbers/66221ea9a62418a58cc195da
Status: 200
Response time: 5.457ms 

Date: 2024-04-24T06:44:32.444Z
Method: GET
Route: /plumbers/66221ea9a62418a58cc195da/opinions
Status: 304
Response time: 6.581ms 

Date: 2024-04-24T06:44:35.560Z
Method: GET
Route: /plumbers?sortBy=null
Status: 304
Response time: 7.445ms 

Date: 2024-04-24T06:44:37.490Z
Method: GET
Route: /plumbers/66221ea9a62418a58cc195da
Status: 304
Response time: 3.692ms 

Date: 2024-04-24T06:44:44.765Z
Method: PUT
Route: /plumbers/66221ea9a62418a58cc195da
Status: 200
Response time: 8.603ms 

Date: 2024-04-24T06:44:44.841Z
Method: GET
Route: /plumbers?sortBy=null
Status: 200
Response time: 6.991ms 

Date: 2024-04-24T06:44:53.342Z
Method: GET
Route: /plumbers/66221ea9a62418a58cc195da
Status: 200
Response time: 5.409ms 

Date: 2024-04-24T06:44:53.344Z
Method: GET
Route: /plumbers/66221ea9a62418a58cc195da/opinions
Status: 304
Response time: 6.133ms 

Date: 2024-04-24T06:44:55.150Z
Method: GET
Route: /plumbers?sortBy=null
Status: 304
Response time: 7.278ms 

Date: 2024-04-24T06:45:09.788Z
Method: GET
Route: /plumbers/66221ea9a62418a58cc195da
Status: 304
Response time: 4.465ms 

Date: 2024-04-24T06:45:09.790Z
Method: GET
Route: /plumbers/66221ea9a62418a58cc195da/opinions
Status: 304
Response time: 5.898ms 

Date: 2024-04-24T06:45:11.855Z
Method: GET
Route: /plumbers?sortBy=null
Status: 304
Response time: 7.898ms 

Date: 2024-04-24T06:45:14.047Z
Method: GET
Route: /plumbers/66221ea9a62418a58cc195da
Status: 304
Response time: 3.828ms 

Date: 2024-04-24T06:45:18.670Z
Method: PUT
Route: /plumbers/66221ea9a62418a58cc195da
Status: 200
Response time: 7.442ms 

Date: 2024-04-24T06:45:18.746Z
Method: GET
Route: /plumbers?sortBy=null
Status: 200
Response time: 9.625ms 

Date: 2024-04-24T06:45:21.605Z
Method: GET
Route: /plumbers/66221ea9a62418a58cc195da
Status: 200
Response time: 5.728ms 

Date: 2024-04-24T06:45:21.606Z
Method: GET
Route: /plumbers/66221ea9a62418a58cc195da/opinions
Status: 304
Response time: 6.606ms 

Date: 2024-04-24T06:45:23.813Z
Method: GET
Route: /plumbers?sortBy=null
Status: 304
Response time: 9.401ms 

Date: 2024-04-24T06:45:28.910Z
Method: DELETE
Route: /plumbers/[object%20Object]
Status: 500
Response time: 3.637ms 

Date: 2024-04-24T06:45:30.883Z
Method: GET
Route: /plumbers?sortBy=null
Status: 304
Response time: 6.982ms 

Date: 2024-04-24T06:45:30.890Z
Method: GET
Route: /onlyAdmin/me
Status: 200
Response time: 11.603ms 

Date: 2024-04-24T06:45:34.564Z
Method: GET
Route: /plumbers/66221ea9a62418a58cc195da/opinions
Status: 304
Response time: 4.544ms 

Date: 2024-04-24T06:45:34.566Z
Method: GET
Route: /plumbers/66221ea9a62418a58cc195da
Status: 304
Response time: 6.386ms 

Date: 2024-04-24T06:45:38.953Z
Method: GET
Route: /plumbers?sortBy=null
Status: 304
Response time: 7.774ms 

Date: 2024-04-24T06:45:40.395Z
Method: GET
Route: /plumbers/66221ea9a62418a58cc195da
Status: 304
Response time: 3.613ms 

Date: 2024-04-24T06:46:26.872Z
Method: GET
Route: /plumbers/66221ea9a62418a58cc195da
Status: 304
Response time: 4.116ms 

Date: 2024-04-24T06:46:26.873Z
Method: GET
Route: /onlyAdmin/me
Status: 200
Response time: 4.667ms 

Date: 2024-04-24T06:46:31.324Z
Method: PUT
Route: /plumbers/66221ea9a62418a58cc195da
Status: 200
Response time: 4.602ms 

Date: 2024-04-24T06:46:31.430Z
Method: GET
Route: /plumbers?sortBy=null
Status: 200
Response time: 4.516ms 

Date: 2024-04-24T06:46:34.454Z
Method: GET
Route: /plumbers/66221ea9a62418a58cc195da
Status: 200
Response time: 6.516ms 

Date: 2024-04-24T06:46:34.458Z
Method: GET
Route: /plumbers/66221ea9a62418a58cc195da/opinions
Status: 304
Response time: 9.218ms 

Date: 2024-04-24T06:46:40.754Z
Method: GET
Route: /plumbers?sortBy=null
Status: 304
Response time: 4.808ms 

Date: 2024-04-24T06:46:42.116Z
Method: GET
Route: /plumbers/66221ea9a62418a58cc195da/opinions
Status: 304
Response time: 4.582ms 

Date: 2024-04-24T06:46:42.118Z
Method: GET
Route: /plumbers/66221ea9a62418a58cc195da
Status: 304
Response time: 6.000ms 

Date: 2024-04-24T06:46:43.533Z
Method: GET
Route: /plumbers?sortBy=null
Status: 304
Response time: 4.347ms 

Date: 2024-04-24T06:46:44.961Z
Method: GET
Route: /plumbers/66221ea9a62418a58cc195da
Status: 304
Response time: 2.938ms 

Date: 2024-04-24T06:46:47.533Z
Method: PUT
Route: /plumbers/66221ea9a62418a58cc195da
Status: 200
Response time: 6.159ms 

Date: 2024-04-24T06:46:47.607Z
Method: GET
Route: /plumbers?sortBy=null
Status: 200
Response time: 4.635ms 

Date: 2024-04-24T06:46:49.764Z
Method: GET
Route: /plumbers/66221ea9a62418a58cc195da
Status: 200
Response time: 3.857ms 

Date: 2024-04-24T06:46:49.765Z
Method: GET
Route: /plumbers/66221ea9a62418a58cc195da/opinions
Status: 304
Response time: 4.154ms 

Date: 2024-04-24T06:46:52.760Z
Method: GET
Route: /plumbers?sortBy=null
Status: 304
Response time: 5.577ms 

Date: 2024-04-24T06:46:54.723Z
Method: GET
Route: /plumbers/66221ea9a62418a58cc195da
Status: 304
Response time: 2.900ms 

Date: 2024-04-24T06:46:54.724Z
Method: GET
Route: /plumbers/66221ea9a62418a58cc195da/opinions
Status: 304
Response time: 3.730ms 

Date: 2024-04-24T06:46:59.669Z
Method: GET
Route: /plumbers?sortBy=null
Status: 304
Response time: 5.481ms 

Date: 2024-04-24T06:47:04.559Z
Method: GET
Route: /plumbers/66221ea9a62418a58cc195da
Status: 304
Response time: 4.570ms 

Date: 2024-04-24T06:47:04.561Z
Method: GET
Route: /plumbers/66221ea9a62418a58cc195da/opinions
Status: 304
Response time: 5.453ms 

Date: 2024-04-24T06:47:05.743Z
Method: GET
Route: /plumbers?sortBy=null
Status: 304
Response time: 5.768ms 

Date: 2024-04-24T06:47:08.687Z
Method: GET
Route: /plumbers/66221ea9a62418a58cc195da
Status: 304
Response time: 2.599ms 

Date: 2024-04-24T06:53:13.534Z
Method: GET
Route: /plumbers/66221ea9a62418a58cc195da
Status: 304
Response time: 2.666ms 

Date: 2024-04-24T06:53:59.536Z
Method: GET
Route: /plumbers/66221ea9a62418a58cc195da
Status: 304
Response time: 2.540ms 

Date: 2024-04-24T06:54:07.065Z
Method: GET
Route: /plumbers/66221ea9a62418a58cc195da
Status: 304
Response time: 6.553ms 

Date: 2024-04-24T06:54:07.067Z
Method: GET
Route: /onlyAdmin/me
Status: 200
Response time: 7.437ms 

Date: 2024-04-24T06:54:23.803Z
Method: PUT
Route: /plumbers/66221ea9a62418a58cc195da
Status: 200
Response time: 7.230ms 

Date: 2024-04-24T06:54:23.940Z
Method: GET
Route: /plumbers?sortBy=null
Status: 304
Response time: 7.681ms 

Date: 2024-04-24T06:54:28.767Z
Method: GET
Route: /plumbers/66221ea9a62418a58cc195da
Status: 200
Response time: 5.123ms 

Date: 2024-04-24T06:54:28.769Z
Method: GET
Route: /plumbers/66221ea9a62418a58cc195da/opinions
Status: 304
Response time: 6.433ms 

Date: 2024-04-24T06:54:30.983Z
Method: GET
Route: /plumbers?sortBy=null
Status: 304
Response time: 8.664ms 

Date: 2024-04-24T06:54:32.697Z
Method: GET
Route: /plumbers/66221ea9a62418a58cc195da
Status: 304
Response time: 3.266ms 

Date: 2024-04-24T06:54:59.550Z
Method: GET
Route: /plumbers/66221ea9a62418a58cc195da
Status: 304
Response time: 3.454ms 

Date: 2024-04-24T06:55:43.536Z
Method: GET
Route: /plumbers/66221ea9a62418a58cc195da
Status: 304
Response time: 2.711ms 

Date: 2024-04-24T06:55:46.218Z
Method: GET
Route: /plumbers/66221ea9a62418a58cc195da
Status: 304
Response time: 5.730ms 

Date: 2024-04-24T06:55:46.225Z
Method: GET
Route: /onlyAdmin/me
Status: 200
Response time: 4.678ms 

Date: 2024-04-24T06:55:53.300Z
Method: PUT
Route: /plumbers/66221ea9a62418a58cc195da
Status: 400
Response time: 4.243ms 

Date: 2024-04-24T06:55:53.430Z
Method: GET
Route: /plumbers?sortBy=null
Status: 304
Response time: 9.869ms 

Date: 2024-04-24T06:55:56.823Z
Method: GET
Route: /plumbers/66221ea9a62418a58cc195da/opinions
Status: 304
Response time: 4.651ms 

Date: 2024-04-24T06:55:56.825Z
Method: GET
Route: /plumbers/66221ea9a62418a58cc195da
Status: 304
Response time: 6.115ms 

Date: 2024-04-24T06:56:13.262Z
Method: GET
Route: /plumbers?sortBy=null
Status: 304
Response time: 8.051ms 

Date: 2024-04-24T06:56:16.218Z
Method: GET
Route: /plumbers/66221ea9a62418a58cc195da
Status: 304
Response time: 3.554ms 

Date: 2024-04-24T06:56:26.152Z
Method: PUT
Route: /plumbers/66221ea9a62418a58cc195da
Status: 400
Response time: 2.836ms 

Date: 2024-04-24T06:56:26.250Z
Method: GET
Route: /plumbers?sortBy=null
Status: 304
Response time: 7.618ms 

Date: 2024-04-24T06:57:15.824Z
Method: GET
Route: /plumbers/66221ea9a62418a58cc195da
Status: 304
Response time: 4.302ms 

Date: 2024-04-24T06:57:15.827Z
Method: GET
Route: /plumbers/66221ea9a62418a58cc195da/opinions
Status: 304
Response time: 6.430ms 

Date: 2024-04-24T06:57:21.928Z
Method: GET
Route: /plumbers?sortBy=null
Status: 304
Response time: 6.912ms 

Date: 2024-04-24T07:01:20.181Z
Method: GET
Route: /plumbers/66221ea9a62418a58cc195da
Status: 304
Response time: 7.780ms 

Date: 2024-04-24T07:01:20.183Z
Method: GET
Route: /plumbers/66221ea9a62418a58cc195da/opinions
Status: 304
Response time: 9.424ms 

Date: 2024-04-24T07:01:21.338Z
Method: GET
Route: /plumbers?sortBy=null
Status: 304
Response time: 7.498ms 

Date: 2024-04-24T07:01:59.775Z
Method: GET
Route: /plumbers/66221ea9a62418a58cc195da
Status: 304
Response time: 3.560ms 

Date: 2024-04-24T07:02:06.662Z
Method: PUT
Route: /plumbers/66221ea9a62418a58cc195da
Status: 400
Response time: 1.771ms 

Date: 2024-04-24T07:02:06.751Z
Method: GET
Route: /plumbers?sortBy=null
Status: 304
Response time: 6.224ms 

Date: 2024-04-24T07:02:12.806Z
Method: GET
Route: /plumbers/66221ea9a62418a58cc195da
Status: 304
Response time: 3.424ms 

Date: 2024-04-24T07:02:38.995Z
Method: GET
Route: /plumbers/66221ea9a62418a58cc195da
Status: 304
Response time: 2.434ms 

Date: 2024-04-24T07:02:40.961Z
Method: GET
Route: /plumbers/66221ea9a62418a58cc195da
Status: 304
Response time: 5.548ms 

Date: 2024-04-24T07:02:40.968Z
Method: GET
Route: /onlyAdmin/me
Status: 200
Response time: 5.734ms 

Date: 2024-04-24T07:03:14.691Z
Method: GET
Route: /plumbers/66221ea9a62418a58cc195da
Status: 304
Response time: 2.277ms 

Date: 2024-04-24T07:03:19.844Z
Method: GET
Route: /plumbers/66221ea9a62418a58cc195da
Status: 304
Response time: 7.564ms 

Date: 2024-04-24T07:03:19.846Z
Method: GET
Route: /onlyAdmin/me
Status: 200
Response time: 8.550ms 

Date: 2024-04-24T07:03:28.853Z
Method: PUT
Route: /plumbers/66221ea9a62418a58cc195da
Status: 200
Response time: 8.614ms 

Date: 2024-04-24T07:03:28.952Z
Method: GET
Route: /plumbers?sortBy=null
Status: 304
Response time: 8.127ms 

Date: 2024-04-24T07:03:31.019Z
Method: GET
Route: /plumbers/66221ea9a62418a58cc195da
Status: 200
Response time: 4.004ms 

Date: 2024-04-24T07:03:31.023Z
Method: GET
Route: /plumbers/66221ea9a62418a58cc195da/opinions
Status: 304
Response time: 5.494ms 

Date: 2024-04-24T07:03:32.751Z
Method: GET
Route: /plumbers?sortBy=null
Status: 304
Response time: 10.335ms 

Date: 2024-04-24T07:03:34.516Z
Method: GET
Route: /plumbers/66221ea9a62418a58cc195da
Status: 304
Response time: 3.598ms 

Date: 2024-04-24T07:03:47.220Z
Method: PUT
Route: /plumbers/66221ea9a62418a58cc195da
Status: 200
Response time: 6.587ms 

Date: 2024-04-24T07:03:47.298Z
Method: GET
Route: /plumbers?sortBy=null
Status: 304
Response time: 8.672ms 

Date: 2024-04-24T07:04:57.725Z
Method: GET
Route: /plumbers/66221ea9a62418a58cc195da
Status: 200
Response time: 5.587ms 

Date: 2024-04-24T07:04:57.726Z
Method: GET
Route: /plumbers/66221ea9a62418a58cc195da/opinions
Status: 304
Response time: 6.475ms 

Date: 2024-04-24T07:05:01.286Z
Method: GET
Route: /plumbers?sortBy=null
Status: 304
Response time: 5.678ms 

Date: 2024-04-24T07:05:03.032Z
Method: GET
Route: /plumbers/66221ea9a62418a58cc195da
Status: 304
Response time: 3.196ms 

Date: 2024-04-24T07:06:39.714Z
Method: GET
Route: /plumbers/66221ea9a62418a58cc195da
Status: 304
Response time: 2.346ms 

Date: 2024-04-24T07:06:41.507Z
Method: GET
Route: /plumbers/66221ea9a62418a58cc195da
Status: 304
Response time: 2.555ms 

Date: 2024-04-24T07:06:41.536Z
Method: GET
Route: /onlyAdmin/me
Status: 200
Response time: 6.376ms 

Date: 2024-04-24T07:07:55.557Z
Method: GET
Route: /plumbers/66221ea9a62418a58cc195da
Status: 304
Response time: 2.901ms 

Date: 2024-04-24T07:08:17.156Z
Method: GET
Route: /onlyAdmin/me
Status: 401
Response time: 2.932ms 

Date: 2024-04-24T07:08:17.158Z
Method: GET
Route: /plumbers/66221ea9a62418a58cc195da
Status: 304
Response time: 4.851ms 

Date: 2024-04-24T07:08:29.887Z
Method: POST
Route: /onlyAdmin/login
Status: 200
Response time: 165.380ms 

Date: 2024-04-24T07:08:29.905Z
Method: GET
Route: /onlyAdmin/me
Status: 200
Response time: 5.356ms 

Date: 2024-04-24T07:08:33.215Z
Method: GET
Route: /plumbers?sortBy=null
Status: 304
Response time: 15.790ms 

Date: 2024-04-24T07:08:36.537Z
Method: GET
Route: /plumbers/66221ea9a62418a58cc195da/opinions
Status: 304
Response time: 4.848ms 

Date: 2024-04-24T07:08:36.539Z
Method: GET
Route: /plumbers/66221ea9a62418a58cc195da
Status: 304
Response time: 6.023ms 

Date: 2024-04-24T07:08:38.048Z
Method: GET
Route: /plumbers?sortBy=null
Status: 304
Response time: 8.808ms 

Date: 2024-04-24T07:08:40.071Z
Method: GET
Route: /plumbers/66221ea9a62418a58cc195da
Status: 304
Response time: 3.724ms 

Date: 2024-04-24T07:08:45.715Z
Method: PUT
Route: /plumbers/66221ea9a62418a58cc195da
Status: 200
Response time: 6.119ms 

Date: 2024-04-24T07:08:45.794Z
Method: GET
Route: /plumbers?sortBy=null
Status: 304
Response time: 7.668ms 

Date: 2024-04-24T07:08:54.341Z
Method: GET
Route: /plumbers/66221ea9a62418a58cc195da
Status: 200
Response time: 3.628ms 

Date: 2024-04-24T07:14:24.388Z
Method: PUT
Route: /plumbers/66221ea9a62418a58cc195da
Status: 200
Response time: 7.440ms 

Date: 2024-04-24T07:14:24.476Z
Method: GET
Route: /plumbers?sortBy=null
Status: 200
Response time: 16.871ms 

Date: 2024-04-24T07:14:28.799Z
Method: GET
Route: /plumbers/66221ea9a62418a58cc195da
Status: 200
Response time: 5.972ms 

Date: 2024-04-24T07:14:28.801Z
Method: GET
Route: /plumbers/66221ea9a62418a58cc195da/opinions
Status: 304
Response time: 6.733ms 

Date: 2024-04-24T07:14:30.979Z
Method: GET
Route: /plumbers?sortBy=null
Status: 304
Response time: 6.892ms 

Date: 2024-04-24T07:14:33.046Z
Method: GET
Route: /plumbers/66221ea9a62418a58cc195da
Status: 304
Response time: 4.036ms 

Date: 2024-04-24T07:16:24.536Z
Method: GET
Route: /plumbers/66221ea9a62418a58cc195da
Status: 304
Response time: 3.348ms 

Date: 2024-04-24T07:16:27.412Z
Method: GET
Route: /plumbers/66221ea9a62418a58cc195da
Status: 304
Response time: 2.298ms 

Date: 2024-04-24T07:16:27.419Z
Method: GET
Route: /onlyAdmin/me
Status: 200
Response time: 4.447ms 

Date: 2024-04-24T07:19:28.863Z
Method: GET
Route: /plumbers/66221ea9a62418a58cc195da
Status: 304
Response time: 5.746ms 

Date: 2024-04-24T07:19:28.864Z
Method: GET
Route: /onlyAdmin/me
Status: 200
Response time: 6.422ms 

Date: 2024-04-24T07:19:32.210Z
Method: PUT
Route: /plumbers/66221ea9a62418a58cc195da
Status: 400
Response time: 3.323ms 

Date: 2024-04-24T07:19:32.318Z
Method: GET
Route: /plumbers?sortBy=null
Status: 304
Response time: 6.308ms 

Date: 2024-04-24T07:23:40.358Z
Method: GET
Route: /plumbers/66221ea9a62418a58cc195da
Status: 304
Response time: 5.042ms 

Date: 2024-04-24T07:23:44.393Z
Method: GET
Route: /plumbers/66221ea9a62418a58cc195da
Status: 304
Response time: 3.648ms 

Date: 2024-04-24T07:23:44.400Z
Method: GET
Route: /onlyAdmin/me
Status: 200
Response time: 6.209ms 

Date: 2024-04-24T07:23:47.704Z
Method: PUT
Route: /plumbers/66221ea9a62418a58cc195da
Status: 400
Response time: 2.816ms 

Date: 2024-04-24T07:23:47.826Z
Method: GET
Route: /plumbers?sortBy=null
Status: 304
Response time: 7.538ms 

Date: 2024-04-24T07:24:29.984Z
Method: GET
Route: /plumbers?sortBy=null
Status: 200
Response time: 11.367ms 

Date: 2024-04-24T07:24:29.986Z
Method: GET
Route: /onlyAdmin/me
Status: 200
Response time: 12.261ms 

Date: 2024-04-24T07:25:05.264Z
Method: POST
Route: /plumbers
Status: 201
Response time: 10.370ms 

Date: 2024-04-24T07:25:13.220Z
Method: GET
Route: /plumbers?sortBy=null
Status: 200
Response time: 7.421ms 

Date: 2024-04-24T07:26:55.415Z
Method: GET
Route: /plumbers/6628b3d1720f6c4596608036
Status: 200
Response time: 5.097ms 

Date: 2024-04-24T07:26:57.824Z
Method: PUT
Route: /plumbers/6628b3d1720f6c4596608036
Status: 400
Response time: 2.358ms 

Date: 2024-04-24T07:26:57.930Z
Method: GET
Route: /plumbers?sortBy=null
Status: 304
Response time: 4.555ms 

Date: 2024-04-24T07:30:42.079Z
Method: GET
Route: /plumbers/6628b3d1720f6c4596608036
Status: 304
Response time: 5.061ms 

Date: 2024-04-24T07:30:42.956Z
Method: PUT
Route: /plumbers/6628b3d1720f6c4596608036
Status: 200
Response time: 4.928ms 

Date: 2024-04-24T07:30:43.045Z
Method: GET
Route: /plumbers?sortBy=null
Status: 304
Response time: 5.462ms 

Date: 2024-04-24T07:30:53.133Z
Method: GET
Route: /plumbers/6628b3d1720f6c4596608036
Status: 200
Response time: 4.337ms 

Date: 2024-04-24T07:30:53.135Z
Method: GET
Route: /plumbers/6628b3d1720f6c4596608036/opinions
Status: 200
Response time: 5.925ms 

Date: 2024-04-24T07:31:02.444Z
Method: GET
Route: /plumbers?sortBy=null
Status: 304
Response time: 8.513ms 

Date: 2024-04-24T07:31:04.133Z
Method: GET
Route: /plumbers/6628b3d1720f6c4596608036
Status: 304
Response time: 3.641ms 

Date: 2024-04-24T07:31:37.154Z
Method: PUT
Route: /plumbers/6628b3d1720f6c4596608036
Status: 200
Response time: 6.874ms 

Date: 2024-04-24T07:31:37.255Z
Method: GET
Route: /plumbers?sortBy=null
Status: 304
Response time: 6.607ms 

Date: 2024-04-24T07:32:41.002Z
Method: GET
Route: /plumbers/6628b3d1720f6c4596608036
Status: 200
Response time: 3.085ms 

Date: 2024-04-24T07:32:43.513Z
Method: PUT
Route: /plumbers/6628b3d1720f6c4596608036
Status: 400
Response time: 2.443ms 

Date: 2024-04-24T07:32:43.605Z
Method: GET
Route: /plumbers?sortBy=null
Status: 304
Response time: 9.743ms 

Date: 2024-04-24T07:34:17.049Z
Method: GET
Route: /plumbers/6628b3d1720f6c4596608036
Status: 304
Response time: 3.670ms 

Date: 2024-04-24T07:34:24.475Z
Method: PUT
Route: /plumbers/6628b3d1720f6c4596608036
Status: 200
Response time: 6.524ms 

Date: 2024-04-24T07:34:24.566Z
Method: GET
Route: /plumbers?sortBy=null
Status: 304
Response time: 7.191ms 

Date: 2024-04-24T07:36:11.668Z
Method: GET
Route: /plumbers/6628b3d1720f6c4596608036
Status: 200
Response time: 3.775ms 

Date: 2024-04-24T07:36:51.067Z
Method: GET
Route: /plumbers/6628b3d1720f6c4596608036
Status: 304
Response time: 4.113ms 

Date: 2024-04-24T07:36:51.068Z
Method: GET
Route: /onlyAdmin/me
Status: 200
Response time: 5.620ms 

Date: 2024-04-24T07:37:45.678Z
Method: GET
Route: /plumbers/6628b3d1720f6c4596608036
Status: 304
Response time: 4.069ms 

Date: 2024-04-24T07:38:04.556Z
Method: GET
Route: /plumbers/6628b3d1720f6c4596608036
Status: 304
Response time: 2.357ms 

Date: 2024-04-24T07:38:07.684Z
Method: GET
Route: /plumbers/6628b3d1720f6c4596608036
Status: 304
Response time: 23.575ms 

Date: 2024-04-24T07:38:07.706Z
Method: GET
Route: /onlyAdmin/me
Status: 200
Response time: 16.227ms 

Date: 2024-04-24T07:38:11.290Z
Method: PUT
Route: /plumbers/6628b3d1720f6c4596608036
Status: 200
Response time: 6.747ms 

Date: 2024-04-24T07:38:11.405Z
Method: GET
Route: /plumbers?sortBy=null
Status: 200
Response time: 8.810ms 

Date: 2024-04-24T07:38:29.698Z
Method: GET
Route: /plumbers/6628b3d1720f6c4596608036
Status: 200
Response time: 4.282ms 

Date: 2024-04-24T07:38:29.700Z
Method: GET
Route: /plumbers/6628b3d1720f6c4596608036/opinions
Status: 304
Response time: 5.317ms 

Date: 2024-04-24T07:38:32.057Z
Method: GET
Route: /plumbers?sortBy=null
Status: 304
Response time: 5.437ms 

Date: 2024-04-24T07:38:33.518Z
Method: GET
Route: /plumbers/6628b3d1720f6c4596608036
Status: 304
Response time: 4.438ms 

Date: 2024-04-24T07:38:37.363Z
Method: PUT
Route: /plumbers/6628b3d1720f6c4596608036
Status: 200
Response time: 5.771ms 

Date: 2024-04-24T07:38:37.444Z
Method: GET
Route: /plumbers?sortBy=null
Status: 200
Response time: 6.165ms 

Date: 2024-04-24T07:38:39.224Z
Method: GET
Route: /plumbers/6628b3d1720f6c4596608036
Status: 200
Response time: 5.349ms 

Date: 2024-04-24T07:38:39.227Z
Method: GET
Route: /plumbers/6628b3d1720f6c4596608036/opinions
Status: 304
Response time: 7.192ms 

Date: 2024-04-24T07:39:02.194Z
Method: GET
Route: /plumbers/6628b3d1720f6c4596608036
Status: 304
Response time: 6.110ms 

Date: 2024-04-24T07:39:02.196Z
Method: GET
Route: /plumbers/6628b3d1720f6c4596608036/opinions
Status: 304
Response time: 6.109ms 

Date: 2024-04-24T07:39:02.203Z
Method: GET
Route: /onlyAdmin/me
Status: 200
Response time: 6.047ms 

Date: 2024-04-24T07:39:16.502Z
Method: GET
Route: /onlyAdmin/me
Status: 200
Response time: 5.942ms 

Date: 2024-04-24T07:39:18.725Z
Method: GET
Route: /plumbers?sortBy=null
Status: 304
Response time: 5.372ms 

Date: 2024-04-24T07:39:36.068Z
Method: GET
Route: /plumbers/6628b3d1720f6c4596608036
Status: 304
Response time: 4.779ms 

Date: 2024-04-24T07:39:36.069Z
Method: GET
Route: /plumbers/6628b3d1720f6c4596608036/opinions
Status: 304
Response time: 5.627ms 

Date: 2024-04-24T07:39:37.579Z
Method: GET
Route: /plumbers?sortBy=null
Status: 304
Response time: 4.820ms 

Date: 2024-04-24T07:39:39.309Z
Method: GET
Route: /plumbers/6628b3d1720f6c4596608036
Status: 304
Response time: 3.707ms 

Date: 2024-04-24T07:39:41.871Z
Method: PUT
Route: /plumbers/6628b3d1720f6c4596608036
Status: 200
Response time: 6.289ms 

Date: 2024-04-24T07:39:41.954Z
Method: GET
Route: /plumbers?sortBy=null
Status: 200
Response time: 7.647ms 

Date: 2024-04-24T07:41:22.108Z
Method: GET
Route: /onlyAdmin/me
Status: 200
Response time: 4.041ms 

Date: 2024-04-24T07:42:25.715Z
Method: POST
Route: /plumbers
Status: 201
Response time: 7.419ms 

Date: 2024-04-24T07:42:28.397Z
Method: GET
Route: /plumbers?sortBy=null
Status: 200
Response time: 11.072ms 

Date: 2024-04-24T07:42:31.549Z
Method: GET
Route: /plumbers/6628b7e1720f6c45966080e3
Status: 200
Response time: 4.505ms 

Date: 2024-04-24T07:42:34.028Z
Method: PUT
Route: /plumbers/6628b7e1720f6c45966080e3
Status: 200
Response time: 7.175ms 

Date: 2024-04-24T07:42:34.112Z
Method: GET
Route: /plumbers?sortBy=null
Status: 200
Response time: 8.998ms 

Date: 2024-04-24T07:44:43.802Z
Method: GET
Route: /plumbers?sortBy=null
Status: 304
Response time: 8.174ms 

Date: 2024-04-24T07:44:46.629Z
Method: GET
Route: /plumbers/6628b3d1720f6c4596608036
Status: 200
Response time: 3.714ms 

Date: 2024-04-24T07:50:18.543Z
Method: GET
Route: /plumbers/6628b3d1720f6c4596608036
Status: 304
Response time: 2.436ms 

Date: 2024-04-24T07:50:22.412Z
Method: GET
Route: /plumbers?sortBy=null
Status: 304
Response time: 7.894ms 

Date: 2024-04-24T07:50:25.622Z
Method: GET
Route: /plumbers?sortBy=null
Status: 304
Response time: 7.418ms 

Date: 2024-04-24T07:50:25.690Z
Method: GET
Route: /onlyAdmin/me
Status: 200
Response time: 7.017ms 

Date: 2024-04-24T07:50:29.141Z
Method: GET
Route: /plumbers/6628b3d1720f6c4596608036
Status: 304
Response time: 3.687ms 

Date: 2024-04-24T07:51:54.558Z
Method: GET
Route: /plumbers/6628b3d1720f6c4596608036
Status: 304
Response time: 4.224ms 

Date: 2024-04-24T07:52:31.545Z
Method: GET
Route: /plumbers/6628b3d1720f6c4596608036
Status: 304
Response time: 3.550ms 

Date: 2024-04-24T07:52:37.504Z
Method: GET
Route: /plumbers/6628b3d1720f6c4596608036
Status: 304
Response time: 5.871ms 

Date: 2024-04-24T07:52:37.506Z
Method: GET
Route: /onlyAdmin/me
Status: 200
Response time: 7.335ms 

Date: 2024-04-24T07:54:11.536Z
Method: GET
Route: /plumbers/6628b3d1720f6c4596608036
Status: 304
Response time: 3.798ms 

Date: 2024-04-24T07:54:22.320Z
Method: GET
Route: /plumbers/6628b3d1720f6c4596608036
Status: 304
Response time: 6.124ms 

Date: 2024-04-24T07:54:22.322Z
Method: GET
Route: /onlyAdmin/me
Status: 200
Response time: 7.310ms 

Date: 2024-04-24T07:56:22.544Z
Method: GET
Route: /plumbers/6628b3d1720f6c4596608036
Status: 304
Response time: 2.729ms 

Date: 2024-04-24T07:56:26.495Z
Method: GET
Route: /plumbers/6628b3d1720f6c4596608036
Status: 304
Response time: 4.077ms 

Date: 2024-04-24T07:56:26.500Z
Method: GET
Route: /onlyAdmin/me
Status: 200
Response time: 4.177ms 

Date: 2024-04-24T07:56:31.884Z
Method: PUT
Route: /plumbers/6628b3d1720f6c4596608036
Status: 200
Response time: 6.893ms 

Date: 2024-04-24T07:56:31.982Z
Method: GET
Route: /plumbers?sortBy=null
Status: 200
Response time: 8.017ms 

Date: 2024-04-24T07:56:34.724Z
Method: GET
Route: /plumbers/6628b3d1720f6c4596608036
Status: 200
Response time: 6.060ms 

Date: 2024-04-24T07:56:34.726Z
Method: GET
Route: /plumbers/6628b3d1720f6c4596608036/opinions
Status: 304
Response time: 7.246ms 

Date: 2024-04-24T07:56:36.878Z
Method: GET
Route: /plumbers?sortBy=null
Status: 304
Response time: 8.141ms 

Date: 2024-04-24T07:56:39.593Z
Method: GET
Route: /plumbers/6628b3d1720f6c4596608036
Status: 304
Response time: 3.954ms 

Date: 2024-04-24T07:57:12.544Z
Method: GET
Route: /plumbers/6628b3d1720f6c4596608036
Status: 304
Response time: 3.141ms 

Date: 2024-04-24T07:57:53.345Z
Method: GET
Route: /plumbers/6628b3d1720f6c4596608036
Status: 304
Response time: 5.157ms 

Date: 2024-04-24T07:57:53.346Z
Method: GET
Route: /onlyAdmin/me
Status: 200
Response time: 5.967ms 

Date: 2024-04-24T07:58:03.436Z
Method: PUT
Route: /plumbers/6628b3d1720f6c4596608036
Status: 200
Response time: 6.261ms 

Date: 2024-04-24T07:58:03.549Z
Method: GET
Route: /plumbers?sortBy=null
Status: 304
Response time: 7.267ms 

Date: 2024-04-24T07:58:28.698Z
Method: GET
Route: /plumbers/6628b3d1720f6c4596608036
Status: 200
Response time: 5.606ms 

Date: 2024-04-24T07:58:28.700Z
Method: GET
Route: /plumbers/6628b3d1720f6c4596608036/opinions
Status: 304
Response time: 6.381ms 

Date: 2024-04-24T07:58:33.557Z
Method: GET
Route: /plumbers/6628b3d1720f6c4596608036
Status: 304
Response time: 5.832ms 

Date: 2024-04-24T07:58:33.559Z
Method: GET
Route: /plumbers/6628b3d1720f6c4596608036/opinions
Status: 304
Response time: 6.336ms 

Date: 2024-04-24T07:58:33.569Z
Method: GET
Route: /onlyAdmin/me
Status: 200
Response time: 6.638ms 

Date: 2024-04-24T07:58:36.295Z
Method: GET
Route: /onlyAdmin/me
Status: 200
Response time: 5.176ms 

Date: 2024-04-24T07:58:38.256Z
Method: GET
Route: /plumbers?sortBy=null
Status: 304
Response time: 8.113ms 

Date: 2024-04-24T07:58:41.893Z
Method: GET
Route: /plumbers/6628b3d1720f6c4596608036
Status: 304
Response time: 3.646ms 

Date: 2024-04-24T07:59:03.567Z
Method: GET
Route: /plumbers/6628b3d1720f6c4596608036
Status: 304
Response time: 4.936ms 

Date: 2024-04-24T08:01:32.245Z
Method: GET
Route: /plumbers?sortBy=null
Status: 304
Response time: 9.484ms 

Date: 2024-04-24T08:01:34.419Z
Method: GET
Route: /plumbers/6628b3d1720f6c4596608036
Status: 304
Response time: 3.357ms 

Date: 2024-04-24T08:07:30.748Z
Method: GET
Route: /plumbers/6628b3d1720f6c4596608036
Status: 304
Response time: 3.972ms 

Date: 2024-04-24T08:08:36.563Z
Method: GET
Route: /plumbers/6628b3d1720f6c4596608036
Status: 304
Response time: 2.351ms 

Date: 2024-04-24T08:09:07.561Z
Method: GET
Route: /plumbers/6628b3d1720f6c4596608036
Status: 304
Response time: 2.088ms 

Date: 2024-04-24T08:09:55.509Z
Method: PUT
Route: /plumbers/6628b3d1720f6c4596608036
Status: 401
Response time: 2.397ms 

Date: 2024-04-24T08:09:55.623Z
Method: GET
Route: /plumbers?sortBy=null
Status: 304
Response time: 9.037ms 

Date: 2024-04-24T08:10:05.224Z
Method: GET
Route: /plumbers/6628b3d1720f6c4596608036
Status: 200
Response time: 4.395ms 

Date: 2024-04-24T08:10:05.226Z
Method: GET
Route: /plumbers/6628b3d1720f6c4596608036/opinions
Status: 304
Response time: 5.977ms 

Date: 2024-04-24T08:10:07.862Z
Method: GET
Route: /plumbers/6628b3d1720f6c4596608036
Status: 304
Response time: 6.410ms 

Date: 2024-04-24T08:10:07.864Z
Method: GET
Route: /plumbers/6628b3d1720f6c4596608036/opinions
Status: 304
Response time: 7.516ms 

Date: 2024-04-24T08:10:07.868Z
Method: GET
Route: /onlyAdmin/me
Status: 401
Response time: 2.755ms 

Date: 2024-04-24T08:10:08.363Z
Method: GET
Route: /plumbers?sortBy=null
Status: 304
Response time: 16.726ms 

Date: 2024-04-24T08:10:17.374Z
Method: POST
Route: /onlyAdmin/login
Status: 200
Response time: 176.146ms 

Date: 2024-04-24T08:10:17.390Z
Method: GET
Route: /onlyAdmin/me
Status: 200
Response time: 5.906ms 

Date: 2024-04-24T08:10:21.240Z
Method: GET
Route: /plumbers?sortBy=null
Status: 304
Response time: 9.549ms 

Date: 2024-04-24T08:10:22.674Z
Method: GET
Route: /plumbers/6628b3d1720f6c4596608036
Status: 304
Response time: 3.447ms 

Date: 2024-04-24T08:10:25.677Z
Method: PUT
Route: /plumbers/6628b3d1720f6c4596608036
Status: 200
Response time: 7.375ms 

Date: 2024-04-24T08:10:25.769Z
Method: GET
Route: /plumbers?sortBy=null
Status: 200
Response time: 7.469ms 

Date: 2024-04-24T08:10:31.563Z
Method: GET
Route: /plumbers/6628b3d1720f6c4596608036
Status: 200
Response time: 6.175ms 

Date: 2024-04-24T08:10:31.565Z
Method: GET
Route: /plumbers/6628b3d1720f6c4596608036/opinions
Status: 304
Response time: 7.327ms 

Date: 2024-04-24T08:10:36.137Z
Method: GET
Route: /plumbers?sortBy=null
Status: 304
Response time: 7.550ms 

Date: 2024-04-24T08:10:37.945Z
Method: GET
Route: /plumbers/6628b3d1720f6c4596608036
Status: 304
Response time: 4.519ms 

Date: 2024-04-24T08:11:55.641Z
Method: GET
Route: /plumbers/6628b3d1720f6c4596608036
Status: 304
Response time: 2.607ms 

Date: 2024-04-24T08:11:59.770Z
Method: GET
Route: /plumbers/6628b3d1720f6c4596608036
Status: 304
Response time: 3.542ms 

Date: 2024-04-24T08:11:59.779Z
Method: GET
Route: /onlyAdmin/me
Status: 200
Response time: 5.248ms 

Date: 2024-04-24T08:13:44.575Z
Method: GET
Route: /plumbers/6628b3d1720f6c4596608036
Status: 304
Response time: 4.656ms 

Date: 2024-04-24T08:13:50.677Z
Method: GET
Route: /plumbers/6628b3d1720f6c4596608036
Status: 304
Response time: 6.363ms 

Date: 2024-04-24T08:13:50.679Z
Method: GET
Route: /onlyAdmin/me
Status: 200
Response time: 7.133ms 

Date: 2024-04-24T08:13:55.904Z
Method: PUT
Route: /plumbers/6628b3d1720f6c4596608036
Status: 400
Response time: 2.622ms 

Date: 2024-04-24T08:13:56.030Z
Method: GET
Route: /plumbers?sortBy=null
Status: 304
Response time: 7.830ms 

Date: 2024-04-24T08:21:03.365Z
Method: GET
Route: /plumbers/6628b3d1720f6c4596608036
Status: 304
Response time: 3.859ms 

Date: 2024-04-24T08:21:05.405Z
Method: PUT
Route: /plumbers/6628b3d1720f6c4596608036
Status: 200
Response time: 7.354ms 

Date: 2024-04-24T08:21:05.772Z
Method: GET
Route: /plumbers?sortBy=null
Status: 200
Response time: 9.525ms 

Date: 2024-04-24T08:22:27.594Z
Method: GET
Route: /plumbers/6628b7e1720f6c45966080e3
Status: 200
Response time: 4.710ms 

Date: 2024-04-24T08:22:27.596Z
Method: GET
Route: /plumbers/6628b7e1720f6c45966080e3/opinions
Status: 200
Response time: 6.175ms 

Date: 2024-04-24T08:22:37.851Z
Method: GET
Route: /plumbers?sortBy=null
Status: 304
Response time: 10.040ms 

Date: 2024-04-24T08:22:42.298Z
Method: GET
Route: /plumbers/6628b7e1720f6c45966080e3
Status: 304
Response time: 3.221ms 

Date: 2024-04-24T08:22:48.661Z
Method: PUT
Route: /plumbers/6628b7e1720f6c45966080e3
Status: 200
Response time: 7.187ms 

Date: 2024-04-24T08:22:48.761Z
Method: GET
Route: /plumbers?sortBy=null
Status: 200
Response time: 12.457ms 

Date: 2024-04-24T08:22:54.457Z
Method: GET
Route: /plumbers/6628b7e1720f6c45966080e3
Status: 200
Response time: 4.044ms 

Date: 2024-04-24T08:22:57.242Z
Method: PUT
Route: /plumbers/6628b7e1720f6c45966080e3
Status: 400
Response time: 3.114ms 

Date: 2024-04-24T08:22:57.345Z
Method: GET
Route: /plumbers?sortBy=null
Status: 304
Response time: 7.619ms 

Date: 2024-04-24T08:24:30.206Z
Method: GET
Route: /onlyAdmin/me
Status: 200
Response time: 5.709ms 

Date: 2024-04-24T08:24:31.844Z
Method: GET
Route: /onlyAdmin/me
Status: 200
Response time: 5.897ms 

Date: 2024-04-24T08:24:33.856Z
Method: GET
Route: /onlyAdmin/me
Status: 200
Response time: 5.914ms 

Date: 2024-04-24T08:24:35.565Z
Method: GET
Route: /onlyAdmin/me
Status: 200
Response time: 5.146ms 

Date: 2024-04-24T08:25:21.500Z
Method: GET
Route: /plumbers?sortBy=null
Status: 304
Response time: 9.118ms 

Date: 2024-04-24T08:27:38.798Z
Method: GET
Route: /plumbers/6628b3d1720f6c4596608036
Status: 200
Response time: 6.341ms 

Date: 2024-04-24T08:27:41.078Z
Method: PUT
Route: /plumbers/6628b3d1720f6c4596608036
Status: 200
Response time: 5.779ms 

Date: 2024-04-24T08:27:41.184Z
Method: GET
Route: /plumbers?sortBy=null
Status: 200
Response time: 7.891ms 

Date: 2024-04-24T08:28:55.736Z
Method: GET
Route: /plumbers/6628b7e1720f6c45966080e3
Status: 304
Response time: 3.560ms 

Date: 2024-04-24T08:28:59.429Z
Method: PUT
Route: /plumbers/6628b7e1720f6c45966080e3
Status: 200
Response time: 6.797ms 

Date: 2024-04-24T08:28:59.522Z
Method: GET
Route: /plumbers?sortBy=null
Status: 304
Response time: 9.807ms 

Date: 2024-04-24T08:29:06.623Z
Method: GET
Route: /plumbers/6628b7e1720f6c45966080e3
Status: 200
Response time: 6.375ms 

Date: 2024-04-24T08:29:06.625Z
Method: GET
Route: /plumbers/6628b7e1720f6c45966080e3/opinions
Status: 304
Response time: 7.592ms 

Date: 2024-04-24T08:29:08.347Z
Method: GET
Route: /plumbers?sortBy=null
Status: 304
Response time: 8.633ms 

Date: 2024-04-24T08:30:18.107Z
Method: GET
Route: /plumbers/6628b7e1720f6c45966080e3
Status: 304
Response time: 4.637ms 

Date: 2024-04-24T08:30:29.796Z
Method: PUT
Route: /plumbers/6628b7e1720f6c45966080e3
Status: 200
Response time: 7.377ms 

Date: 2024-04-24T08:30:29.878Z
Method: GET
Route: /plumbers?sortBy=null
Status: 304
Response time: 6.071ms 

Date: 2024-04-24T08:31:01.920Z
Method: GET
Route: /plumbers/6628b7e1720f6c45966080e3
Status: 200
Response time: 4.580ms 

Date: 2024-04-24T08:31:08.693Z
Method: PUT
Route: /plumbers/6628b7e1720f6c45966080e3
Status: 200
Response time: 7.500ms 

Date: 2024-04-24T08:31:08.800Z
Method: GET
Route: /plumbers?sortBy=null
Status: 200
Response time: 10.186ms 

Date: 2024-04-24T08:31:11.266Z
Method: GET
Route: /plumbers/6628b7e1720f6c45966080e3
Status: 200
Response time: 4.857ms 

Date: 2024-04-24T08:31:15.513Z
Method: PUT
Route: /plumbers/6628b7e1720f6c45966080e3
Status: 200
Response time: 6.414ms 

Date: 2024-04-24T08:31:15.615Z
Method: GET
Route: /plumbers?sortBy=null
Status: 304
Response time: 7.354ms 

Date: 2024-04-24T08:33:42.817Z
Method: GET
Route: /plumbers/6628b3d1720f6c4596608036
Status: 200
Response time: 4.244ms 

Date: 2024-04-24T08:33:50.289Z
Method: PUT
Route: /plumbers/6628b3d1720f6c4596608036
Status: 200
Response time: 6.895ms 

Date: 2024-04-24T08:33:50.395Z
Method: GET
Route: /plumbers?sortBy=null
Status: 304
Response time: 7.504ms 

Date: 2024-04-24T08:33:57.618Z
Method: GET
Route: /plumbers/6628b7e1720f6c45966080e3
Status: 200
Response time: 4.332ms 

Date: 2024-04-24T08:34:01.139Z
Method: PUT
Route: /plumbers/6628b7e1720f6c45966080e3
Status: 200
Response time: 6.224ms 

Date: 2024-04-24T08:34:01.317Z
Method: GET
Route: /plumbers?sortBy=null
Status: 304
Response time: 9.620ms 

Date: 2024-04-24T08:34:15.721Z
Method: GET
Route: /plumbers?sortBy=null
Status: 304
Response time: 10.745ms 

Date: 2024-04-24T08:34:15.723Z
Method: GET
Route: /onlyAdmin/me
Status: 200
Response time: 11.938ms 

Date: 2024-04-24T08:34:19.961Z
Method: GET
Route: /plumbers/6628b7e1720f6c45966080e3
Status: 200
Response time: 3.627ms 

Date: 2024-04-24T08:34:23.604Z
Method: PUT
Route: /plumbers/6628b7e1720f6c45966080e3
Status: 200
Response time: 6.139ms 

Date: 2024-04-24T08:34:23.708Z
Method: GET
Route: /plumbers?sortBy=null
Status: 304
Response time: 9.183ms 

Date: 2024-04-24T08:35:08.202Z
Method: GET
Route: /plumbers/6628b7e1720f6c45966080e3
Status: 200
Response time: 3.232ms 

Date: 2024-04-24T08:35:18.051Z
Method: PUT
Route: /plumbers/6628b7e1720f6c45966080e3
Status: 400
Response time: 4.848ms 

Date: 2024-04-24T08:35:18.170Z
Method: GET
Route: /plumbers?sortBy=null
Status: 304
Response time: 8.207ms 

Date: 2024-04-24T08:40:19.347Z
Method: GET
Route: /plumbers/6628b7e1720f6c45966080e3
Status: 304
Response time: 4.282ms 

Date: 2024-04-24T08:40:25.384Z
Method: PUT
Route: /plumbers/6628b7e1720f6c45966080e3
Status: 400
Response time: 2.678ms 

Date: 2024-04-24T08:40:25.514Z
Method: GET
Route: /plumbers?sortBy=null
Status: 304
Response time: 9.467ms 

Date: 2024-04-24T08:42:55.637Z
Method: GET
Route: /plumbers/6628b7e1720f6c45966080e3
Status: 304
Response time: 2.773ms 

Date: 2024-04-24T08:42:59.105Z
Method: PUT
Route: /plumbers/6628b7e1720f6c45966080e3
Status: 400
Response time: 2.735ms 

Date: 2024-04-24T08:42:59.315Z
Method: GET
Route: /plumbers?sortBy=null
Status: 304
Response time: 7.961ms 

Date: 2024-04-24T08:44:38.814Z
Method: GET
Route: /plumbers/6628b7e1720f6c45966080e3
Status: 304
Response time: 4.559ms 

Date: 2024-04-24T08:45:04.288Z
Method: GET
Route: /plumbers/6628b7e1720f6c45966080e3
Status: 304
Response time: 5.180ms 

Date: 2024-04-24T08:46:19.556Z
Method: GET
Route: /plumbers/6628b7e1720f6c45966080e3
Status: 304
Response time: 3.456ms 

Date: 2024-04-24T08:49:38.067Z
Method: GET
Route: /plumbers/6628b7e1720f6c45966080e3
Status: 304
Response time: 4.601ms 

Date: 2024-04-24T08:49:38.083Z
Method: GET
Route: /onlyAdmin/me
Status: 200
Response time: 19.221ms 

Date: 2024-04-24T08:52:03.572Z
Method: GET
Route: /plumbers/6628b7e1720f6c45966080e3
Status: 304
Response time: 4.222ms 

Date: 2024-04-24T08:52:13.908Z
Method: GET
Route: /plumbers/6628b7e1720f6c45966080e3
Status: 304
Response time: 7.899ms 

Date: 2024-04-24T08:52:13.910Z
Method: GET
Route: /onlyAdmin/me
Status: 200
Response time: 9.269ms 

Date: 2024-04-24T08:52:16.501Z
Method: PUT
Route: /plumbers/6628b7e1720f6c45966080e3
Status: 200
Response time: 5.858ms 

Date: 2024-04-24T08:52:16.648Z
Method: GET
Route: /plumbers?sortBy=null
Status: 200
Response time: 9.335ms 

Date: 2024-04-24T08:52:24.762Z
Method: GET
Route: /plumbers/6628b7e1720f6c45966080e3
Status: 200
Response time: 4.013ms 

Date: 2024-04-24T08:52:27.654Z
Method: PUT
Route: /plumbers/6628b7e1720f6c45966080e3
Status: 200
Response time: 6.888ms 

Date: 2024-04-24T08:52:27.756Z
Method: GET
Route: /plumbers?sortBy=null
Status: 200
Response time: 7.292ms 

Date: 2024-04-24T08:54:37.517Z
Method: GET
Route: /onlyAdmin/me
Status: 200
Response time: 5.514ms 

Date: 2024-04-24T08:55:15.026Z
Method: POST
Route: /plumbers
Status: 201
Response time: 12.175ms 

Date: 2024-04-24T08:55:17.219Z
Method: GET
Route: /plumbers?sortBy=null
Status: 200
Response time: 10.234ms 

Date: 2024-04-24T08:55:22.225Z
Method: GET
Route: /plumbers/6628c8f3720f6c45966082c5
Status: 200
Response time: 4.901ms 

Date: 2024-04-24T08:55:22.227Z
Method: GET
Route: /plumbers/6628c8f3720f6c45966082c5/opinions
Status: 200
Response time: 6.162ms 

Date: 2024-04-24T08:55:24.104Z
Method: GET
Route: /plumbers?sortBy=null
Status: 304
Response time: 9.273ms 

Date: 2024-04-24T08:55:26.114Z
Method: GET
Route: /plumbers/6628c8f3720f6c45966082c5
Status: 304
Response time: 3.590ms 

Date: 2024-04-24T08:55:28.478Z
Method: PUT
Route: /plumbers/6628c8f3720f6c45966082c5
Status: 200
Response time: 6.832ms 

Date: 2024-04-24T08:55:28.590Z
Method: GET
Route: /plumbers?sortBy=null
Status: 200
Response time: 8.950ms 

Date: 2024-04-24T09:49:39.161Z
Method: GET
Route: /onlyAdmin/me
Status: 401
Response time: 5.245ms 

Date: 2024-04-24T09:49:39.167Z
Method: GET
Route: /plumbers?sortBy=null
Status: 304
Response time: 11.428ms 

Date: 2024-04-24T09:49:46.696Z
Method: POST
Route: /onlyAdmin/login
Status: 200
Response time: 91.592ms 

Date: 2024-04-24T09:49:46.709Z
Method: GET
Route: /onlyAdmin/me
Status: 200
Response time: 4.006ms 

Date: 2024-04-24T09:50:22.637Z
Method: POST
Route: /plumbers
Status: 201
Response time: 6.089ms 

Date: 2024-04-24T09:50:24.355Z
Method: GET
Route: /plumbers?sortBy=null
Status: 200
Response time: 6.182ms 

Date: 2024-04-24T09:50:27.793Z
Method: GET
Route: /plumbers/6628d5de720f6c45966082fa
Status: 200
Response time: 4.488ms 

Date: 2024-04-24T09:50:27.794Z
Method: GET
Route: /plumbers/6628d5de720f6c45966082fa/opinions
Status: 200
Response time: 5.313ms 

Date: 2024-04-24T09:52:05.311Z
Method: GET
Route: /plumbers?sortBy=null
Status: 304
Response time: 6.018ms 

Date: 2024-04-24T09:52:39.499Z
Method: POST
Route: /plumbers
Status: 201
Response time: 5.202ms 

Date: 2024-04-24T09:52:41.993Z
Method: GET
Route: /plumbers?sortBy=null
Status: 200
Response time: 7.374ms 

Date: 2024-04-24T09:55:16.747Z
Method: GET
Route: /plumbers?sortBy=null
Status: 200
Response time: 8.369ms 

Date: 2024-04-24T09:55:16.748Z
Method: GET
Route: /onlyAdmin/me
Status: 200
Response time: 9.329ms 

Date: 2024-04-24T09:56:28.768Z
Method: GET
Route: /onlyAdmin/me
Status: 200
Response time: 4.628ms 

Date: 2024-04-24T09:56:28.772Z
Method: GET
Route: /plumbers?sortBy=null
Status: 304
Response time: 7.685ms 

Date: 2024-04-24T09:58:32.771Z
Method: POST
Route: /plumbers
Status: 201
Response time: 4.282ms 

Date: 2024-04-24T10:09:30.957Z
Method: POST
Route: /plumbers
Status: 201
Response time: 6.274ms 

Date: 2024-04-24T10:09:38.487Z
Method: GET
Route: /plumbers?sortBy=null
Status: 200
Response time: 7.481ms 

Date: 2024-04-24T10:12:06.183Z
Method: GET
Route: /onlyAdmin/me
Status: 200
Response time: 4.528ms 

Date: 2024-04-24T10:14:41.852Z
Method: POST
Route: /plumbers
Status: 201
Response time: 5.562ms 

Date: 2024-04-24T10:16:02.772Z
Method: POST
Route: /plumbers
Status: 201
Response time: 5.386ms 

Date: 2024-04-24T10:19:37.590Z
Method: POST
Route: /plumbers
Status: 201
Response time: 5.236ms 

Date: 2024-04-24T10:21:46.204Z
Method: GET
Route: /plumbers
Status: 200
Response time: 6.641ms 

Date: 2024-04-24T10:22:07.275Z
Method: POST
Route: /plumbers
Status: 201
Response time: 4.321ms 

Date: 2024-04-24T10:22:13.675Z
Method: GET
Route: /plumbers?sortBy=null
Status: 200
Response time: 5.484ms 

Date: 2024-04-24T10:26:03.107Z
Method: GET
Route: /plumbers/6628dd4f720f6c459660836b
Status: 200
Response time: 2.503ms 

Date: 2024-04-24T10:26:11.997Z
Method: PUT
Route: /plumbers/6628dd4f720f6c459660836b
Status: 200
Response time: 6.095ms 

Date: 2024-04-24T10:26:12.088Z
Method: GET
Route: /plumbers?sortBy=null
Status: 200
Response time: 5.736ms 

Date: 2024-04-24T10:27:26.916Z
Method: GET
Route: /plumbers/6628dd4f720f6c459660836b
Status: 200
Response time: 2.485ms 

Date: 2024-04-24T10:27:29.792Z
Method: PUT
Route: /plumbers/6628dd4f720f6c459660836b
Status: 200
Response time: 4.820ms 

Date: 2024-04-24T10:27:29.869Z
Method: GET
Route: /plumbers?sortBy=null
Status: 200
Response time: 6.878ms 

Date: 2024-04-24T10:29:22.486Z
Method: POST
Route: /onlyAdmin/login
Status: 200
Response time: 82.968ms 

Date: 2024-04-24T10:29:57.691Z
Method: POST
Route: /plumbers/
Status: 403
Response time: 4.068ms 

Date: 2024-04-24T10:30:22.327Z
Method: POST
Route: /plumbers/
Status: 201
Response time: 5.571ms 

Date: 2024-04-24T10:30:31.514Z
Method: GET
Route: /plumbers?sortBy=null
Status: 200
Response time: 9.992ms 

Date: 2024-04-24T10:30:31.515Z
Method: GET
Route: /onlyAdmin/me
Status: 200
Response time: 11.289ms 

Date: 2024-04-24T10:30:40.052Z
Method: GET
Route: /plumbers/6628df3e720f6c4596608394
Status: 200
Response time: 4.011ms 

Date: 2024-04-24T10:30:40.055Z
Method: GET
Route: /plumbers/6628df3e720f6c4596608394/opinions
Status: 200
Response time: 6.582ms 

Date: 2024-04-24T10:30:43.807Z
Method: GET
Route: /plumbers?sortBy=null
Status: 304
Response time: 5.192ms 

Date: 2024-04-24T10:35:14.947Z
Method: GET
Route: /onlyAdmin/me
Status: 200
Response time: 5.557ms 

Date: 2024-04-24T10:37:07.623Z
Method: GET
Route: /onlyAdmin/me
Status: 200
Response time: 4.654ms 

Date: 2024-04-24T10:43:07.932Z
Method: GET
Route: /onlyAdmin/me
Status: 200
Response time: 3.893ms 

Date: 2024-04-24T10:51:06.858Z
Method: GET
Route: /plumbers?sortBy=null
Status: 304
Response time: 6.150ms 

Date: 2024-04-24T10:51:09.223Z
Method: GET
Route: /plumbers/6628df3e720f6c4596608394
Status: 304
Response time: 2.703ms 

Date: 2024-04-24T10:51:12.301Z
Method: PUT
Route: /plumbers/6628df3e720f6c4596608394
Status: 401
Response time: 1.245ms 

Date: 2024-04-24T10:51:12.414Z
Method: GET
Route: /plumbers?sortBy=null
Status: 304
Response time: 7.297ms 

Date: 2024-04-24T10:51:17.673Z
Method: GET
Route: /plumbers/6628df3e720f6c4596608394
Status: 200
Response time: 3.542ms 

Date: 2024-04-24T10:51:17.674Z
Method: GET
Route: /plumbers/6628df3e720f6c4596608394/opinions
Status: 304
Response time: 4.240ms 

Date: 2024-04-24T10:51:38.289Z
Method: GET
Route: /plumbers?sortBy=null
Status: 304
Response time: 7.220ms 

Date: 2024-04-24T10:51:40.144Z
Method: GET
Route: /plumbers/6628df3e720f6c4596608394
Status: 304
Response time: 2.719ms 

Date: 2024-04-24T10:51:42.828Z
Method: PUT
Route: /plumbers/6628df3e720f6c4596608394
Status: 401
Response time: 1.828ms 

Date: 2024-04-24T10:51:42.903Z
Method: GET
Route: /plumbers?sortBy=null
Status: 304
Response time: 6.187ms 

Date: 2024-04-24T10:52:12.072Z
Method: GET
Route: /plumbers
Status: 200
Response time: 4.830ms 

Date: 2024-04-24T10:52:17.452Z
Method: POST
Route: /onlyAdmin/login
Status: 200
Response time: 75.683ms 

Date: 2024-04-24T10:52:17.468Z
Method: GET
Route: /onlyAdmin/me
Status: 200
Response time: 3.817ms 

Date: 2024-04-24T10:52:20.854Z
Method: GET
Route: /plumbers?sortBy=null
Status: 304
Response time: 6.371ms 

Date: 2024-04-24T10:52:22.524Z
Method: GET
Route: /plumbers/6628df3e720f6c4596608394
Status: 200
Response time: 2.524ms 

Date: 2024-04-24T10:52:25.377Z
Method: PUT
Route: /plumbers/6628df3e720f6c4596608394
Status: 200
Response time: 5.043ms 

Date: 2024-04-24T10:52:25.461Z
Method: GET
Route: /plumbers?sortBy=null
Status: 200
Response time: 3.722ms 

Date: 2024-04-24T10:52:47.242Z
Method: GET
Route: /onlyAdmin/me
Status: 200
Response time: 4.183ms 

Date: 2024-04-24T10:55:27.695Z
Method: GET
Route: /onlyAdmin/me
Status: 200
Response time: 4.239ms 

