Date: 2024-04-25T07:24:29.272Z
Method: GET
Route: /onlyAdmin/me
Status: 401
Response time: 15.180ms 

Date: 2024-04-25T07:24:37.806Z
Method: POST
Route: /onlyAdmin/login
Status: 200
Response time: 102.736ms 

Date: 2024-04-25T07:24:37.825Z
Method: GET
Route: /onlyAdmin/me
Status: 200
Response time: 9.685ms 

Date: 2024-04-25T07:30:14.073Z
Method: GET
Route: /onlyAdmin/me
Status: 200
Response time: 4.527ms 

Date: 2024-04-25T07:46:19.837Z
Method: GET
Route: /plumbers?sortBy=null
Status: 304
Response time: 11.214ms 

Date: 2024-04-25T07:46:41.713Z
Method: GET
Route: /plumbers/65df19c92bf51424e7ebee2e
Status: 200
Response time: 5.161ms 

Date: 2024-04-25T07:47:06.973Z
Method: GET
Route: /plumbers/65df19c92bf51424e7ebee2e
Status: 304
Response time: 3.684ms 

Date: 2024-04-25T07:47:14.887Z
Method: GET
Route: /plumbers?sortBy=null
Status: 304
Response time: 7.044ms 

Date: 2024-04-25T07:47:16.826Z
Method: GET
Route: /plumbers/6628df3e720f6c4596608394
Status: 200
Response time: 6.916ms 

Date: 2024-04-25T07:47:16.827Z
Method: GET
Route: /plumbers/6628df3e720f6c4596608394/opinions
Status: 304
Response time: 8.439ms 

Date: 2024-04-25T07:47:18.502Z
Method: GET
Route: /plumbers?sortBy=null
Status: 304
Response time: 6.967ms 

Date: 2024-04-25T07:47:20.687Z
Method: GET
Route: /plumbers/6628df3e720f6c4596608394
Status: 304
Response time: 3.993ms 

Date: 2024-04-25T07:47:22.820Z
Method: PUT
Route: /plumbers/6628df3e720f6c4596608394
Status: 200
Response time: 14.878ms 

Date: 2024-04-25T07:47:22.880Z
Method: GET
Route: /plumbers?sortBy=null
Status: 200
Response time: 5.978ms 

Date: 2024-04-25T07:47:35.746Z
Method: GET
Route: /plumbers/6628df3e720f6c4596608394
Status: 200
Response time: 5.345ms 

Date: 2024-04-25T07:47:35.747Z
Method: GET
Route: /plumbers/6628df3e720f6c4596608394/opinions
Status: 304
Response time: 5.961ms 

Date: 2024-04-25T07:47:38.156Z
Method: GET
Route: /plumbers?sortBy=null
Status: 304
Response time: 8.154ms 

Date: 2024-04-25T07:47:59.163Z
Method: GET
Route: /plumbers/6628df3e720f6c4596608394
Status: 304
Response time: 3.119ms 

Date: 2024-04-25T07:48:09.788Z
Method: GET
Route: /plumbers/6628df3e720f6c4596608394
Status: 304
Response time: 2.719ms 

Date: 2024-04-25T07:48:25.937Z
Method: GET
Route: /plumbers/6628df3e720f6c4596608394
Status: 304
Response time: 4.913ms 

Date: 2024-04-25T07:50:21.732Z
Method: GET
Route: /onlyAdmin/me
Status: 200
Response time: 5.495ms 

Date: 2024-04-25T07:52:37.754Z
Method: POST
Route: /plumbers
Status: 201
Response time: 12.457ms 

Date: 2024-04-25T07:52:40.388Z
Method: GET
Route: /plumbers?sortBy=null
Status: 200
Response time: 8.854ms 

Date: 2024-04-25T07:52:43.381Z
Method: GET
Route: /plumbers/662a0bc5f6b362194b470934
Status: 200
Response time: 4.096ms 

Date: 2024-04-25T07:52:43.383Z
Method: GET
Route: /plumbers/662a0bc5f6b362194b470934/opinions
Status: 200
Response time: 5.794ms 

Date: 2024-04-25T08:00:41.196Z
Method: GET
Route: /onlyAdmin/me
Status: 200
Response time: 3.839ms 

Date: 2024-04-25T08:06:20.917Z
Method: GET
Route: /onlyAdmin/me
Status: 200
Response time: 3.470ms 

Date: 2024-04-25T08:10:04.853Z
Method: GET
Route: /onlyAdmin/me
Status: 200
Response time: 4.887ms 

Date: 2024-04-25T08:14:04.465Z
Method: GET
Route: /onlyAdmin/me
Status: 200
Response time: 5.258ms 

Date: 2024-04-25T08:16:42.206Z
Method: GET
Route: /onlyAdmin/me
Status: 200
Response time: 7.061ms 

Date: 2024-04-25T08:19:43.557Z
Method: GET
Route: /plumbers/662a0bc5f6b362194b470934
Status: 404
Response time: 4.326ms 

Date: 2024-04-25T08:19:43.558Z
Method: GET
Route: /plumbers/662a0bc5f6b362194b470934/opinions
Status: 404
Response time: 5.202ms 

Date: 2024-04-25T08:19:55.015Z
Method: GET
Route: /onlyAdmin/me
Status: 200
Response time: 4.473ms 

Date: 2024-04-25T08:19:57.974Z
Method: GET
Route: /plumbers?sortBy=null
Status: 200
Response time: 5.750ms 

Date: 2024-04-25T08:20:10.768Z
Method: GET
Route: /plumbers/65df19c92bf51424e7ebee33
Status: 200
Response time: 2.773ms 

Date: 2024-04-25T08:20:23.970Z
Method: PUT
Route: /plumbers/65df19c92bf51424e7ebee33
Status: 200
Response time: 11.097ms 

Date: 2024-04-25T08:20:24.048Z
Method: GET
Route: /plumbers?sortBy=null
Status: 200
Response time: 8.108ms 

Date: 2024-04-25T08:20:32.288Z
Method: GET
Route: /plumbers/65df19c92bf51424e7ebee38
Status: 304
Response time: 3.620ms 

Date: 2024-04-25T08:20:37.177Z
Method: PUT
Route: /plumbers/65df19c92bf51424e7ebee38
Status: 200
Response time: 8.305ms 

Date: 2024-04-25T08:20:37.252Z
Method: GET
Route: /plumbers?sortBy=null
Status: 200
Response time: 7.368ms 

Date: 2024-04-25T08:20:41.018Z
Method: GET
Route: /plumbers/65df19c92bf51424e7ebee33
Status: 200
Response time: 2.805ms 

Date: 2024-04-25T08:20:48.717Z
Method: PUT
Route: /plumbers/65df19c92bf51424e7ebee33
Status: 200
Response time: 6.173ms 

Date: 2024-04-25T08:20:48.790Z
Method: GET
Route: /plumbers?sortBy=null
Status: 304
Response time: 6.977ms 

Date: 2024-04-25T08:20:50.210Z
Method: GET
Route: /plumbers/65df19c92bf51424e7ebee2e
Status: 304
Response time: 2.962ms 

Date: 2024-04-25T08:20:54.415Z
Method: PUT
Route: /plumbers/65df19c92bf51424e7ebee2e
Status: 200
Response time: 6.553ms 

Date: 2024-04-25T08:20:54.491Z
Method: GET
Route: /plumbers?sortBy=null
Status: 304
Response time: 7.020ms 

Date: 2024-04-25T08:21:04.199Z
Method: GET
Route: /plumbers/65f8a521fcfa6714c879b95c
Status: 200
Response time: 4.997ms 

Date: 2024-04-25T08:21:04.202Z
Method: GET
Route: /plumbers/65f8a521fcfa6714c879b95c/opinions
Status: 200
Response time: 6.958ms 

Date: 2024-04-25T08:21:06.490Z
Method: GET
Route: /plumbers?sortBy=null
Status: 304
Response time: 12.890ms 

Date: 2024-04-25T08:21:08.170Z
Method: GET
Route: /plumbers/65f8a521fcfa6714c879b95c
Status: 304
Response time: 4.197ms 

Date: 2024-04-25T08:21:11.770Z
Method: PUT
Route: /plumbers/65f8a521fcfa6714c879b95c
Status: 200
Response time: 10.387ms 

Date: 2024-04-25T08:21:11.833Z
Method: GET
Route: /plumbers?sortBy=null
Status: 200
Response time: 5.540ms 

Date: 2024-04-25T08:22:33.834Z
Method: GET
Route: /plumbers?sortBy=null
Status: 304
Response time: 5.362ms 

Date: 2024-04-25T08:22:49.245Z
Method: GET
Route: /plumbers?sortBy=null
Status: 304
Response time: 7.397ms 

Date: 2024-04-25T08:22:54.437Z
Method: GET
Route: /plumbers/65f8a521fcfa6714c879b95c
Status: 200
Response time: 4.730ms 

Date: 2024-04-25T08:22:54.440Z
Method: GET
Route: /plumbers/65f8a521fcfa6714c879b95c/opinions
Status: 304
Response time: 6.903ms 

Date: 2024-04-25T08:22:57.381Z
Method: GET
Route: /plumbers?sortBy=null
Status: 304
Response time: 5.236ms 

Date: 2024-04-25T08:23:00.578Z
Method: GET
Route: /plumbers/6622126128045172254cae98
Status: 200
Response time: 3.001ms 

Date: 2024-04-25T08:23:04.853Z
Method: PUT
Route: /plumbers/6622126128045172254cae98
Status: 200
Response time: 5.886ms 

Date: 2024-04-25T08:23:04.929Z
Method: GET
Route: /plumbers?sortBy=null
Status: 200
Response time: 5.965ms 

Date: 2024-04-25T08:24:11.025Z
Method: GET
Route: /plumbers/6622126128045172254cae98
Status: 200
Response time: 3.921ms 

Date: 2024-04-25T08:24:11.026Z
Method: GET
Route: /plumbers/6622126128045172254cae98/opinions
Status: 200
Response time: 4.689ms 

Date: 2024-04-25T08:24:14.599Z
Method: GET
Route: /plumbers?sortBy=null
Status: 304
Response time: 3.729ms 

Date: 2024-04-25T08:27:35.523Z
Method: GET
Route: /onlyAdmin/me
Status: 401
Response time: 1.674ms 

Date: 2024-04-25T08:27:43.827Z
Method: POST
Route: /onlyAdmin/login
Status: 200
Response time: 89.299ms 

Date: 2024-04-25T08:27:43.847Z
Method: GET
Route: /onlyAdmin/me
Status: 200
Response time: 7.902ms 

Date: 2024-04-25T08:27:53.608Z
Method: GET
Route: /onlyAdmin/me
Status: 200
Response time: 2.838ms 

Date: 2024-04-25T08:37:40.143Z
Method: GET
Route: /onlyAdmin/me
Status: 200
Response time: 3.519ms 

Date: 2024-04-25T08:37:46.378Z
Method: GET
Route: /plumbers?sortBy=null
Status: 304
Response time: 5.247ms 

Date: 2024-04-25T08:37:53.118Z
Method: GET
Route: /plumbers/6628df3e720f6c4596608394
Status: 304
Response time: 2.589ms 

Date: 2024-04-25T08:37:57.928Z
Method: PUT
Route: /plumbers/6628df3e720f6c4596608394
Status: 200
Response time: 8.068ms 

Date: 2024-04-25T08:37:58.007Z
Method: GET
Route: /plumbers?sortBy=null
Status: 200
Response time: 6.095ms 

Date: 2024-04-25T08:38:22.047Z
Method: DELETE
Route: /plumbers/[object%20Object]
Status: 500
Response time: 3.739ms 

Date: 2024-04-25T08:40:10.691Z
Method: GET
Route: /plumbers?sortBy=null
Status: 304
Response time: 5.715ms 

Date: 2024-04-25T08:40:10.779Z
Method: GET
Route: /plumbers?sortBy=null
Status: 304
Response time: 4.981ms 

Date: 2024-04-25T08:40:13.205Z
Method: DELETE
Route: /plumbers/[object%20Object]
Status: 500
Response time: 2.295ms 

Date: 2024-04-25T08:40:34.784Z
Method: GET
Route: /plumbers?sortBy=null
Status: 304
Response time: 3.398ms 

Date: 2024-04-25T08:48:20.734Z
Method: GET
Route: /plumbers?sortBy=null
Status: 304
Response time: 6.933ms 

Date: 2024-04-25T08:48:24.148Z
Method: GET
Route: /onlyAdmin/me
Status: 200
Response time: 5.287ms 

Date: 2024-04-25T08:48:24.153Z
Method: GET
Route: /plumbers?sortBy=null
Status: 304
Response time: 9.481ms 

Date: 2024-04-25T08:48:32.807Z
Method: GET
Route: /plumbers?sortBy=null
Status: 304
Response time: 5.873ms 

Date: 2024-04-25T08:48:46.423Z
Method: POST
Route: /onlyAdmin/login
Status: 403
Response time: 89.391ms 

Date: 2024-04-25T08:48:48.993Z
Method: POST
Route: /onlyAdmin/login
Status: 200
Response time: 82.826ms 

Date: 2024-04-25T08:48:49.009Z
Method: GET
Route: /onlyAdmin/me
Status: 200
Response time: 3.913ms 

Date: 2024-04-25T08:48:51.177Z
Method: GET
Route: /plumbers?sortBy=null
Status: 304
Response time: 7.557ms 

Date: 2024-04-25T08:49:52.165Z
Method: GET
Route: /plumbers?sortBy=null
Status: 304
Response time: 4.668ms 

Date: 2024-04-25T08:49:59.045Z
Method: GET
Route: /plumbers?sortBy=null
Status: 304
Response time: 4.919ms 

Date: 2024-04-25T08:50:09.874Z
Method: POST
Route: /onlyAdmin/login
Status: 200
Response time: 85.923ms 

Date: 2024-04-25T08:50:09.892Z
Method: GET
Route: /onlyAdmin/me
Status: 200
Response time: 4.146ms 

Date: 2024-04-25T08:50:12.903Z
Method: GET
Route: /plumbers?sortBy=null
Status: 304
Response time: 4.757ms 

Date: 2024-04-25T08:50:16.277Z
Method: DELETE
Route: /plumbers/[object%20Object]
Status: 500
Response time: 2.233ms 

Date: 2024-04-25T08:51:42.283Z
Method: GET
Route: /plumbers?sortBy=null
Status: 304
Response time: 3.853ms 

Date: 2024-04-25T08:51:45.595Z
Method: GET
Route: /plumbers?sortBy=null
Status: 304
Response time: 5.412ms 

Date: 2024-04-25T08:51:45.602Z
Method: GET
Route: /onlyAdmin/me
Status: 200
Response time: 6.359ms 

Date: 2024-04-25T08:51:48.386Z
Method: DELETE
Route: /plumbers/6628df3e720f6c4596608394
Status: 200
Response time: 6.730ms 

Date: 2024-04-25T08:51:52.805Z
Method: GET
Route: /onlyAdmin/me
Status: 200
Response time: 3.157ms 

Date: 2024-04-25T08:51:52.809Z
Method: GET
Route: /plumbers?sortBy=null
Status: 200
Response time: 7.083ms 

Date: 2024-04-25T08:57:13.740Z
Method: GET
Route: /plumbers/6622126128045172254cae98
Status: 304
Response time: 3.655ms 

Date: 2024-04-25T08:57:13.741Z
Method: GET
Route: /plumbers/6622126128045172254cae98/opinions
Status: 304
Response time: 4.954ms 

Date: 2024-04-25T08:57:24.103Z
Method: GET
Route: /plumbers?sortBy=null
Status: 304
Response time: 8.264ms 

Date: 2024-04-25T09:04:31.587Z
Method: GET
Route: /plumbers/65df19c92bf51424e7ebee2e
Status: 200
Response time: 4.321ms 

Date: 2024-04-25T09:04:31.588Z
Method: GET
Route: /plumbers/65df19c92bf51424e7ebee2e/opinions
Status: 304
Response time: 5.443ms 

Date: 2024-04-25T09:04:39.490Z
Method: GET
Route: /plumbers?sortBy=null
Status: 304
Response time: 6.628ms 

Date: 2024-04-25T09:04:40.610Z
Method: GET
Route: /plumbers/65df19c92bf51424e7ebee38
Status: 200
Response time: 4.056ms 

Date: 2024-04-25T09:04:40.611Z
Method: GET
Route: /plumbers/65df19c92bf51424e7ebee38/opinions
Status: 304
Response time: 5.255ms 

Date: 2024-04-25T09:04:48.580Z
Method: GET
Route: /onlyAdmin/me
Status: 200
Response time: 3.218ms 

Date: 2024-04-25T09:04:50.569Z
Method: GET
Route: /plumbers?sortBy=null
Status: 304
Response time: 5.431ms 

Date: 2024-04-25T09:04:52.597Z
Method: GET
Route: /plumbers/6622126128045172254cae98
Status: 304
Response time: 3.137ms 

Date: 2024-04-25T09:04:56.334Z
Method: PUT
Route: /plumbers/6622126128045172254cae98
Status: 200
Response time: 5.863ms 

Date: 2024-04-25T09:04:56.417Z
Method: GET
Route: /plumbers?sortBy=null
Status: 200
Response time: 7.249ms 

Date: 2024-04-25T09:04:59.600Z
Method: GET
Route: /plumbers/6622126128045172254cae98
Status: 200
Response time: 2.966ms 

Date: 2024-04-25T09:05:04.005Z
Method: PUT
Route: /plumbers/6622126128045172254cae98
Status: 200
Response time: 5.998ms 

Date: 2024-04-25T09:05:04.082Z
Method: GET
Route: /plumbers?sortBy=null
Status: 200
Response time: 8.720ms 

Date: 2024-04-25T09:16:09.104Z
Method: GET
Route: /plumbers/6622126128045172254cae98
Status: 200
Response time: 4.021ms 

Date: 2024-04-25T09:16:12.449Z
Method: GET
Route: /plumbers?sortBy=null
Status: 304
Response time: 4.428ms 

Date: 2024-04-25T09:16:13.824Z
Method: GET
Route: /plumbers/6622126128045172254cae98
Status: 304
Response time: 2.860ms 

Date: 2024-04-25T09:16:16.936Z
Method: PUT
Route: /plumbers/6622126128045172254cae98
Status: 200
Response time: 5.832ms 

Date: 2024-04-25T09:16:16.996Z
Method: GET
Route: /plumbers?sortBy=null
Status: 304
Response time: 5.299ms 

Date: 2024-04-25T09:17:12.941Z
Method: POST
Route: /plumbers
Status: 201
Response time: 6.867ms 

Date: 2024-04-25T09:17:15.553Z
Method: GET
Route: /plumbers?sortBy=null
Status: 200
Response time: 6.234ms 

Date: 2024-04-25T09:17:42.321Z
Method: GET
Route: /plumbers/662a1f98f6b362194b470b1d
Status: 200
Response time: 5.311ms 

Date: 2024-04-25T09:17:42.322Z
Method: GET
Route: /plumbers/662a1f98f6b362194b470b1d/opinions
Status: 200
Response time: 6.234ms 

Date: 2024-04-25T09:18:10.453Z
Method: GET
Route: /plumbers/662a1f98f6b362194b470b1d/opinions
Status: 304
Response time: 5.024ms 

Date: 2024-04-25T09:18:10.455Z
Method: GET
Route: /plumbers/662a1f98f6b362194b470b1d
Status: 304
Response time: 6.986ms 

Date: 2024-04-25T09:18:10.459Z
Method: GET
Route: /onlyAdmin/me
Status: 200
Response time: 5.108ms 

Date: 2024-04-25T09:18:13.085Z
Method: GET
Route: /plumbers
Status: 200
Response time: 5.398ms 

Date: 2024-04-25T09:18:23.510Z
Method: GET
Route: /onlyAdmin/me
Status: 200
Response time: 3.527ms 

Date: 2024-04-25T09:22:05.611Z
Method: POST
Route: /plumbers
Status: 201
Response time: 8.554ms 

Date: 2024-04-25T09:22:07.692Z
Method: GET
Route: /plumbers?sortBy=null
Status: 200
Response time: 5.878ms 

Date: 2024-04-25T09:22:12.030Z
Method: GET
Route: /plumbers/662a20bdf6b362194b470b3e
Status: 200
Response time: 5.533ms 

Date: 2024-04-25T09:22:12.032Z
Method: GET
Route: /plumbers/662a20bdf6b362194b470b3e/opinions
Status: 200
Response time: 5.772ms 

Date: 2024-04-25T09:22:13.562Z
Method: GET
Route: /plumbers?sortBy=null
Status: 304
Response time: 3.687ms 

Date: 2024-04-25T09:22:15.175Z
Method: GET
Route: /plumbers/662a20bdf6b362194b470b3e
Status: 304
Response time: 3.259ms 

Date: 2024-04-25T09:22:18.060Z
Method: PUT
Route: /plumbers/662a20bdf6b362194b470b3e
Status: 200
Response time: 5.427ms 

Date: 2024-04-25T09:22:18.131Z
Method: GET
Route: /plumbers?sortBy=null
Status: 304
Response time: 5.915ms 

Date: 2024-04-25T09:22:47.315Z
Method: GET
Route: /plumbers/662a20bdf6b362194b470b3e
Status: 200
Response time: 4.836ms 

Date: 2024-04-25T09:22:47.316Z
Method: GET
Route: /plumbers/662a20bdf6b362194b470b3e/opinions
Status: 304
Response time: 5.424ms 

Date: 2024-04-25T09:22:48.862Z
Method: GET
Route: /plumbers?sortBy=null
Status: 304
Response time: 4.732ms 

Date: 2024-04-25T09:22:52.723Z
Method: GET
Route: /plumbers/662a1f98f6b362194b470b1d
Status: 304
Response time: 2.978ms 

Date: 2024-04-25T09:22:55.460Z
Method: PUT
Route: /plumbers/662a1f98f6b362194b470b1d
Status: 200
Response time: 4.875ms 

Date: 2024-04-25T09:22:55.529Z
Method: GET
Route: /plumbers?sortBy=null
Status: 200
Response time: 5.398ms 

Date: 2024-04-25T09:23:00.372Z
Method: GET
Route: /plumbers/662a20bdf6b362194b470b3e/opinions
Status: 304
Response time: 4.378ms 

Date: 2024-04-25T09:23:00.374Z
Method: GET
Route: /plumbers/662a20bdf6b362194b470b3e
Status: 304
Response time: 6.388ms 

Date: 2024-04-25T09:23:02.403Z
Method: GET
Route: /plumbers?sortBy=null
Status: 304
Response time: 4.924ms 

Date: 2024-04-25T09:23:37.794Z
Method: GET
Route: /onlyAdmin/me
Status: 200
Response time: 4.790ms 

Date: 2024-04-25T09:24:06.431Z
Method: GET
Route: /onlyAdmin/me
Status: 200
Response time: 4.195ms 

Date: 2024-04-25T09:29:00.604Z
Method: GET
Route: /onlyAdmin/me
Status: 200
Response time: 4.789ms 

Date: 2024-04-25T09:29:28.377Z
Method: POST
Route: /plumbers
Status: 403
Response time: 2.842ms 

Date: 2024-04-25T09:30:28.470Z
Method: POST
Route: /plumbers
Status: 403
Response time: 1.355ms 

Date: 2024-04-25T09:31:05.486Z
Method: POST
Route: /plumbers
Status: 201
Response time: 27.089ms 

Date: 2024-04-25T09:31:08.493Z
Method: GET
Route: /plumbers?sortBy=null
Status: 200
Response time: 13.326ms 

Date: 2024-04-25T09:31:13.121Z
Method: GET
Route: /plumbers/662a20bdf6b362194b470b3e
Status: 304
Response time: 8.391ms 

Date: 2024-04-25T09:31:13.123Z
Method: GET
Route: /plumbers/662a20bdf6b362194b470b3e/opinions
Status: 304
Response time: 9.992ms 

Date: 2024-04-25T09:31:15.084Z
Method: GET
Route: /plumbers?sortBy=null
Status: 304
Response time: 9.550ms 

Date: 2024-04-25T09:31:16.921Z
Method: GET
Route: /plumbers/662a20bdf6b362194b470b3e
Status: 304
Response time: 5.114ms 

Date: 2024-04-25T09:31:19.448Z
Method: PUT
Route: /plumbers/662a20bdf6b362194b470b3e
Status: 200
Response time: 15.135ms 

Date: 2024-04-25T09:31:19.521Z
Method: GET
Route: /plumbers?sortBy=null
Status: 200
Response time: 7.672ms 

Date: 2024-04-25T09:31:44.658Z
Method: GET
Route: /plumbers/662a1f98f6b362194b470b1d
Status: 200
Response time: 4.121ms 

Date: 2024-04-25T09:31:54.774Z
Method: PUT
Route: /plumbers/662a1f98f6b362194b470b1d
Status: 200
Response time: 8.043ms 

Date: 2024-04-25T09:31:54.854Z
Method: GET
Route: /plumbers?sortBy=null
Status: 200
Response time: 10.431ms 

Date: 2024-04-25T09:32:05.988Z
Method: DELETE
Route: /plumbers/662a22d973c5612935296af5
Status: 200
Response time: 4.928ms 

Date: 2024-04-25T09:32:16.959Z
Method: DELETE
Route: /plumbers/662a22d973c5612935296af5
Status: 404
Response time: 2.776ms 

Date: 2024-04-25T09:32:21.253Z
Method: GET
Route: /plumbers?sortBy=null
Status: 200
Response time: 4.898ms 

Date: 2024-04-25T09:32:21.262Z
Method: GET
Route: /onlyAdmin/me
Status: 200
Response time: 8.272ms 

Date: 2024-04-25T09:38:52.825Z
Method: GET
Route: /plumbers?sortBy=null
Status: 304
Response time: 6.173ms 

Date: 2024-04-25T09:39:19.386Z
Method: GET
Route: /plumbers?sortBy=null
Status: 304
Response time: 5.258ms 

Date: 2024-04-25T09:39:27.172Z
Method: GET
Route: /plumbers?sortBy=null
Status: 304
Response time: 8.563ms 

Date: 2024-04-25T09:39:27.183Z
Method: GET
Route: /onlyAdmin/me
Status: 200
Response time: 16.890ms 

Date: 2024-04-25T09:39:36.777Z
Method: GET
Route: /plumbers?sortBy=null&serviceArea=%D7%9E%D7%A8%D7%9B%D7%96
Status: 200
Response time: 3.186ms 

Date: 2024-04-25T09:39:38.799Z
Method: GET
Route: /plumbers?sortBy=null
Status: 304
Response time: 5.875ms 

Date: 2024-04-25T09:39:42.535Z
Method: GET
Route: /plumbers?sortBy=null&serviceArea=%D7%9E%D7%A8%D7%9B%D7%96
Status: 304
Response time: 4.168ms 

Date: 2024-04-25T09:39:47.686Z
Method: GET
Route: /plumbers?sortBy=null
Status: 304
Response time: 7.846ms 

Date: 2024-04-25T09:39:51.104Z
Method: DELETE
Route: /plumbers/662a20bdf6b362194b470b3e
Status: 200
Response time: 5.170ms 

Date: 2024-04-25T09:40:48.794Z
Method: GET
Route: /plumbers?sortBy=null
Status: 200
Response time: 6.332ms 

Date: 2024-04-25T09:40:53.660Z
Method: GET
Route: /plumbers?sortBy=null
Status: 304
Response time: 7.429ms 

Date: 2024-04-25T09:40:53.674Z
Method: GET
Route: /onlyAdmin/me
Status: 200
Response time: 4.731ms 

Date: 2024-04-25T09:40:57.639Z
Method: DELETE
Route: /plumbers/662a1f98f6b362194b470b1d
Status: 200
Response time: 3.802ms 

Date: 2024-04-25T09:41:05.603Z
Method: GET
Route: /plumbers?sortBy=null
Status: 200
Response time: 6.513ms 

Date: 2024-04-25T09:41:05.607Z
Method: GET
Route: /onlyAdmin/me
Status: 200
Response time: 8.576ms 

Date: 2024-04-25T09:41:27.134Z
Method: GET
Route: /plumbers?sortBy=null
Status: 304
Response time: 4.223ms 

Date: 2024-04-25T09:42:08.026Z
Method: GET
Route: /onlyAdmin/me
Status: 200
Response time: 4.708ms 

Date: 2024-04-25T09:42:10.620Z
Method: GET
Route: /plumbers?sortBy=null
Status: 304
Response time: 4.968ms 

Date: 2024-04-25T09:42:30.774Z
Method: GET
Route: /plumbers?sortBy=null
Status: 304
Response time: 5.369ms 

Date: 2024-04-25T09:42:30.780Z
Method: GET
Route: /onlyAdmin/me
Status: 200
Response time: 9.671ms 

Date: 2024-04-25T09:52:27.499Z
Method: GET
Route: /plumbers/65f8a521fcfa6714c879b95c
Status: 304
Response time: 4.899ms 

Date: 2024-04-25T09:52:27.501Z
Method: GET
Route: /plumbers/65f8a521fcfa6714c879b95c/opinions
Status: 304
Response time: 6.504ms 

Date: 2024-04-25T09:52:34.364Z
Method: GET
Route: /plumbers?sortBy=null
Status: 304
Response time: 11.842ms 

Date: 2024-04-25T10:04:47.412Z
Method: GET
Route: /plumbers?sortBy=averageRating
Status: 200
Response time: 6.125ms 

Date: 2024-04-25T10:04:49.406Z
Method: GET
Route: /plumbers?sortBy=opinionsLength
Status: 200
Response time: 5.111ms 

Date: 2024-04-25T10:04:52.116Z
Method: GET
Route: /plumbers?sortBy=opinionsLength&serviceArea=%D7%99%D7%A8%D7%95%D7%A9%D7%9C%D7%99%D7%9D
Status: 200
Response time: 2.592ms 

Date: 2024-04-25T10:04:53.806Z
Method: GET
Route: /plumbers?sortBy=opinionsLength&serviceArea=%D7%93%D7%A8%D7%95%D7%9D
Status: 200
Response time: 2.544ms 

Date: 2024-04-25T10:04:58.140Z
Method: GET
Route: /plumbers?sortBy=opinionsLength
Status: 304
Response time: 6.008ms 

Date: 2024-04-25T10:05:02.630Z
Method: GET
Route: /plumbers?sortBy=averageRating
Status: 304
Response time: 5.754ms 

Date: 2024-04-25T10:05:09.902Z
Method: GET
Route: /plumbers/65f8a521fcfa6714c879b95c
Status: 304
Response time: 5.088ms 

Date: 2024-04-25T10:05:09.904Z
Method: GET
Route: /plumbers/65f8a521fcfa6714c879b95c/opinions
Status: 304
Response time: 6.904ms 

Date: 2024-04-25T10:06:19.991Z
Method: GET
Route: /plumbers?sortBy=null
Status: 304
Response time: 6.153ms 

Date: 2024-04-25T10:06:21.195Z
Method: GET
Route: /plumbers/65df19c92bf51424e7ebee2e
Status: 304
Response time: 4.291ms 

Date: 2024-04-25T10:06:21.197Z
Method: GET
Route: /plumbers/65df19c92bf51424e7ebee2e/opinions
Status: 304
Response time: 5.232ms 

Date: 2024-04-25T10:06:35.166Z
Method: GET
Route: /plumbers?sortBy=null
Status: 304
Response time: 5.763ms 

Date: 2024-04-25T10:06:37.463Z
Method: GET
Route: /plumbers/65f8a521fcfa6714c879b95c
Status: 304
Response time: 4.091ms 

Date: 2024-04-25T10:06:37.465Z
Method: GET
Route: /plumbers/65f8a521fcfa6714c879b95c/opinions
Status: 304
Response time: 5.413ms 

Date: 2024-04-25T10:06:41.198Z
Method: GET
Route: /plumbers
Status: 200
Response time: 4.905ms 

Date: 2024-04-25T10:06:49.504Z
Method: GET
Route: /plumbers
Status: 304
Response time: 5.920ms 

Date: 2024-04-25T10:06:49.508Z
Method: GET
Route: /onlyAdmin/me
Status: 401
Response time: 2.431ms 

Date: 2024-04-25T10:09:51.109Z
Method: POST
Route: /plumbers/6622126128045172254cae98/opinions
Status: 201
Response time: 15.582ms 

Date: 2024-04-25T10:09:51.185Z
Method: GET
Route: /plumbers?sortBy=null
Status: 200
Response time: 6.252ms 

Date: 2024-04-25T10:09:55.753Z
Method: GET
Route: /plumbers/6622126128045172254cae98/opinions
Status: 200
Response time: 3.221ms 

Date: 2024-04-25T10:09:55.755Z
Method: GET
Route: /plumbers/6622126128045172254cae98
Status: 200
Response time: 5.068ms 

Date: 2024-04-25T10:14:24.244Z
Method: GET
Route: /onlyAdmin/me
Status: 401
Response time: 1.829ms 

Date: 2024-04-25T10:14:33.776Z
Method: GET
Route: /plumbers?sortBy=null
Status: 304
Response time: 6.825ms 

Date: 2024-04-25T10:14:40.572Z
Method: GET
Route: /onlyAdmin/me
Status: 401
Response time: 1.326ms 

Date: 2024-04-25T10:14:46.367Z
Method: GET
Route: /plumbers?sortBy=null
Status: 304
Response time: 5.489ms 

Date: 2024-04-25T11:06:03.965Z
Method: GET
Route: /onlyAdmin/me
Status: 401
Response time: 2.859ms 

Date: 2024-04-25T11:06:03.969Z
Method: GET
Route: /plumbers?sortBy=null
Status: 304
Response time: 7.397ms 

Date: 2024-04-25T11:11:26.810Z
Method: GET
Route: /plumbers?sortBy=null
Status: 304
Response time: 6.995ms 

Date: 2024-04-25T11:34:08.613Z
Method: GET
Route: /onlyAdmin/me
Status: 401
Response time: 2.331ms 

Date: 2024-04-25T11:36:38.325Z
Method: GET
Route: /plumbers?sortBy=null
Status: 304
Response time: 6.623ms 

Date: 2024-04-25T11:54:59.793Z
Method: GET
Route: /plumbers/65df19c92bf51424e7ebee2e
Status: 304
Response time: 5.154ms 

Date: 2024-04-25T11:54:59.794Z
Method: GET
Route: /plumbers/65df19c92bf51424e7ebee2e/opinions
Status: 304
Response time: 6.191ms 

Date: 2024-04-25T11:55:00.822Z
Method: GET
Route: /plumbers?sortBy=null
Status: 304
Response time: 6.140ms 

Date: 2024-04-25T11:55:01.854Z
Method: GET
Route: /plumbers
Status: 200
Response time: 6.185ms 

Date: 2024-04-25T11:55:08.689Z
Method: POST
Route: /plumbers/65df19c92bf51424e7ebee2e/opinions
Status: 201
Response time: 15.312ms 

Date: 2024-04-25T11:55:08.744Z
Method: GET
Route: /plumbers?sortBy=null
Status: 200
Response time: 6.568ms 

Date: 2024-04-25T12:00:55.127Z
Method: GET
Route: /plumbers?sortBy=null
Status: 304
Response time: 5.364ms 

Date: 2024-04-25T12:00:55.779Z
Method: GET
Route: /plumbers
Status: 200
Response time: 5.891ms 

Date: 2024-04-25T12:00:58.562Z
Method: GET
Route: /onlyAdmin/me
Status: 401
Response time: 1.522ms 

Date: 2024-04-25T12:01:01.527Z
Method: GET
Route: /plumbers?sortBy=null
Status: 304
Response time: 5.032ms 

Date: 2024-04-25T12:10:46.211Z
Method: GET
Route: /onlyAdmin/me
Status: 401
Response time: 1.588ms 

Date: 2024-04-25T12:10:48.473Z
Method: GET
Route: /plumbers?sortBy=null
Status: 304
Response time: 4.580ms 

Date: 2024-04-25T12:10:51.003Z
Method: GET
Route: /plumbers
Status: 304
Response time: 7.067ms 

Date: 2024-04-25T12:11:05.583Z
Method: POST
Route: /onlyAdmin/login
Status: 200
Response time: 136.651ms 

Date: 2024-04-25T12:11:05.598Z
Method: GET
Route: /onlyAdmin/me
Status: 200
Response time: 3.468ms 

Date: 2024-04-25T12:12:43.535Z
Method: GET
Route: /onlyAdmin/me
Status: 200
Response time: 4.487ms 

Date: 2024-04-25T12:13:37.377Z
Method: GET
Route: /plumbers?sortBy=null
Status: 304
Response time: 6.574ms 

Date: 2024-04-25T12:15:56.522Z
Method: GET
Route: /onlyAdmin/me
Status: 200
Response time: 4.696ms 

Date: 2024-04-25T12:17:13.428Z
Method: GET
Route: /onlyAdmin/me
Status: 200
Response time: 5.109ms 

Date: 2024-04-25T12:19:21.367Z
Method: GET
Route: /onlyAdmin/me
Status: 200
Response time: 3.218ms 

Date: 2024-04-25T12:19:24.860Z
Method: GET
Route: /onlyAdmin/me
Status: 200
Response time: 3.599ms 

Date: 2024-04-25T12:19:29.735Z
Method: GET
Route: /plumbers?sortBy=null
Status: 304
Response time: 5.408ms 

Date: 2024-04-25T12:19:47.704Z
Method: GET
Route: /onlyAdmin/me
Status: 200
Response time: 4.421ms 

Date: 2024-04-25T12:20:21.020Z
Method: GET
Route: /plumbers?sortBy=null
Status: 304
Response time: 5.796ms 

Date: 2024-04-25T12:20:32.268Z
Method: GET
Route: /plumbers/65df19c92bf51424e7ebee2e/opinions
Status: 200
Response time: 3.943ms 

Date: 2024-04-25T12:20:32.270Z
Method: GET
Route: /plumbers/65df19c92bf51424e7ebee2e
Status: 200
Response time: 5.798ms 

Date: 2024-04-25T12:22:25.820Z
Method: GET
Route: /plumbers/65df19c92bf51424e7ebee2e
Status: 304
Response time: 5.332ms 

Date: 2024-04-25T12:22:25.821Z
Method: GET
Route: /plumbers/65df19c92bf51424e7ebee2e/opinions
Status: 304
Response time: 6.597ms 

Date: 2024-04-25T12:22:47.268Z
Method: GET
Route: /plumbers/65df19c92bf51424e7ebee2e
Status: 304
Response time: 3.015ms 

Date: 2024-04-25T12:22:47.272Z
Method: GET
Route: /plumbers/65df19c92bf51424e7ebee2e/opinions
Status: 304
Response time: 4.948ms 

Date: 2024-04-25T12:23:52.191Z
Method: GET
Route: /plumbers/65df19c92bf51424e7ebee2e
Status: 304
Response time: 4.086ms 

Date: 2024-04-25T12:23:52.192Z
Method: GET
Route: /plumbers/65df19c92bf51424e7ebee2e/opinions
Status: 304
Response time: 4.989ms 

Date: 2024-04-25T12:24:29.556Z
Method: GET
Route: /plumbers/65df19c92bf51424e7ebee2e
Status: 304
Response time: 4.255ms 

Date: 2024-04-25T12:24:29.558Z
Method: GET
Route: /plumbers/65df19c92bf51424e7ebee2e/opinions
Status: 304
Response time: 5.571ms 

Date: 2024-04-25T12:27:20.313Z
Method: GET
Route: /plumbers/65df19c92bf51424e7ebee2e
Status: 304
Response time: 2.647ms 

Date: 2024-04-25T12:27:20.314Z
Method: GET
Route: /plumbers/65df19c92bf51424e7ebee2e/opinions
Status: 304
Response time: 3.714ms 

Date: 2024-04-25T12:27:36.910Z
Method: GET
Route: /onlyAdmin/me
Status: 200
Response time: 4.468ms 

Date: 2024-04-25T12:28:05.841Z
Method: GET
Route: /plumbers?sortBy=null
Status: 304
Response time: 6.319ms 

Date: 2024-04-25T12:28:16.086Z
Method: GET
Route: /plumbers/65df19c92bf51424e7ebee2e
Status: 304
Response time: 2.854ms 

Date: 2024-04-25T12:28:16.088Z
Method: GET
Route: /plumbers/65df19c92bf51424e7ebee2e/opinions
Status: 304
Response time: 4.207ms 

Date: 2024-04-25T12:28:21.400Z
Method: GET
Route: /onlyAdmin/me
Status: 200
Response time: 3.126ms 

Date: 2024-04-25T12:33:12.286Z
Method: GET
Route: /onlyAdmin/me
Status: 200
Response time: 4.798ms 

Date: 2024-04-25T12:33:20.368Z
Method: GET
Route: /plumbers?sortBy=null
Status: 304
Response time: 6.472ms 

Date: 2024-04-25T12:33:25.022Z
Method: GET
Route: /plumbers
Status: 304
Response time: 5.070ms 

Date: 2024-04-25T12:33:27.385Z
Method: GET
Route: /plumbers
Status: 304
Response time: 4.813ms 

Date: 2024-04-25T12:35:35.579Z
Method: GET
Route: /plumbers
Status: 304
Response time: 6.001ms 

Date: 2024-04-25T12:36:33.902Z
Method: GET
Route: /plumbers?sortBy=null
Status: 304
Response time: 4.808ms 

Date: 2024-04-25T12:37:11.734Z
Method: GET
Route: /plumbers?sortBy=null
Status: 304
Response time: 4.717ms 

Date: 2024-04-25T12:37:22.609Z
Method: GET
Route: /plumbers?sortBy=null
Status: 304
Response time: 4.870ms 

Date: 2024-04-25T12:37:49.767Z
Method: GET
Route: /plumbers?sortBy=null
Status: 304
Response time: 4.309ms 

Date: 2024-04-25T12:38:05.829Z
Method: GET
Route: /plumbers?sortBy=null
Status: 304
Response time: 3.312ms 

Date: 2024-04-25T12:38:12.053Z
Method: GET
Route: /plumbers?sortBy=null
Status: 304
Response time: 5.268ms 

Date: 2024-04-25T12:38:18.529Z
Method: GET
Route: /plumbers?sortBy=null
Status: 304
Response time: 3.951ms 

Date: 2024-04-25T12:38:23.131Z
Method: GET
Route: /plumbers?sortBy=null
Status: 304
Response time: 3.360ms 

Date: 2024-04-25T12:38:39.851Z
Method: GET
Route: /plumbers?sortBy=null
Status: 304
Response time: 4.876ms 

Date: 2024-04-25T12:38:44.113Z
Method: GET
Route: /plumbers?sortBy=null
Status: 304
Response time: 4.356ms 

Date: 2024-04-25T12:39:20.807Z
Method: GET
Route: /plumbers?sortBy=null
Status: 304
Response time: 4.903ms 

Date: 2024-04-25T12:39:45.828Z
Method: GET
Route: /plumbers
Status: 304
Response time: 4.107ms 

Date: 2024-04-25T12:39:58.455Z
Method: GET
Route: /plumbers
Status: 304
Response time: 5.796ms 

Date: 2024-04-25T12:40:05.303Z
Method: GET
Route: /plumbers
Status: 304
Response time: 4.437ms 

Date: 2024-04-25T12:40:48.402Z
Method: GET
Route: /plumbers
Status: 304
Response time: 4.113ms 

Date: 2024-04-25T12:41:13.113Z
Method: GET
Route: /plumbers
Status: 304
Response time: 4.780ms 

Date: 2024-04-25T12:41:19.955Z
Method: GET
Route: /plumbers
Status: 304
Response time: 5.885ms 

Date: 2024-04-25T12:41:24.821Z
Method: GET
Route: /plumbers
Status: 304
Response time: 3.343ms 

Date: 2024-04-25T12:41:30.333Z
Method: GET
Route: /plumbers
Status: 304
Response time: 5.737ms 

Date: 2024-04-25T12:41:51.741Z
Method: GET
Route: /plumbers
Status: 304
Response time: 3.630ms 

Date: 2024-04-25T12:42:01.728Z
Method: GET
Route: /onlyAdmin/me
Status: 200
Response time: 3.161ms 

Date: 2024-04-25T12:42:04.855Z
Method: GET
Route: /plumbers?sortBy=null
Status: 304
Response time: 5.307ms 

Date: 2024-04-25T12:42:09.368Z
Method: GET
Route: /plumbers
Status: 304
Response time: 4.936ms 

Date: 2024-04-25T12:42:14.864Z
Method: GET
Route: /onlyAdmin/me
Status: 200
Response time: 3.965ms 

