Date: 2024-04-03T05:52:22.642Z
Method: GET
Route: /onlyAdmin/me
Status: 401
Response time: 15.811ms 

Date: 2024-04-03T05:52:30.470Z
Method: GET
Route: /plumbers
Status: 304
Response time: 33.144ms 

Date: 2024-04-03T05:52:35.552Z
Method: GET
Route: /plumbers
Status: 304
Response time: 5.965ms 

Date: 2024-04-03T05:53:06.284Z
Method: GET
Route: /plumbers
Status: 304
Response time: 4.212ms 

Date: 2024-04-03T05:53:15.066Z
Method: POST
Route: /onlyAdmin/login
Status: 200
Response time: 163.034ms 

Date: 2024-04-03T05:53:15.084Z
Method: GET
Route: /onlyAdmin/me
Status: 200
Response time: 9.114ms 

Date: 2024-04-03T05:53:19.774Z
Method: GET
Route: /plumbers
Status: 304
Response time: 3.779ms 

Date: 2024-04-03T05:53:32.742Z
Method: GET
Route: /plumber/65df19c92bf51424e7ebee2e
Status: 304
Response time: 2.597ms 

Date: 2024-04-03T05:55:36.258Z
Method: GET
Route: /plumber/$%7Bid%7D
Status: 200
Response time: 3.245ms 

Date: 2024-04-03T05:55:36.299Z
Method: GET
Route: /plumber/style.css
Status: 200
Response time: 1.528ms 

Date: 2024-04-03T05:55:36.351Z
Method: GET
Route: /favicon.ico
Status: 304
Response time: 1.233ms 

Date: 2024-04-03T05:55:42.728Z
Method: GET
Route: /plumber/$%7Bid%7D
Status: 304
Response time: 1.087ms 

Date: 2024-04-03T05:55:42.747Z
Method: GET
Route: /plumber/style.css
Status: 304
Response time: 0.932ms 

Date: 2024-04-03T05:55:42.809Z
Method: GET
Route: /favicon.ico
Status: 304
Response time: 1.294ms 

Date: 2024-04-03T05:57:53.637Z
Method: GET
Route: /plumber/65df19c92bf51424e7ebee2e
Status: 304
Response time: 1.424ms 

Date: 2024-04-03T05:57:55.650Z
Method: GET
Route: /onlyAdmin/me
Status: 200
Response time: 4.089ms 

Date: 2024-04-03T05:57:57.634Z
Method: GET
Route: /plumbers
Status: 304
Response time: 3.788ms 

Date: 2024-04-03T05:58:01.413Z
Method: GET
Route: /plumbers
Status: 304
Response time: 3.628ms 

Date: 2024-04-03T05:58:02.188Z
Method: GET
Route: /plumber/65df19c92bf51424e7ebee2e
Status: 304
Response time: 0.932ms 

Date: 2024-04-03T06:00:06.745Z
Method: GET
Route: /onlyAdmin/me
Status: 200
Response time: 3.624ms 

Date: 2024-04-03T06:00:08.388Z
Method: GET
Route: /plumbers
Status: 304
Response time: 4.060ms 

Date: 2024-04-03T06:00:11.226Z
Method: GET
Route: /plumbers
Status: 304
Response time: 3.680ms 

Date: 2024-04-03T06:00:12.349Z
Method: GET
Route: /plumber/65df19c92bf51424e7ebee2e
Status: 304
Response time: 1.444ms 

Date: 2024-04-03T06:00:16.448Z
Method: PUT
Route: /plumber/undefined
Status: 404
Response time: 0.638ms 

Date: 2024-04-03T06:00:16.484Z
Method: GET
Route: /plumbers
Status: 304
Response time: 3.032ms 

Date: 2024-04-03T06:00:20.820Z
Method: GET
Route: /plumbers
Status: 304
Response time: 4.072ms 

Date: 2024-04-03T06:00:20.826Z
Method: GET
Route: /onlyAdmin/me
Status: 200
Response time: 5.189ms 

Date: 2024-04-03T06:00:24.412Z
Method: GET
Route: /plumber/65df19c92bf51424e7ebee2e
Status: 304
Response time: 0.634ms 

Date: 2024-04-03T06:07:13.976Z
Method: GET
Route: /plumbers/65df19c92bf51424e7ebee2e
Status: 200
Response time: 3.415ms 

Date: 2024-04-03T06:07:20.671Z
Method: GET
Route: /plumbers/65df19c92bf51424e7ebee2e
Status: 304
Response time: 4.149ms 

Date: 2024-04-03T06:07:20.672Z
Method: GET
Route: /onlyAdmin/me
Status: 200
Response time: 3.829ms 

Date: 2024-04-03T06:08:33.623Z
Method: PUT
Route: /plumber/65df19c92bf51424e7ebee2e
Status: 404
Response time: 0.655ms 

Date: 2024-04-03T06:08:33.668Z
Method: GET
Route: /plumbers
Status: 304
Response time: 3.366ms 

Date: 2024-04-03T06:08:41.500Z
Method: GET
Route: /plumbers/65df19c92bf51424e7ebee2e
Status: 304
Response time: 2.970ms 

Date: 2024-04-03T06:08:46.621Z
Method: PUT
Route: /plumber/65df19c92bf51424e7ebee2e
Status: 404
Response time: 0.303ms 

Date: 2024-04-03T06:08:46.661Z
Method: GET
Route: /plumbers
Status: 304
Response time: 3.645ms 

Date: 2024-04-03T06:08:48.695Z
Method: GET
Route: /plumbers
Status: 304
Response time: 4.601ms 

Date: 2024-04-03T06:08:48.701Z
Method: GET
Route: /onlyAdmin/me
Status: 200
Response time: 5.054ms 

Date: 2024-04-03T06:08:54.503Z
Method: GET
Route: /plumbers
Status: 304
Response time: 3.042ms 

Date: 2024-04-03T06:08:55.567Z
Method: GET
Route: /plumbers/65df19c92bf51424e7ebee2e
Status: 304
Response time: 2.978ms 

Date: 2024-04-03T06:13:13.243Z
Method: GET
Route: /plumbers/65df19c92bf51424e7ebee2e
Status: 304
Response time: 3.301ms 

Date: 2024-04-03T06:13:22.714Z
Method: GET
Route: /plumbers
Status: 304
Response time: 3.847ms 

Date: 2024-04-03T06:13:24.244Z
Method: GET
Route: /plumbers/65df19c92bf51424e7ebee2e
Status: 304
Response time: 2.922ms 

Date: 2024-04-03T06:13:56.564Z
Method: GET
Route: /plumbers/65df19c92bf51424e7ebee2e
Status: 304
Response time: 6.290ms 

Date: 2024-04-03T06:13:56.566Z
Method: GET
Route: /onlyAdmin/me
Status: 200
Response time: 7.462ms 

Date: 2024-04-03T06:17:52.244Z
Method: GET
Route: /plumbers/65df19c92bf51424e7ebee2e
Status: 304
Response time: 3.696ms 

Date: 2024-04-03T06:17:58.212Z
Method: GET
Route: /plumbers/65df19c92bf51424e7ebee2e
Status: 304
Response time: 6.324ms 

Date: 2024-04-03T06:17:58.214Z
Method: GET
Route: /onlyAdmin/me
Status: 200
Response time: 7.747ms 

Date: 2024-04-03T06:19:53.193Z
Method: GET
Route: /onlyAdmin/me
Status: 200
Response time: 4.547ms 

Date: 2024-04-03T06:19:53.194Z
Method: GET
Route: /plumbers/65df19c92bf51424e7ebee2e
Status: 304
Response time: 5.788ms 

Date: 2024-04-03T06:20:02.858Z
Method: PUT
Route: /plumbers/65df19c92bf51424e7ebee2e
Status: 400
Response time: 3.451ms 

Date: 2024-04-03T06:20:02.915Z
Method: GET
Route: /plumbers
Status: 304
Response time: 2.701ms 

Date: 2024-04-03T06:20:19.076Z
Method: GET
Route: /plumbers/65df19c92bf51424e7ebee2e
Status: 304
Response time: 2.516ms 

Date: 2024-04-03T06:23:41.073Z
Method: GET
Route: /plumbers
Status: 304
Response time: 4.792ms 

Date: 2024-04-03T06:23:41.078Z
Method: GET
Route: /onlyAdmin/me
Status: 200
Response time: 7.405ms 

Date: 2024-04-03T06:23:57.151Z
Method: GET
Route: /onlyAdmin/me
Status: 200
Response time: 2.977ms 

Date: 2024-04-03T06:23:57.152Z
Method: GET
Route: /plumbers/65df19c92bf51424e7ebee2e
Status: 304
Response time: 4.004ms 

Date: 2024-04-03T06:24:06.981Z
Method: GET
Route: /plumbers/65df19c92bf51424e7ebee2e
Status: 304
Response time: 7.397ms 

Date: 2024-04-03T06:24:06.982Z
Method: GET
Route: /onlyAdmin/me
Status: 200
Response time: 8.675ms 

Date: 2024-04-03T06:27:50.246Z
Method: GET
Route: /plumbers/65df19c92bf51424e7ebee2e
Status: 304
Response time: 2.861ms 

Date: 2024-04-03T06:29:22.318Z
Method: GET
Route: /plumbers/65df19c92bf51424e7ebee2e
Status: 304
Response time: 2.848ms 

Date: 2024-04-03T06:29:23.853Z
Method: GET
Route: /plumbers/65df19c92bf51424e7ebee2e
Status: 304
Response time: 5.193ms 

Date: 2024-04-03T06:29:23.861Z
Method: GET
Route: /onlyAdmin/me
Status: 200
Response time: 5.842ms 

Date: 2024-04-03T06:29:28.806Z
Method: PUT
Route: /plumbers/65df19c92bf51424e7ebee2e
Status: 400
Response time: 1.482ms 

Date: 2024-04-03T06:29:28.862Z
Method: GET
Route: /plumbers
Status: 304
Response time: 3.798ms 

Date: 2024-04-03T06:29:50.655Z
Method: GET
Route: /plumbers
Status: 304
Response time: 2.573ms 

Date: 2024-04-03T06:29:52.989Z
Method: GET
Route: /plumbers
Status: 304
Response time: 3.559ms 

Date: 2024-04-03T06:29:54.147Z
Method: GET
Route: /plumbers/65df19c92bf51424e7ebee2e
Status: 304
Response time: 3.543ms 

Date: 2024-04-03T06:30:32.229Z
Method: GET
Route: /plumbers/65df19c92bf51424e7ebee2e
Status: 304
Response time: 2.559ms 

Date: 2024-04-03T06:34:18.243Z
Method: GET
Route: /plumbers/65df19c92bf51424e7ebee2e
Status: 304
Response time: 2.641ms 

Date: 2024-04-03T06:34:42.409Z
Method: GET
Route: /plumbers/65df19c92bf51424e7ebee2e
Status: 304
Response time: 7.648ms 

Date: 2024-04-03T06:34:42.411Z
Method: GET
Route: /onlyAdmin/me
Status: 200
Response time: 8.642ms 

Date: 2024-04-03T06:35:46.242Z
Method: GET
Route: /plumbers/65df19c92bf51424e7ebee2e
Status: 304
Response time: 2.773ms 

Date: 2024-04-03T06:36:23.662Z
Method: GET
Route: /plumbers/65df19c92bf51424e7ebee2e
Status: 304
Response time: 3.625ms 

Date: 2024-04-03T06:36:25.012Z
Method: GET
Route: /plumbers/65df19c92bf51424e7ebee2e
Status: 304
Response time: 3.337ms 

Date: 2024-04-03T06:36:25.022Z
Method: GET
Route: /onlyAdmin/me
Status: 200
Response time: 4.578ms 

Date: 2024-04-03T06:36:50.142Z
Method: GET
Route: /plumbers/65df19c92bf51424e7ebee2e
Status: 304
Response time: 3.559ms 

Date: 2024-04-03T06:36:52.224Z
Method: GET
Route: /plumbers/65df19c92bf51424e7ebee2e
Status: 304
Response time: 3.200ms 

Date: 2024-04-03T06:36:52.237Z
Method: GET
Route: /onlyAdmin/me
Status: 200
Response time: 12.311ms 

Date: 2024-04-03T06:37:03.985Z
Method: PUT
Route: /plumbers/65df19c92bf51424e7ebee2e
Status: 400
Response time: 1.972ms 

Date: 2024-04-03T06:37:04.043Z
Method: GET
Route: /plumbers
Status: 304
Response time: 3.892ms 

Date: 2024-04-03T06:38:09.958Z
Method: GET
Route: /plumbers/65df19c92bf51424e7ebee2e
Status: 304
Response time: 3.190ms 

Date: 2024-04-03T06:42:20.110Z
Method: POST
Route: /onlyAdmin/login
Status: 200
Response time: 97.500ms 

Date: 2024-04-03T06:45:29.071Z
Method: PUT
Route: /plumbers/65df19c92bf51424e7ebee2e
Status: 200
Response time: 24.794ms 

Date: 2024-04-03T06:45:45.972Z
Method: GET
Route: /plumbers
Status: 200
Response time: 3.025ms 

Date: 2024-04-03T06:46:11.141Z
Method: GET
Route: /onlyAdmin/me
Status: 200
Response time: 4.743ms 

Date: 2024-04-03T06:46:11.144Z
Method: GET
Route: /plumbers
Status: 200
Response time: 7.657ms 

Date: 2024-04-03T06:46:14.176Z
Method: GET
Route: /plumbers/65df19c92bf51424e7ebee2e
Status: 200
Response time: 2.984ms 

Date: 2024-04-03T06:46:25.759Z
Method: PUT
Route: /plumbers/65df19c92bf51424e7ebee2e
Status: 400
Response time: 1.461ms 

Date: 2024-04-03T06:46:25.810Z
Method: GET
Route: /plumbers
Status: 200
Response time: 3.885ms 

Date: 2024-04-03T06:49:05.287Z
Method: GET
Route: /plumbers/65df19c92bf51424e7ebee2e
Status: 200
Response time: 3.295ms 

Date: 2024-04-03T06:49:07.385Z
Method: PUT
Route: /plumbers/65df19c92bf51424e7ebee2e
Status: 400
Response time: 2.302ms 

Date: 2024-04-03T06:49:07.433Z
Method: GET
Route: /plumbers
Status: 200
Response time: 3.730ms 

Date: 2024-04-03T06:50:51.648Z
Method: GET
Route: /plumbers/65df19c92bf51424e7ebee2e
Status: 200
Response time: 3.160ms 

Date: 2024-04-03T06:55:30.235Z
Method: GET
Route: /plumbers/65df19c92bf51424e7ebee2e
Status: 200
Response time: 3.373ms 

Date: 2024-04-03T06:55:37.048Z
Method: GET
Route: /onlyAdmin/me
Status: 401
Response time: 2.491ms 

Date: 2024-04-03T06:55:37.051Z
Method: GET
Route: /plumbers/65df19c92bf51424e7ebee2e
Status: 200
Response time: 5.125ms 

Date: 2024-04-03T06:55:48.155Z
Method: POST
Route: /onlyAdmin/login
Status: 403
Response time: 105.276ms 

Date: 2024-04-03T06:55:50.996Z
Method: POST
Route: /onlyAdmin/login
Status: 200
Response time: 120.444ms 

Date: 2024-04-03T06:55:51.008Z
Method: GET
Route: /onlyAdmin/me
Status: 200
Response time: 2.687ms 

Date: 2024-04-03T06:55:55.465Z
Method: GET
Route: /plumbers
Status: 200
Response time: 2.731ms 

Date: 2024-04-03T06:55:56.455Z
Method: GET
Route: /plumbers/65df19c92bf51424e7ebee2e
Status: 200
Response time: 2.212ms 

Date: 2024-04-03T06:56:02.631Z
Method: PUT
Route: /plumbers/65df19c92bf51424e7ebee2e
Status: 400
Response time: 1.601ms 

Date: 2024-04-03T06:56:02.698Z
Method: GET
Route: /plumbers
Status: 200
Response time: 2.922ms 

Date: 2024-04-03T07:05:14.378Z
Method: GET
Route: /plumbers/65df19c92bf51424e7ebee2e
Status: 200
Response time: 2.406ms 

Date: 2024-04-03T07:05:20.395Z
Method: GET
Route: /plumbers/65df19c92bf51424e7ebee2e
Status: 200
Response time: 7.225ms 

Date: 2024-04-03T07:05:20.397Z
Method: GET
Route: /onlyAdmin/me
Status: 200
Response time: 8.631ms 

Date: 2024-04-03T07:05:24.131Z
Method: PUT
Route: /plumbers/65df19c92bf51424e7ebee2e
Status: 400
Response time: 1.513ms 

Date: 2024-04-03T07:05:24.211Z
Method: GET
Route: /plumbers
Status: 200
Response time: 4.183ms 

Date: 2024-04-03T07:05:59.237Z
Method: GET
Route: /onlyAdmin/me
Status: 200
Response time: 5.857ms 

Date: 2024-04-03T07:05:59.240Z
Method: GET
Route: /plumbers
Status: 200
Response time: 8.728ms 

Date: 2024-04-03T07:06:01.035Z
Method: GET
Route: /plumbers/65df19c92bf51424e7ebee2e
Status: 200
Response time: 2.271ms 

Date: 2024-04-03T07:06:07.412Z
Method: PUT
Route: /plumbers/65df19c92bf51424e7ebee2e
Status: 400
Response time: 1.378ms 

Date: 2024-04-03T07:06:07.476Z
Method: GET
Route: /plumbers
Status: 200
Response time: 2.581ms 

Date: 2024-04-03T07:09:21.976Z
Method: GET
Route: /plumbers
Status: 200
Response time: 2.480ms 

Date: 2024-04-03T07:09:22.976Z
Method: GET
Route: /plumbers/65df19c92bf51424e7ebee2e
Status: 200
Response time: 2.086ms 

Date: 2024-04-03T07:09:24.690Z
Method: PUT
Route: /plumbers/65df19c92bf51424e7ebee2e
Status: 400
Response time: 1.653ms 

Date: 2024-04-03T07:09:24.764Z
Method: GET
Route: /plumbers
Status: 200
Response time: 7.936ms 

Date: 2024-04-03T07:19:50.161Z
Method: GET
Route: /plumbers
Status: 200
Response time: 7.115ms 

Date: 2024-04-03T07:19:50.162Z
Method: GET
Route: /onlyAdmin/me
Status: 200
Response time: 7.917ms 

Date: 2024-04-03T07:20:01.530Z
Method: GET
Route: /plumbers/65df19c92bf51424e7ebee2e
Status: 200
Response time: 2.230ms 

Date: 2024-04-03T07:20:13.574Z
Method: PUT
Route: /plumbers/65df19c92bf51424e7ebee2e
Status: 400
Response time: 1.860ms 

Date: 2024-04-03T07:20:13.664Z
Method: GET
Route: /plumbers
Status: 200
Response time: 4.479ms 

Date: 2024-04-03T07:54:49.965Z
Method: GET
Route: /plumbers/65df19c92bf51424e7ebee2e
Status: 200
Response time: 3.938ms 

Date: 2024-04-03T07:54:57.460Z
Method: PUT
Route: /plumbers/65df19c92bf51424e7ebee2e
Status: 400
Response time: 1.516ms 

Date: 2024-04-03T07:54:57.530Z
Method: GET
Route: /plumbers
Status: 200
Response time: 3.790ms 

Date: 2024-04-03T07:55:17.858Z
Method: GET
Route: /onlyAdmin/me
Status: 200
Response time: 5.556ms 

Date: 2024-04-03T07:55:17.860Z
Method: GET
Route: /plumbers
Status: 200
Response time: 7.680ms 

Date: 2024-04-03T07:55:20.620Z
Method: GET
Route: /plumbers/65df19c92bf51424e7ebee2e
Status: 200
Response time: 2.382ms 

Date: 2024-04-03T07:55:27.132Z
Method: PUT
Route: /plumbers/65df19c92bf51424e7ebee2e
Status: 400
Response time: 1.488ms 

Date: 2024-04-03T07:55:27.200Z
Method: GET
Route: /plumbers
Status: 200
Response time: 3.349ms 

Date: 2024-04-03T07:55:47.255Z
Method: GET
Route: /plumbers
Status: 200
Response time: 2.825ms 

Date: 2024-04-03T07:55:47.268Z
Method: GET
Route: /onlyAdmin/me
Status: 200
Response time: 5.837ms 

Date: 2024-04-03T07:55:48.034Z
Method: GET
Route: /plumbers/65df19c92bf51424e7ebee2e
Status: 200
Response time: 2.415ms 

Date: 2024-04-03T07:55:56.074Z
Method: PUT
Route: /plumbers/65df19c92bf51424e7ebee2e
Status: 401
Response time: 1.716ms 

Date: 2024-04-03T07:55:56.159Z
Method: GET
Route: /plumbers
Status: 200
Response time: 4.178ms 

Date: 2024-04-03T07:56:27.214Z
Method: POST
Route: /onlyAdmin/login
Status: 403
Response time: 77.254ms 

Date: 2024-04-03T07:56:30.715Z
Method: POST
Route: /onlyAdmin/login
Status: 200
Response time: 128.521ms 

Date: 2024-04-03T07:56:30.728Z
Method: GET
Route: /onlyAdmin/me
Status: 200
Response time: 3.352ms 

Date: 2024-04-03T07:56:34.451Z
Method: GET
Route: /plumbers
Status: 200
Response time: 3.500ms 

Date: 2024-04-03T07:56:35.403Z
Method: GET
Route: /plumbers/65df19c92bf51424e7ebee2e
Status: 200
Response time: 2.198ms 

Date: 2024-04-03T07:56:42.387Z
Method: PUT
Route: /plumbers/65df19c92bf51424e7ebee2e
Status: 400
Response time: 1.611ms 

Date: 2024-04-03T07:56:42.454Z
Method: GET
Route: /plumbers
Status: 200
Response time: 4.654ms 

Date: 2024-04-03T07:58:13.159Z
Method: GET
Route: /plumbers/65df19c92bf51424e7ebee2e
Status: 200
Response time: 18.095ms 

Date: 2024-04-03T07:58:19.618Z
Method: PUT
Route: /plumbers/65df19c92bf51424e7ebee2e
Status: 400
Response time: 7.865ms 

Date: 2024-04-03T07:58:19.678Z
Method: GET
Route: /plumbers
Status: 200
Response time: 5.971ms 

Date: 2024-04-03T07:59:16.364Z
Method: GET
Route: /plumbers/65df19c92bf51424e7ebee2e
Status: 200
Response time: 14.643ms 

Date: 2024-04-03T07:59:21.579Z
Method: PUT
Route: /plumbers/65df19c92bf51424e7ebee2e
Status: 400
Response time: 11.617ms 

Date: 2024-04-03T07:59:21.636Z
Method: GET
Route: /plumbers
Status: 200
Response time: 7.757ms 

Date: 2024-04-03T07:59:45.389Z
Method: GET
Route: /plumbers/65df19c92bf51424e7ebee2e
Status: 200
Response time: 17.184ms 

Date: 2024-04-03T07:59:49.216Z
Method: PUT
Route: /plumbers/65df19c92bf51424e7ebee2e
Status: 400
Response time: 7.351ms 

Date: 2024-04-03T07:59:49.277Z
Method: GET
Route: /plumbers
Status: 200
Response time: 8.605ms 

Date: 2024-04-03T08:00:32.316Z
Method: GET
Route: /plumbers/65df19c92bf51424e7ebee2e
Status: 200
Response time: 20.017ms 

Date: 2024-04-03T08:00:39.090Z
Method: PUT
Route: /plumbers/65df19c92bf51424e7ebee2e
Status: 400
Response time: 10.040ms 

Date: 2024-04-03T08:00:39.160Z
Method: GET
Route: /plumbers
Status: 200
Response time: 7.454ms 

Date: 2024-04-03T08:02:08.673Z
Method: GET
Route: /plumbers/65df19c92bf51424e7ebee2e
Status: 200
Response time: 16.964ms 

Date: 2024-04-03T08:02:12.982Z
Method: PUT
Route: /plumbers/65df19c92bf51424e7ebee2e
Status: 400
Response time: 6.569ms 

Date: 2024-04-03T08:02:13.051Z
Method: GET
Route: /plumbers
Status: 200
Response time: 9.756ms 

Date: 2024-04-03T08:02:31.355Z
Method: GET
Route: /plumbers/65df19c92bf51424e7ebee2e
Status: 200
Response time: 21.531ms 

Date: 2024-04-03T08:02:34.938Z
Method: PUT
Route: /plumbers/65df19c92bf51424e7ebee2e
Status: 200
Response time: 12.981ms 

Date: 2024-04-03T08:02:34.999Z
Method: GET
Route: /plumbers
Status: 200
Response time: 6.998ms 

Date: 2024-04-03T08:02:55.479Z
Method: GET
Route: /plumbers/65df19c92bf51424e7ebee2e
Status: 200
Response time: 5.109ms 

Date: 2024-04-03T08:03:07.829Z
Method: PUT
Route: /plumbers/65df19c92bf51424e7ebee2e
Status: 200
Response time: 9.827ms 

Date: 2024-04-03T08:03:07.915Z
Method: GET
Route: /plumbers
Status: 200
Response time: 5.429ms 

Date: 2024-04-03T08:04:12.505Z
Method: GET
Route: /onlyAdmin/me
Status: 200
Response time: 5.049ms 

Date: 2024-04-03T08:04:12.508Z
Method: GET
Route: /plumbers
Status: 304
Response time: 7.284ms 

Date: 2024-04-03T08:32:54.107Z
Method: GET
Route: /onlyAdmin/me
Status: 200
Response time: 16.449ms 

Date: 2024-04-03T08:32:55.801Z
Method: GET
Route: /plumbers
Status: 304
Response time: 7.106ms 

Date: 2024-04-03T08:32:58.855Z
Method: GET
Route: /onlyAdmin/me
Status: 200
Response time: 5.146ms 

Date: 2024-04-03T08:32:59.353Z
Method: GET
Route: /plumbers
Status: 304
Response time: 4.491ms 

Date: 2024-04-03T08:33:05.318Z
Method: GET
Route: /plumbers
Status: 304
Response time: 5.057ms 

Date: 2024-04-03T08:33:10.473Z
Method: GET
Route: /plumbers
Status: 304
Response time: 3.055ms 

Date: 2024-04-03T08:33:11.478Z
Method: GET
Route: /plumbers/65df19c92bf51424e7ebee2e
Status: 200
Response time: 3.805ms 

Date: 2024-04-03T08:33:55.296Z
Method: PUT
Route: /plumbers/65df19c92bf51424e7ebee2e
Status: 200
Response time: 15.922ms 

Date: 2024-04-03T08:33:55.339Z
Method: GET
Route: /plumbers
Status: 200
Response time: 5.021ms 

Date: 2024-04-03T08:34:02.178Z
Method: GET
Route: /plumbers
Status: 304
Response time: 6.824ms 

Date: 2024-04-03T08:34:03.608Z
Method: GET
Route: /plumbers/65df19c92bf51424e7ebee33
Status: 200
Response time: 3.057ms 

Date: 2024-04-03T08:34:34.430Z
Method: PUT
Route: /plumbers/65df19c92bf51424e7ebee33
Status: 200
Response time: 6.662ms 

Date: 2024-04-03T08:34:34.479Z
Method: GET
Route: /plumbers
Status: 200
Response time: 3.733ms 

Date: 2024-04-03T08:34:41.011Z
Method: GET
Route: /plumbers
Status: 304
Response time: 5.386ms 

Date: 2024-04-03T08:34:44.941Z
Method: GET
Route: /plumbers/65df19c92bf51424e7ebee38
Status: 200
Response time: 2.698ms 

Date: 2024-04-03T08:35:24.836Z
Method: PUT
Route: /plumbers/65df19c92bf51424e7ebee38
Status: 200
Response time: 5.511ms 

Date: 2024-04-03T08:35:24.884Z
Method: GET
Route: /plumbers
Status: 200
Response time: 4.285ms 

Date: 2024-04-03T08:35:36.049Z
Method: GET
Route: /plumbers
Status: 304
Response time: 3.223ms 

Date: 2024-04-03T08:52:18.483Z
Method: GET
Route: /onlyAdmin/me
Status: 200
Response time: 4.163ms 

Date: 2024-04-03T08:52:18.486Z
Method: GET
Route: /plumbers
Status: 304
Response time: 6.417ms 

Date: 2024-04-03T08:52:19.436Z
Method: GET
Route: /plumbers/65df19c92bf51424e7ebee2e
Status: 200
Response time: 2.324ms 

Date: 2024-04-03T08:53:11.518Z
Method: GET
Route: /onlyAdmin/me
Status: 200
Response time: 3.987ms 

Date: 2024-04-03T08:53:13.966Z
Method: GET
Route: /plumbers
Status: 304
Response time: 2.900ms 

Date: 2024-04-03T09:03:49.897Z
Method: GET
Route: /onlyAdmin/me
Status: 401
Response time: 2.766ms 

Date: 2024-04-03T09:03:49.899Z
Method: GET
Route: /plumbers/65df19c92bf51424e7ebee2e
Status: 304
Response time: 5.322ms 

Date: 2024-04-03T09:04:25.665Z
Method: GET
Route: /plumbers/65df19c92bf51424e7ebee2e
Status: 304
Response time: 5.557ms 

Date: 2024-04-03T09:04:25.670Z
Method: GET
Route: /onlyAdmin/me
Status: 401
Response time: 2.343ms 

Date: 2024-04-03T09:04:36.437Z
Method: GET
Route: /onlyAdmin/me
Status: 401
Response time: 1.419ms 

Date: 2024-04-03T09:04:47.753Z
Method: POST
Route: /onlyAdmin/login
Status: 403
Response time: 94.303ms 

Date: 2024-04-03T09:04:51.315Z
Method: POST
Route: /onlyAdmin/login
Status: 200
Response time: 104.256ms 

Date: 2024-04-03T09:04:51.328Z
Method: GET
Route: /onlyAdmin/me
Status: 200
Response time: 3.361ms 

Date: 2024-04-03T09:04:54.385Z
Method: GET
Route: /onlyAdmin/me
Status: 200
Response time: 3.112ms 

Date: 2024-04-03T09:04:56.132Z
Method: GET
Route: /plumbers
Status: 304
Response time: 2.842ms 

Date: 2024-04-03T09:04:57.027Z
Method: GET
Route: /plumbers/65df19c92bf51424e7ebee2e
Status: 304
Response time: 3.233ms 

Date: 2024-04-03T09:05:30.192Z
Method: GET
Route: /plumbers/65df19c92bf51424e7ebee2e
Status: 304
Response time: 3.378ms 

Date: 2024-04-03T09:05:39.059Z
Method: GET
Route: /plumbers/65df19c92bf51424e7ebee2e
Status: 304
Response time: 2.488ms 

Date: 2024-04-03T09:33:33.798Z
Method: GET
Route: /plumbers/65df19c92bf51424e7ebee2e
Status: 304
Response time: 5.646ms 

Date: 2024-04-03T09:34:06.945Z
Method: GET
Route: /plumbers/65df19c92bf51424e7ebee2e
Status: 304
Response time: 3.172ms 

Date: 2024-04-03T09:34:43.627Z
Method: GET
Route: /plumbers/65df19c92bf51424e7ebee2e
Status: 304
Response time: 4.093ms 

Date: 2024-04-03T09:34:48.964Z
Method: GET
Route: /plumbers/65df19c92bf51424e7ebee2e
Status: 304
Response time: 3.502ms 

Date: 2024-04-03T09:39:03.488Z
Method: GET
Route: /plumbers
Status: 304
Response time: 3.230ms 

Date: 2024-04-03T09:39:28.462Z
Method: GET
Route: /plumbers/65df19c92bf51424e7ebee2e
Status: 304
Response time: 2.917ms 

Date: 2024-04-03T10:06:19.896Z
Method: GET
Route: /onlyAdmin/me
Status: 401
Response time: 7.101ms 

Date: 2024-04-03T10:06:27.999Z
Method: GET
Route: /plumbers
Status: 304
Response time: 11.744ms 

Date: 2024-04-03T10:08:23.458Z
Method: GET
Route: /plumbers/65df19c92bf51424e7ebee2e
Status: 304
Response time: 4.646ms 

Date: 2024-04-03T10:09:08.096Z
Method: GET
Route: /plumbers/65df19c92bf51424e7ebee2e
Status: 304
Response time: 3.222ms 

Date: 2024-04-03T10:09:42.348Z
Method: GET
Route: /plumbers/65df19c92bf51424e7ebee2e
Status: 304
Response time: 3.384ms 

Date: 2024-04-03T10:09:45.939Z
Method: GET
Route: /plumbers/65df19c92bf51424e7ebee2e
Status: 304
Response time: 5.734ms 

Date: 2024-04-03T10:10:34.749Z
Method: GET
Route: /plumbers/65df19c92bf51424e7ebee2e
Status: 304
Response time: 3.800ms 

Date: 2024-04-03T10:11:47.712Z
Method: GET
Route: /plumbers/65df19c92bf51424e7ebee2e
Status: 304
Response time: 3.878ms 

Date: 2024-04-03T10:14:12.606Z
Method: GET
Route: /plumbers/65df19c92bf51424e7ebee2e
Status: 304
Response time: 4.125ms 

Date: 2024-04-03T10:16:19.251Z
Method: GET
Route: /plumbers/65df19c92bf51424e7ebee2e
Status: 304
Response time: 4.149ms 

Date: 2024-04-03T10:16:32.835Z
Method: GET
Route: /plumbers/65df19c92bf51424e7ebee2e
Status: 304
Response time: 4.335ms 

Date: 2024-04-03T10:16:38.460Z
Method: GET
Route: /plumbers/65df19c92bf51424e7ebee2e
Status: 304
Response time: 3.997ms 

Date: 2024-04-03T10:27:34.270Z
Method: GET
Route: /plumbers/65df19c92bf51424e7ebee2e
Status: 304
Response time: 4.497ms 

Date: 2024-04-03T10:27:36.196Z
Method: GET
Route: /plumbers/65df19c92bf51424e7ebee2e
Status: 304
Response time: 3.344ms 

Date: 2024-04-03T10:27:36.201Z
Method: GET
Route: /onlyAdmin/me
Status: 401
Response time: 1.659ms 

Date: 2024-04-03T10:29:30.761Z
Method: GET
Route: /plumbers/65df19c92bf51424e7ebee2e
Status: 304
Response time: 3.577ms 

Date: 2024-04-03T10:42:25.268Z
Method: GET
Route: /plumbers/65df19c92bf51424e7ebee2e/opinions
Status: 200
Response time: 4.687ms 

Date: 2024-04-03T10:44:59.830Z
Method: GET
Route: /plumbers/65df19c92bf51424e7ebee2e/opinions
Status: 500
Response time: 12.167ms 

Date: 2024-04-03T10:46:18.779Z
Method: GET
Route: /plumbers/65df19c92bf51424e7ebee2e/opinions
Status: 200
Response time: 11.612ms 

Date: 2024-04-03T10:58:20.849Z
Method: GET
Route: /plumbers/65df19c92bf51424e7ebee2e/opinions
Status: 200
Response time: 11.552ms 

Date: 2024-04-03T11:01:50.011Z
Method: POST
Route: /plumbers/65df19c92bf51424e7ebee2e/opinions
Status: 500
Response time: 2.240ms 

Date: 2024-04-03T11:06:32.724Z
Method: POST
Route: /plumbers/65df19c92bf51424e7ebee2e/opinions
Status: 500
Response time: 3.934ms 

Date: 2024-04-03T11:10:37.004Z
Method: POST
Route: /plumbers/65df19c92bf51424e7ebee2e/opinions
Status: 201
Response time: 31.528ms 

Date: 2024-04-03T11:16:26.378Z
Method: POST
Route: /plumbers/65df19c92bf51424e7ebee2e/opinions
Status: 201
Response time: 29.948ms 

Date: 2024-04-03T11:17:25.724Z
Method: POST
Route: /plumbers/65df19c92bf51424e7ebee2e/opinions
Status: 201
Response time: 14.187ms 

Date: 2024-04-03T11:17:46.043Z
Method: GET
Route: /plumbers
Status: 200
Response time: 8.205ms 

Date: 2024-04-03T11:17:48.162Z
Method: GET
Route: /plumbers/65df19c92bf51424e7ebee2e
Status: 200
Response time: 4.061ms 

Date: 2024-04-03T11:18:34.094Z
Method: GET
Route: /plumbers/65df19c92bf51424e7ebee2e/opinions
Status: 200
Response time: 6.185ms 

Date: 2024-04-03T11:18:34.097Z
Method: GET
Route: /plumbers/65df19c92bf51424e7ebee2e
Status: 304
Response time: 9.004ms 

Date: 2024-04-03T11:21:21.916Z
Method: GET
Route: /plumbers/65df19c92bf51424e7ebee2e
Status: 304
Response time: 3.508ms 

Date: 2024-04-03T11:21:21.919Z
Method: GET
Route: /plumbers/65df19c92bf51424e7ebee2e/opinions
Status: 304
Response time: 5.936ms 

Date: 2024-04-03T11:21:56.148Z
Method: GET
Route: /plumbers/65df19c92bf51424e7ebee2e
Status: 304
Response time: 5.845ms 

Date: 2024-04-03T11:21:56.150Z
Method: GET
Route: /plumbers/65df19c92bf51424e7ebee2e/opinions
Status: 304
Response time: 7.347ms 

Date: 2024-04-03T11:22:15.430Z
Method: GET
Route: /plumbers/65df19c92bf51424e7ebee2e
Status: 304
Response time: 5.498ms 

Date: 2024-04-03T11:22:15.431Z
Method: GET
Route: /plumbers/65df19c92bf51424e7ebee2e/opinions
Status: 304
Response time: 6.464ms 

Date: 2024-04-03T11:25:52.797Z
Method: GET
Route: /plumbers/65df19c92bf51424e7ebee2e
Status: 304
Response time: 6.027ms 

Date: 2024-04-03T11:25:52.799Z
Method: GET
Route: /plumbers/65df19c92bf51424e7ebee2e/opinions
Status: 304
Response time: 7.720ms 

Date: 2024-04-03T11:26:27.785Z
Method: GET
Route: /plumbers/65df19c92bf51424e7ebee2e
Status: 304
Response time: 3.742ms 

Date: 2024-04-03T11:26:27.787Z
Method: GET
Route: /plumbers/65df19c92bf51424e7ebee2e/opinions
Status: 304
Response time: 5.078ms 

Date: 2024-04-03T11:27:50.895Z
Method: GET
Route: /plumbers/65df19c92bf51424e7ebee2e
Status: 304
Response time: 5.266ms 

Date: 2024-04-03T11:27:50.897Z
Method: GET
Route: /plumbers/65df19c92bf51424e7ebee2e/opinions
Status: 304
Response time: 6.652ms 

Date: 2024-04-03T11:28:22.777Z
Method: GET
Route: /plumbers
Status: 304
Response time: 3.295ms 

Date: 2024-04-03T11:28:27.807Z
Method: GET
Route: /plumbers
Status: 304
Response time: 3.473ms 

Date: 2024-04-03T11:28:30.267Z
Method: GET
Route: /plumbers/65df19c92bf51424e7ebee2e
Status: 304
Response time: 6.639ms 

Date: 2024-04-03T11:28:30.269Z
Method: GET
Route: /plumbers/65df19c92bf51424e7ebee2e/opinions
Status: 304
Response time: 8.540ms 

Date: 2024-04-03T11:29:27.788Z
Method: GET
Route: /plumbers/65df19c92bf51424e7ebee2e/opinions
Status: 304
Response time: 4.334ms 

Date: 2024-04-03T11:29:27.789Z
Method: GET
Route: /plumbers/65df19c92bf51424e7ebee2e
Status: 304
Response time: 5.873ms 

Date: 2024-04-03T11:29:32.795Z
Method: GET
Route: /plumbers/65df19c92bf51424e7ebee2e
Status: 304
Response time: 4.808ms 

Date: 2024-04-03T11:29:32.798Z
Method: GET
Route: /plumbers/65df19c92bf51424e7ebee2e/opinions
Status: 304
Response time: 5.175ms 

Date: 2024-04-03T11:30:05.794Z
Method: GET
Route: /plumbers/65df19c92bf51424e7ebee2e
Status: 304
Response time: 3.886ms 

Date: 2024-04-03T11:30:05.798Z
Method: GET
Route: /plumbers/65df19c92bf51424e7ebee2e/opinions
Status: 304
Response time: 5.869ms 

Date: 2024-04-03T11:30:43.792Z
Method: GET
Route: /plumbers/65df19c92bf51424e7ebee2e
Status: 304
Response time: 2.908ms 

Date: 2024-04-03T11:30:43.794Z
Method: GET
Route: /plumbers/65df19c92bf51424e7ebee2e/opinions
Status: 304
Response time: 4.329ms 

Date: 2024-04-03T11:31:40.798Z
Method: GET
Route: /plumbers/65df19c92bf51424e7ebee2e
Status: 304
Response time: 4.949ms 

Date: 2024-04-03T11:31:40.803Z
Method: GET
Route: /plumbers/65df19c92bf51424e7ebee2e/opinions
Status: 304
Response time: 8.103ms 

Date: 2024-04-03T11:33:11.940Z
Method: GET
Route: /plumbers
Status: 304
Response time: 2.757ms 

Date: 2024-04-03T11:33:30.949Z
Method: POST
Route: /onlyAdmin/login
Status: 200
Response time: 94.773ms 

Date: 2024-04-03T11:33:30.963Z
Method: GET
Route: /onlyAdmin/me
Status: 200
Response time: 4.850ms 

Date: 2024-04-03T11:33:33.753Z
Method: GET
Route: /plumbers
Status: 304
Response time: 4.109ms 

Date: 2024-04-03T11:33:44.649Z
Method: GET
Route: /plumbers/65df19c92bf51424e7ebee2e
Status: 304
Response time: 3.118ms 

Date: 2024-04-03T11:34:00.594Z
Method: PUT
Route: /plumbers/65df19c92bf51424e7ebee2e
Status: 200
Response time: 17.538ms 

Date: 2024-04-03T11:34:00.639Z
Method: GET
Route: /plumbers
Status: 304
Response time: 3.757ms 

Date: 2024-04-03T11:34:13.789Z
Method: GET
Route: /plumbers/65df19c92bf51424e7ebee2e
Status: 200
Response time: 3.047ms 

Date: 2024-04-03T11:34:13.791Z
Method: GET
Route: /plumbers/65df19c92bf51424e7ebee2e/opinions
Status: 304
Response time: 5.345ms 

Date: 2024-04-03T11:38:40.802Z
Method: GET
Route: /plumbers/65df19c92bf51424e7ebee2e
Status: 304
Response time: 3.749ms 

Date: 2024-04-03T11:38:40.803Z
Method: GET
Route: /plumbers/65df19c92bf51424e7ebee2e/opinions
Status: 304
Response time: 4.352ms 

Date: 2024-04-03T11:39:43.793Z
Method: GET
Route: /plumbers/65df19c92bf51424e7ebee2e
Status: 304
Response time: 3.811ms 

Date: 2024-04-03T11:39:43.795Z
Method: GET
Route: /plumbers/65df19c92bf51424e7ebee2e/opinions
Status: 304
Response time: 5.723ms 

Date: 2024-04-03T11:41:33.793Z
Method: GET
Route: /plumbers/65df19c92bf51424e7ebee2e/opinions
Status: 304
Response time: 2.599ms 

Date: 2024-04-03T11:41:33.795Z
Method: GET
Route: /plumbers/65df19c92bf51424e7ebee2e
Status: 304
Response time: 4.416ms 

Date: 2024-04-03T11:42:00.797Z
Method: GET
Route: /plumbers/65df19c92bf51424e7ebee2e
Status: 304
Response time: 3.643ms 

Date: 2024-04-03T11:42:00.799Z
Method: GET
Route: /plumbers/65df19c92bf51424e7ebee2e/opinions
Status: 304
Response time: 4.890ms 

Date: 2024-04-03T11:43:25.781Z
Method: GET
Route: /plumbers/65df19c92bf51424e7ebee2e
Status: 304
Response time: 3.293ms 

Date: 2024-04-03T11:43:25.782Z
Method: GET
Route: /plumbers/65df19c92bf51424e7ebee2e/opinions
Status: 304
Response time: 3.813ms 

Date: 2024-04-03T11:50:53.799Z
Method: GET
Route: /plumbers/65df19c92bf51424e7ebee2e
Status: 304
Response time: 4.543ms 

Date: 2024-04-03T11:50:53.801Z
Method: GET
Route: /plumbers/65df19c92bf51424e7ebee2e/opinions
Status: 304
Response time: 5.465ms 

Date: 2024-04-03T11:50:58.775Z
Method: GET
Route: /plumbers/65df19c92bf51424e7ebee2e
Status: 304
Response time: 4.457ms 

Date: 2024-04-03T11:50:58.776Z
Method: GET
Route: /plumbers/65df19c92bf51424e7ebee2e/opinions
Status: 304
Response time: 4.279ms 

Date: 2024-04-03T11:50:58.781Z
Method: GET
Route: /onlyAdmin/me
Status: 200
Response time: 4.127ms 

Date: 2024-04-03T11:51:33.082Z
Method: GET
Route: /plumbers/65df19c92bf51424e7ebee2e
Status: 304
Response time: 2.952ms 

Date: 2024-04-03T11:51:33.084Z
Method: GET
Route: /plumbers/65df19c92bf51424e7ebee2e/opinions
Status: 304
Response time: 4.823ms 

Date: 2024-04-03T11:53:20.793Z
Method: GET
Route: /plumbers/65df19c92bf51424e7ebee2e
Status: 304
Response time: 3.059ms 

Date: 2024-04-03T11:53:20.796Z
Method: GET
Route: /plumbers/65df19c92bf51424e7ebee2e/opinions
Status: 304
Response time: 5.809ms 

Date: 2024-04-03T11:54:11.638Z
Method: GET
Route: /plumbers/65df19c92bf51424e7ebee2e/opinions
Status: 304
Response time: 4.666ms 

Date: 2024-04-03T11:54:11.640Z
Method: GET
Route: /plumbers/65df19c92bf51424e7ebee2e
Status: 304
Response time: 5.553ms 

Date: 2024-04-03T12:00:25.813Z
Method: GET
Route: /plumbers/65df19c92bf51424e7ebee2e
Status: 304
Response time: 8.368ms 

Date: 2024-04-03T12:00:25.816Z
Method: GET
Route: /plumbers/65df19c92bf51424e7ebee2e/opinions
Status: 304
Response time: 10.937ms 

Date: 2024-04-03T12:00:40.797Z
Method: GET
Route: /plumbers/65df19c92bf51424e7ebee2e
Status: 304
Response time: 4.915ms 

Date: 2024-04-03T12:00:40.799Z
Method: GET
Route: /plumbers/65df19c92bf51424e7ebee2e/opinions
Status: 304
Response time: 6.365ms 

Date: 2024-04-03T12:03:28.796Z
Method: GET
Route: /plumbers/65df19c92bf51424e7ebee2e/opinions
Status: 304
Response time: 2.279ms 

Date: 2024-04-03T12:03:28.797Z
Method: GET
Route: /plumbers/65df19c92bf51424e7ebee2e
Status: 304
Response time: 3.143ms 

Date: 2024-04-03T12:06:27.794Z
Method: GET
Route: /plumbers/65df19c92bf51424e7ebee2e
Status: 304
Response time: 3.481ms 

Date: 2024-04-03T12:06:27.796Z
Method: GET
Route: /plumbers/65df19c92bf51424e7ebee2e/opinions
Status: 304
Response time: 5.080ms 

Date: 2024-04-03T12:06:34.025Z
Method: GET
Route: /plumbers/65df19c92bf51424e7ebee2e
Status: 304
Response time: 3.915ms 

Date: 2024-04-03T12:06:34.027Z
Method: GET
Route: /plumbers/65df19c92bf51424e7ebee2e/opinions
Status: 304
Response time: 5.379ms 

Date: 2024-04-03T12:06:34.031Z
Method: GET
Route: /onlyAdmin/me
Status: 200
Response time: 3.479ms 

Date: 2024-04-03T12:06:57.803Z
Method: GET
Route: /plumbers/65df19c92bf51424e7ebee2e
Status: 304
Response time: 3.471ms 

Date: 2024-04-03T12:06:57.805Z
Method: GET
Route: /plumbers/65df19c92bf51424e7ebee2e/opinions
Status: 304
Response time: 5.490ms 

Date: 2024-04-03T12:07:08.088Z
Method: GET
Route: /plumbers/65df19c92bf51424e7ebee2e
Status: 304
Response time: 4.887ms 

Date: 2024-04-03T12:07:08.089Z
Method: GET
Route: /plumbers/65df19c92bf51424e7ebee2e/opinions
Status: 304
Response time: 5.907ms 

Date: 2024-04-03T12:07:14.764Z
Method: GET
Route: /plumbers/65df19c92bf51424e7ebee2e
Status: 304
Response time: 2.952ms 

Date: 2024-04-03T12:07:14.766Z
Method: GET
Route: /plumbers/65df19c92bf51424e7ebee2e/opinions
Status: 304
Response time: 4.667ms 

Date: 2024-04-03T12:08:11.804Z
Method: GET
Route: /plumbers/65df19c92bf51424e7ebee2e
Status: 304
Response time: 3.908ms 

Date: 2024-04-03T12:08:11.806Z
Method: GET
Route: /plumbers/65df19c92bf51424e7ebee2e/opinions
Status: 304
Response time: 4.008ms 

Date: 2024-04-03T12:09:57.797Z
Method: GET
Route: /plumbers/65df19c92bf51424e7ebee2e
Status: 304
Response time: 4.241ms 

Date: 2024-04-03T12:09:57.798Z
Method: GET
Route: /plumbers/65df19c92bf51424e7ebee2e/opinions
Status: 304
Response time: 3.789ms 

Date: 2024-04-03T12:10:07.608Z
Method: GET
Route: /plumbers/65df19c92bf51424e7ebee2e
Status: 304
Response time: 2.815ms 

Date: 2024-04-03T12:10:07.609Z
Method: GET
Route: /plumbers/65df19c92bf51424e7ebee2e/opinions
Status: 304
Response time: 3.727ms 

Date: 2024-04-03T12:10:20.636Z
Method: GET
Route: /plumbers/65df19c92bf51424e7ebee2e
Status: 304
Response time: 4.627ms 

Date: 2024-04-03T12:10:20.638Z
Method: GET
Route: /plumbers/65df19c92bf51424e7ebee2e/opinions
Status: 304
Response time: 7.149ms 

Date: 2024-04-03T12:10:35.770Z
Method: GET
Route: /plumbers/65df19c92bf51424e7ebee2e
Status: 304
Response time: 2.803ms 

Date: 2024-04-03T12:10:35.772Z
Method: GET
Route: /plumbers/65df19c92bf51424e7ebee2e/opinions
Status: 304
Response time: 3.630ms 

Date: 2024-04-03T12:13:54.795Z
Method: GET
Route: /plumbers/65df19c92bf51424e7ebee2e
Status: 304
Response time: 4.457ms 

Date: 2024-04-03T12:13:54.797Z
Method: GET
Route: /plumbers/65df19c92bf51424e7ebee2e/opinions
Status: 304
Response time: 5.649ms 

Date: 2024-04-03T12:14:23.328Z
Method: GET
Route: /plumbers/65df19c92bf51424e7ebee2e
Status: 304
Response time: 3.412ms 

Date: 2024-04-03T12:14:23.331Z
Method: GET
Route: /plumbers/65df19c92bf51424e7ebee2e/opinions
Status: 304
Response time: 5.855ms 

Date: 2024-04-03T12:14:30.349Z
Method: GET
Route: /plumbers/65df19c92bf51424e7ebee2e
Status: 304
Response time: 4.416ms 

Date: 2024-04-03T12:14:30.352Z
Method: GET
Route: /plumbers/65df19c92bf51424e7ebee2e/opinions
Status: 304
Response time: 6.928ms 

Date: 2024-04-03T12:14:38.608Z
Method: GET
Route: /plumbers/65df19c92bf51424e7ebee2e
Status: 304
Response time: 3.386ms 

Date: 2024-04-03T12:14:38.611Z
Method: GET
Route: /plumbers/65df19c92bf51424e7ebee2e/opinions
Status: 304
Response time: 5.609ms 

Date: 2024-04-03T12:15:24.232Z
Method: GET
Route: /plumbers/65df19c92bf51424e7ebee2e
Status: 304
Response time: 4.033ms 

Date: 2024-04-03T12:15:24.235Z
Method: GET
Route: /plumbers/65df19c92bf51424e7ebee2e/opinions
Status: 304
Response time: 7.043ms 

Date: 2024-04-03T12:16:09.528Z
Method: GET
Route: /plumbers/65df19c92bf51424e7ebee2e
Status: 304
Response time: 5.169ms 

Date: 2024-04-03T12:16:09.530Z
Method: GET
Route: /plumbers/65df19c92bf51424e7ebee2e/opinions
Status: 304
Response time: 6.309ms 

Date: 2024-04-03T12:17:36.272Z
Method: GET
Route: /plumbers/65df19c92bf51424e7ebee2e
Status: 304
Response time: 3.018ms 

Date: 2024-04-03T12:17:36.274Z
Method: GET
Route: /plumbers/65df19c92bf51424e7ebee2e/opinions
Status: 304
Response time: 4.420ms 

Date: 2024-04-03T12:17:55.651Z
Method: GET
Route: /plumbers/65df19c92bf51424e7ebee2e
Status: 304
Response time: 7.930ms 

Date: 2024-04-03T12:17:55.653Z
Method: GET
Route: /plumbers/65df19c92bf51424e7ebee2e/opinions
Status: 304
Response time: 8.891ms 

Date: 2024-04-03T12:19:49.232Z
Method: GET
Route: /plumbers/65df19c92bf51424e7ebee2e
Status: 304
Response time: 2.438ms 

Date: 2024-04-03T12:19:49.233Z
Method: GET
Route: /plumbers/65df19c92bf51424e7ebee2e/opinions
Status: 304
Response time: 3.501ms 

Date: 2024-04-03T12:21:16.080Z
Method: GET
Route: /plumbers/65df19c92bf51424e7ebee2e
Status: 304
Response time: 2.352ms 

Date: 2024-04-03T12:21:16.081Z
Method: GET
Route: /plumbers/65df19c92bf51424e7ebee2e/opinions
Status: 304
Response time: 3.160ms 

Date: 2024-04-03T12:21:57.596Z
Method: GET
Route: /plumbers/65df19c92bf51424e7ebee2e
Status: 304
Response time: 4.673ms 

Date: 2024-04-03T12:21:57.602Z
Method: GET
Route: /plumbers/65df19c92bf51424e7ebee2e/opinions
Status: 304
Response time: 3.972ms 

Date: 2024-04-03T12:22:30.797Z
Method: GET
Route: /plumbers/65df19c92bf51424e7ebee2e
Status: 304
Response time: 2.575ms 

Date: 2024-04-03T12:22:30.800Z
Method: GET
Route: /plumbers/65df19c92bf51424e7ebee2e/opinions
Status: 304
Response time: 3.866ms 

Date: 2024-04-03T12:22:56.097Z
Method: GET
Route: /plumbers/65df19c92bf51424e7ebee2e
Status: 304
Response time: 5.417ms 

Date: 2024-04-03T12:22:56.099Z
Method: GET
Route: /plumbers/65df19c92bf51424e7ebee2e/opinions
Status: 304
Response time: 6.833ms 

Date: 2024-04-03T12:23:44.784Z
Method: GET
Route: /plumbers/65df19c92bf51424e7ebee2e
Status: 304
Response time: 2.365ms 

Date: 2024-04-03T12:23:44.785Z
Method: GET
Route: /plumbers/65df19c92bf51424e7ebee2e/opinions
Status: 304
Response time: 3.071ms 

Date: 2024-04-03T12:23:53.800Z
Method: GET
Route: /plumbers/65df19c92bf51424e7ebee2e
Status: 304
Response time: 6.088ms 

Date: 2024-04-03T12:23:53.808Z
Method: GET
Route: /plumbers/65df19c92bf51424e7ebee2e/opinions
Status: 304
Response time: 6.947ms 

Date: 2024-04-03T12:24:42.866Z
Method: GET
Route: /plumbers/65df19c92bf51424e7ebee2e
Status: 304
Response time: 2.421ms 

Date: 2024-04-03T12:24:42.867Z
Method: GET
Route: /plumbers/65df19c92bf51424e7ebee2e/opinions
Status: 304
Response time: 3.095ms 

Date: 2024-04-03T12:25:00.267Z
Method: GET
Route: /plumbers/65df19c92bf51424e7ebee2e/opinions
Status: 304
Response time: 4.276ms 

Date: 2024-04-03T12:25:00.269Z
Method: GET
Route: /plumbers/65df19c92bf51424e7ebee2e
Status: 304
Response time: 6.297ms 

Date: 2024-04-03T12:25:09.742Z
Method: GET
Route: /plumbers/65df19c92bf51424e7ebee2e
Status: 304
Response time: 5.017ms 

Date: 2024-04-03T12:25:09.744Z
Method: GET
Route: /plumbers/65df19c92bf51424e7ebee2e/opinions
Status: 304
Response time: 6.102ms 

Date: 2024-04-03T12:25:14.638Z
Method: GET
Route: /plumbers/65df19c92bf51424e7ebee2e
Status: 304
Response time: 5.156ms 

Date: 2024-04-03T12:25:14.639Z
Method: GET
Route: /plumbers/65df19c92bf51424e7ebee2e/opinions
Status: 304
Response time: 6.290ms 

Date: 2024-04-03T12:25:20.661Z
Method: GET
Route: /plumbers/65df19c92bf51424e7ebee2e
Status: 304
Response time: 2.658ms 

Date: 2024-04-03T12:25:20.662Z
Method: GET
Route: /plumbers/65df19c92bf51424e7ebee2e/opinions
Status: 304
Response time: 3.283ms 

Date: 2024-04-03T12:25:56.658Z
Method: GET
Route: /plumbers/65df19c92bf51424e7ebee2e/opinions
Status: 304
Response time: 3.907ms 

Date: 2024-04-03T12:25:56.660Z
Method: GET
Route: /plumbers/65df19c92bf51424e7ebee2e
Status: 304
Response time: 5.485ms 

Date: 2024-04-03T12:26:02.872Z
Method: GET
Route: /plumbers/65df19c92bf51424e7ebee2e
Status: 304
Response time: 5.864ms 

Date: 2024-04-03T12:26:02.874Z
Method: GET
Route: /plumbers/65df19c92bf51424e7ebee2e/opinions
Status: 304
Response time: 6.952ms 

Date: 2024-04-03T12:26:10.132Z
Method: GET
Route: /plumbers/65df19c92bf51424e7ebee2e
Status: 304
Response time: 4.445ms 

Date: 2024-04-03T12:26:10.133Z
Method: GET
Route: /plumbers/65df19c92bf51424e7ebee2e/opinions
Status: 304
Response time: 5.458ms 

Date: 2024-04-03T12:26:28.097Z
Method: GET
Route: /plumbers
Status: 304
Response time: 3.369ms 

Date: 2024-04-03T12:27:32.728Z
Method: GET
Route: /plumbers
Status: 304
Response time: 6.155ms 

Date: 2024-04-03T12:28:14.731Z
Method: GET
Route: /plumbers
Status: 304
Response time: 5.952ms 

Date: 2024-04-03T12:28:46.842Z
Method: GET
Route: /plumbers
Status: 304
Response time: 2.846ms 

Date: 2024-04-03T12:29:05.948Z
Method: GET
Route: /plumbers
Status: 304
Response time: 3.510ms 

Date: 2024-04-03T12:29:56.672Z
Method: GET
Route: /plumbers
Status: 304
Response time: 2.754ms 

Date: 2024-04-03T12:30:02.987Z
Method: GET
Route: /plumbers
Status: 304
Response time: 3.104ms 

Date: 2024-04-03T12:31:21.168Z
Method: GET
Route: /plumbers/65df19c92bf51424e7ebee2e
Status: 304
Response time: 2.851ms 

Date: 2024-04-03T12:31:21.169Z
Method: GET
Route: /plumbers/65df19c92bf51424e7ebee2e/opinions
Status: 304
Response time: 4.175ms 

Date: 2024-04-03T12:32:39.680Z
Method: GET
Route: /plumbers
Status: 304
Response time: 2.592ms 

Date: 2024-04-03T13:34:40.855Z
Method: GET
Route: /plumbers/65df19c92bf51424e7ebee2e
Status: 304
Response time: 3.536ms 

Date: 2024-04-03T13:34:40.857Z
Method: GET
Route: /plumbers/65df19c92bf51424e7ebee2e/opinions
Status: 304
Response time: 5.425ms 

Date: 2024-04-03T13:35:08.428Z
Method: GET
Route: /plumbers/65df19c92bf51424e7ebee2e/opinions
Status: 304
Response time: 4.004ms 

Date: 2024-04-03T13:35:08.430Z
Method: GET
Route: /plumbers/65df19c92bf51424e7ebee2e
Status: 304
Response time: 5.928ms 

Date: 2024-04-03T13:35:32.443Z
Method: GET
Route: /plumbers/65df19c92bf51424e7ebee2e
Status: 304
Response time: 2.390ms 

Date: 2024-04-03T13:35:32.444Z
Method: GET
Route: /plumbers/65df19c92bf51424e7ebee2e/opinions
Status: 304
Response time: 2.963ms 

Date: 2024-04-03T13:35:39.769Z
Method: GET
Route: /plumbers/65df19c92bf51424e7ebee2e
Status: 304
Response time: 3.225ms 

Date: 2024-04-03T13:35:39.770Z
Method: GET
Route: /plumbers/65df19c92bf51424e7ebee2e/opinions
Status: 304
Response time: 4.418ms 

Date: 2024-04-03T13:37:19.799Z
Method: GET
Route: /plumbers/65df19c92bf51424e7ebee2e
Status: 304
Response time: 3.034ms 

Date: 2024-04-03T13:37:19.801Z
Method: GET
Route: /plumbers/65df19c92bf51424e7ebee2e/opinions
Status: 304
Response time: 4.381ms 

Date: 2024-04-03T13:37:56.805Z
Method: GET
Route: /plumbers/65df19c92bf51424e7ebee2e/opinions
Status: 304
Response time: 4.562ms 

Date: 2024-04-03T13:37:56.807Z
Method: GET
Route: /plumbers/65df19c92bf51424e7ebee2e
Status: 304
Response time: 6.695ms 

Date: 2024-04-03T13:40:57.812Z
Method: GET
Route: /plumbers/65df19c92bf51424e7ebee2e
Status: 304
Response time: 9.133ms 

Date: 2024-04-03T13:40:57.815Z
Method: GET
Route: /plumbers/65df19c92bf51424e7ebee2e/opinions
Status: 304
Response time: 10.570ms 

Date: 2024-04-03T13:41:29.792Z
Method: GET
Route: /plumbers/65df19c92bf51424e7ebee2e
Status: 304
Response time: 3.950ms 

Date: 2024-04-03T13:41:29.793Z
Method: GET
Route: /plumbers/65df19c92bf51424e7ebee2e/opinions
Status: 304
Response time: 5.140ms 

Date: 2024-04-03T13:41:36.207Z
Method: GET
Route: /plumbers/65df19c92bf51424e7ebee2e
Status: 304
Response time: 4.373ms 

Date: 2024-04-03T13:41:36.209Z
Method: GET
Route: /plumbers/65df19c92bf51424e7ebee2e/opinions
Status: 304
Response time: 5.651ms 

Date: 2024-04-03T13:41:36.212Z
Method: GET
Route: /onlyAdmin/me
Status: 401
Response time: 2.345ms 

Date: 2024-04-03T13:41:55.801Z
Method: GET
Route: /plumbers/65df19c92bf51424e7ebee2e
Status: 304
Response time: 2.636ms 

Date: 2024-04-03T13:41:55.804Z
Method: GET
Route: /plumbers/65df19c92bf51424e7ebee2e/opinions
Status: 304
Response time: 3.596ms 

Date: 2024-04-03T13:42:09.806Z
Method: GET
Route: /plumbers/65df19c92bf51424e7ebee2e
Status: 304
Response time: 3.358ms 

Date: 2024-04-03T13:42:09.807Z
Method: GET
Route: /plumbers/65df19c92bf51424e7ebee2e/opinions
Status: 304
Response time: 4.475ms 

Date: 2024-04-03T13:42:29.843Z
Method: GET
Route: /plumbers/65df19c92bf51424e7ebee2e
Status: 304
Response time: 2.396ms 

Date: 2024-04-03T13:42:29.844Z
Method: GET
Route: /plumbers/65df19c92bf51424e7ebee2e/opinions
Status: 304
Response time: 3.132ms 

Date: 2024-04-03T13:42:39.773Z
Method: GET
Route: /plumbers/65df19c92bf51424e7ebee2e
Status: 304
Response time: 3.610ms 

Date: 2024-04-03T13:42:39.775Z
Method: GET
Route: /plumbers/65df19c92bf51424e7ebee2e/opinions
Status: 304
Response time: 5.064ms 

Date: 2024-04-03T13:42:53.236Z
Method: GET
Route: /plumbers/65df19c92bf51424e7ebee2e
Status: 304
Response time: 2.866ms 

Date: 2024-04-03T13:42:53.237Z
Method: GET
Route: /plumbers/65df19c92bf51424e7ebee2e/opinions
Status: 304
Response time: 3.921ms 

Date: 2024-04-03T13:48:10.800Z
Method: GET
Route: /plumbers/65df19c92bf51424e7ebee2e
Status: 304
Response time: 5.453ms 

Date: 2024-04-03T13:48:10.801Z
Method: GET
Route: /plumbers/65df19c92bf51424e7ebee2e/opinions
Status: 304
Response time: 5.901ms 

Date: 2024-04-03T13:48:30.294Z
Method: GET
Route: /plumbers/65df19c92bf51424e7ebee2e
Status: 304
Response time: 2.839ms 

Date: 2024-04-03T13:48:30.295Z
Method: GET
Route: /plumbers/65df19c92bf51424e7ebee2e/opinions
Status: 304
Response time: 3.759ms 

Date: 2024-04-03T13:57:36.602Z
Method: GET
Route: /plumbers
Status: 304
Response time: 5.488ms 

Date: 2024-04-03T14:13:10.751Z
Method: GET
Route: /plumbers/65df19c92bf51424e7ebee2e
Status: 304
Response time: 3.977ms 

Date: 2024-04-03T14:13:10.752Z
Method: GET
Route: /plumbers/65df19c92bf51424e7ebee2e/opinions
Status: 304
Response time: 4.908ms 

Date: 2024-04-03T14:13:22.489Z
Method: GET
Route: /plumbers
Status: 304
Response time: 3.499ms 

Date: 2024-04-03T14:13:24.040Z
Method: GET
Route: /onlyAdmin/me
Status: 401
Response time: 1.839ms 

Date: 2024-04-10T06:39:07.495Z
Method: GET
Route: /onlyAdmin/me
Status: 401
Response time: 2.008ms 

Date: 2024-04-10T06:39:08.519Z
Method: GET
Route: /onlyAdmin/me
Status: 401
Response time: 2.659ms 

Date: 2024-04-10T06:39:19.573Z
Method: POST
Route: /onlyAdmin/login
Status: 200
Response time: 114.473ms 

Date: 2024-04-10T06:39:19.589Z
Method: GET
Route: /onlyAdmin/me
Status: 200
Response time: 6.059ms 

Date: 2024-04-10T06:39:26.772Z
Method: GET
Route: /plumbers
Status: 304
Response time: 2.508ms 

Date: 2024-04-10T06:49:48.983Z
Method: GET
Route: /plumbers/65df19c92bf51424e7ebee2e
Status: 304
Response time: 3.695ms 

Date: 2024-04-10T06:49:48.984Z
Method: GET
Route: /plumbers/65df19c92bf51424e7ebee2e/opinions
Status: 304
Response time: 4.834ms 

Date: 2024-04-10T06:49:53.759Z
Method: GET
Route: /plumbers
Status: 304
Response time: 3.342ms 

Date: 2024-04-10T06:52:15.590Z
Method: GET
Route: /plumbers
Status: 304
Response time: 2.573ms 

Date: 2024-04-10T06:53:05.396Z
Method: GET
Route: /plumbers?sortBy=averageRating
Status: 200
Response time: 4.483ms 

Date: 2024-04-10T06:53:07.372Z
Method: GET
Route: /plumbers?sortBy=averageRating
Status: 304
Response time: 3.875ms 

Date: 2024-04-10T06:53:07.377Z
Method: GET
Route: /onlyAdmin/me
Status: 200
Response time: 3.140ms 

Date: 2024-04-10T06:53:39.544Z
Method: GET
Route: /plumbers?sortBy=averageRating&region=%D7%9E%D7%A8%D7%9B%D7%96
Status: 200
Response time: 2.788ms 

Date: 2024-04-10T06:54:14.519Z
Method: GET
Route: /plumbers?sortBy=averageRating&serviceArea=%D7%9E%D7%A8%D7%9B%D7%96
Status: 200
Response time: 2.431ms 

Date: 2024-04-10T06:54:17.109Z
Method: GET
Route: /plumbers?sortBy=averageRating&serviceArea=%D7%9E%D7%A8%D7%9B%D7%96
Status: 304
Response time: 4.565ms 

Date: 2024-04-10T06:54:17.113Z
Method: GET
Route: /onlyAdmin/me
Status: 200
Response time: 2.903ms 

Date: 2024-04-10T06:54:46.696Z
Method: GET
Route: /onlyAdmin/me
Status: 200
Response time: 5.127ms 

Date: 2024-04-10T06:54:46.699Z
Method: GET
Route: /plumbers?sortBy=averageRating&serviceArea=%D7%9E%D7%A8%D7%9B%D7%96
Status: 304
Response time: 7.066ms 

Date: 2024-04-10T06:55:08.617Z
Method: GET
Route: /plumbers?sortBy=averageRating
Status: 304
Response time: 4.218ms 

Date: 2024-04-10T06:58:15.609Z
Method: GET
Route: /plumbers?sortBy=averageRating
Status: 304
Response time: 4.216ms 

Date: 2024-04-10T07:02:58.624Z
Method: GET
Route: /plumbers?sortBy=averageRating
Status: 304
Response time: 4.666ms 

Date: 2024-04-10T07:02:58.627Z
Method: GET
Route: /onlyAdmin/me
Status: 200
Response time: 6.592ms 

Date: 2024-04-10T07:05:11.883Z
Method: GET
Route: /plumbers?sortBy=averageRating
Status: 304
Response time: 2.647ms 

Date: 2024-04-10T07:05:21.094Z
Method: GET
Route: /plumbers?sortBy=averageRating
Status: 304
Response time: 6.573ms 

Date: 2024-04-10T07:05:21.095Z
Method: GET
Route: /onlyAdmin/me
Status: 200
Response time: 7.177ms 

Date: 2024-04-10T07:05:23.743Z
Method: GET
Route: /plumbers?sortBy=opinionsLength
Status: 200
Response time: 3.946ms 

Date: 2024-04-10T07:05:27.358Z
Method: GET
Route: /plumbers?sortBy=averageRating
Status: 304
Response time: 5.321ms 

Date: 2024-04-10T07:05:30.372Z
Method: GET
Route: /plumbers?sortBy=averageRating
Status: 304
Response time: 2.913ms 

Date: 2024-04-10T07:07:22.202Z
Method: GET
Route: /plumbers?sortBy=averageRating
Status: 304
Response time: 5.716ms 

Date: 2024-04-10T07:07:23.143Z
Method: GET
Route: /plumbers?sortBy=averageRating&serviceArea=%D7%A9%D7%A8%D7%95%D7%9F
Status: 200
Response time: 2.871ms 

Date: 2024-04-10T07:07:32.681Z
Method: GET
Route: /onlyAdmin/me
Status: 200
Response time: 4.667ms 

Date: 2024-04-10T07:07:32.683Z
Method: GET
Route: /plumbers?sortBy=averageRating
Status: 304
Response time: 6.419ms 

Date: 2024-04-10T07:07:49.164Z
Method: GET
Route: /plumbers?sortBy=averageRating&serviceArea=%D7%9E%D7%A8%D7%9B%D7%96
Status: 304
Response time: 5.392ms 

Date: 2024-04-10T07:08:18.210Z
Method: GET
Route: /plumbers?sortBy=opinionsLength&serviceArea=%D7%9E%D7%A8%D7%9B%D7%96
Status: 200
Response time: 6.839ms 

Date: 2024-04-10T07:08:20.115Z
Method: GET
Route: /plumbers?sortBy=averageRating&serviceArea=%D7%9E%D7%A8%D7%9B%D7%96
Status: 304
Response time: 3.591ms 

Date: 2024-04-10T07:08:27.758Z
Method: GET
Route: /plumbers?sortBy=opinionsLength&serviceArea=%D7%9E%D7%A8%D7%9B%D7%96
Status: 304
Response time: 3.103ms 

Date: 2024-04-10T07:08:31.051Z
Method: GET
Route: /plumbers?sortBy=averageRating&serviceArea=%D7%9E%D7%A8%D7%9B%D7%96
Status: 304
Response time: 3.258ms 

Date: 2024-04-10T07:08:39.333Z
Method: GET
Route: /plumbers?sortBy=opinionsLength&serviceArea=%D7%9E%D7%A8%D7%9B%D7%96
Status: 304
Response time: 5.080ms 

