Date: 2024-03-13T10:15:39.603Z
Method: GET
Route: /adminOnly/me
Status: 404
Response time: 6.717ms 

Date: 2024-03-13T10:17:24.465Z
Method: GET
Route: /adminOnly/me
Status: 404
Response time: 1.542ms 

Date: 2024-03-13T10:17:25.571Z
Method: GET
Route: /adminOnly/me
Status: 404
Response time: 0.803ms 

Date: 2024-03-13T10:21:16.997Z
Method: GET
Route: /adminOnly/me
Status: 404
Response time: 0.854ms 

Date: 2024-03-13T10:25:06.377Z
Method: GET
Route: /adminOnly/me
Status: 404
Response time: 1.320ms 

Date: 2024-03-13T10:27:02.595Z
Method: GET
Route: /adminOnly/me
Status: 404
Response time: 0.908ms 

Date: 2024-03-13T11:02:59.679Z
Method: GET
Route: /adminOnly/me
Status: 404
Response time: 5.071ms 

Date: 2024-03-13T11:26:39.270Z
Method: GET
Route: /adminOnly/me
Status: 404
Response time: 1.240ms 

Date: 2024-03-13T11:26:46.958Z
Method: GET
Route: /adminOnly/me
Status: 404
Response time: 0.612ms 

Date: 2024-03-13T11:27:27.564Z
Method: GET
Route: /adminOnly/me
Status: 404
Response time: 1.667ms 

Date: 2024-03-13T11:28:56.772Z
Method: GET
Route: /adminOnly/me
Status: 404
Response time: 1.257ms 

Date: 2024-03-13T11:29:51.520Z
Method: GET
Route: /adminOnly/me
Status: 404
Response time: 1.077ms 

Date: 2024-03-13T11:31:43.679Z
Method: GET
Route: /adminOnly/me
Status: 404
Response time: 1.182ms 

Date: 2024-03-13T11:32:49.261Z
Method: GET
Route: /adminOnly/me
Status: 404
Response time: 1.336ms 

Date: 2024-03-13T11:34:53.587Z
Method: POST
Route: /onlyAdmin/login
Status: 200
Response time: 81.054ms 

Date: 2024-03-13T11:35:41.993Z
Method: GET
Route: /adminOnly/me
Status: 404
Response time: 1.293ms 

Date: 2024-03-13T11:35:48.618Z
Method: POST
Route: /onlyAdmin/login
Status: 200
Response time: 82.310ms 

Date: 2024-03-13T11:36:48.997Z
Method: GET
Route: /adminOnly/me
Status: 404
Response time: 1.905ms 

Date: 2024-03-13T11:36:58.646Z
Method: POST
Route: /onlyAdmin/login
Status: 200
Response time: 105.181ms 

Date: 2024-03-13T11:40:14.536Z
Method: GET
Route: /adminOnly/me
Status: 404
Response time: 4.593ms 

Date: 2024-03-13T11:40:24.294Z
Method: POST
Route: /onlyAdmin/login
Status: 200
Response time: 135.574ms 

Date: 2024-03-13T11:42:03.718Z
Method: GET
Route: /adminOnly/me
Status: 200
Response time: 6.946ms 

Date: 2024-03-13T11:42:09.360Z
Method: POST
Route: /onlyAdmin/login
Status: 200
Response time: 108.839ms 

Date: 2024-03-13T11:43:21.263Z
Method: GET
Route: /favicon.ico
Status: 200
Response time: 1.408ms 

Date: 2024-03-13T11:43:34.129Z
Method: GET
Route: /plumbers
Status: 200
Response time: 6.601ms 

Date: 2024-03-13T11:43:34.166Z
Method: GET
Route: /favicon.ico
Status: 304
Response time: 1.082ms 

Date: 2024-03-13T11:49:26.265Z
Method: GET
Route: /plumbers
Status: 304
Response time: 4.271ms 

Date: 2024-03-13T11:49:26.291Z
Method: GET
Route: /favicon.ico
Status: 304
Response time: 0.716ms 

Date: 2024-03-13T11:50:12.198Z
Method: GET
Route: /adminOnly/me
Status: 304
Response time: 1.093ms 

Date: 2024-03-13T11:50:22.075Z
Method: POST
Route: /onlyAdmin/login
Status: 200
Response time: 96.822ms 

Date: 2024-03-13T11:53:27.497Z
Method: GET
Route: /plumbers
Status: 304
Response time: 3.807ms 

Date: 2024-03-13T11:53:27.540Z
Method: GET
Route: /favicon.ico
Status: 304
Response time: 0.919ms 

Date: 2024-03-13T11:53:58.615Z
Method: GET
Route: /adminOnly/me
Status: 304
Response time: 0.963ms 

Date: 2024-03-13T11:54:08.015Z
Method: POST
Route: /onlyAdmin/login
Status: 200
Response time: 107.898ms 

Date: 2024-03-13T11:54:32.334Z
Method: GET
Route: /adminOnly/me
Status: 304
Response time: 0.963ms 

Date: 2024-03-13T11:54:38.019Z
Method: POST
Route: /onlyAdmin/login
Status: 200
Response time: 129.519ms 

Date: 2024-03-13T12:00:57.492Z
Method: GET
Route: /adminOnly/me
Status: 304
Response time: 6.176ms 

Date: 2024-03-13T12:01:08.015Z
Method: POST
Route: /onlyAdmin/login
Status: 200
Response time: 148.722ms 

Date: 2024-03-13T12:02:55.481Z
Method: GET
Route: /plumbers
Status: 304
Response time: 5.361ms 

Date: 2024-03-13T12:02:55.545Z
Method: GET
Route: /favicon.ico
Status: 304
Response time: 0.969ms 

Date: 2024-03-13T12:02:58.476Z
Method: GET
Route: /adminOnly/me
Status: 304
Response time: 1.009ms 

Date: 2024-03-13T12:03:05.153Z
Method: POST
Route: /onlyAdmin/login
Status: 200
Response time: 77.442ms 

Date: 2024-03-13T12:04:02.767Z
Method: GET
Route: /adminOnly/me
Status: 304
Response time: 4.417ms 

Date: 2024-03-13T12:04:04.503Z
Method: GET
Route: /adminOnly/me
Status: 304
Response time: 1.122ms 

Date: 2024-03-13T12:04:11.104Z
Method: POST
Route: /onlyAdmin/login
Status: 200
Response time: 151.758ms 

Date: 2024-03-13T12:04:11.125Z
Method: GET
Route: /onlyAdmin/me
Status: 200
Response time: 11.005ms 

Date: 2024-03-13T12:05:24.676Z
Method: GET
Route: /adminOnly/me
Status: 304
Response time: 1.299ms 

Date: 2024-03-13T12:05:35.940Z
Method: POST
Route: /onlyAdmin/login
Status: 200
Response time: 94.363ms 

Date: 2024-03-13T12:05:35.953Z
Method: GET
Route: /onlyAdmin/me
Status: 200
Response time: 3.772ms 

Date: 2024-03-13T12:08:27.209Z
Method: POST
Route: /onlyAdmin/login
Status: 200
Response time: 83.094ms 

Date: 2024-03-13T12:08:27.223Z
Method: GET
Route: /onlyAdmin/me
Status: 200
Response time: 4.008ms 

Date: 2024-03-13T12:08:30.230Z
Method: GET
Route: /adminOnly/me
Status: 304
Response time: 1.130ms 

Date: 2024-03-13T12:12:00.268Z
Method: GET
Route: /onlyAdmin/me
Status: 200
Response time: 3.249ms 

Date: 2024-03-13T12:12:11.896Z
Method: POST
Route: /onlyAdmin/login
Status: 200
Response time: 64.931ms 

Date: 2024-03-13T12:12:11.909Z
Method: GET
Route: /onlyAdmin/me
Status: 200
Response time: 3.649ms 

Date: 2024-03-13T12:12:15.624Z
Method: GET
Route: /adminOnly/me
Status: 304
Response time: 1.260ms 

Date: 2024-03-13T12:12:18.983Z
Method: GET
Route: /adminOnly/me
Status: 304
Response time: 0.792ms 

Date: 2024-03-13T12:12:19.335Z
Method: GET
Route: /adminOnly/me
Status: 304
Response time: 5.572ms 

Date: 2024-03-13T12:12:20.442Z
Method: GET
Route: /onlyAdmin/me
Status: 200
Response time: 5.551ms 

Date: 2024-03-13T12:12:25.599Z
Method: GET
Route: /adminOnly/me
Status: 304
Response time: 0.814ms 

Date: 2024-03-13T12:12:30.447Z
Method: GET
Route: /onlyAdmin/me
Status: 200
Response time: 4.953ms 

Date: 2024-03-13T12:12:37.854Z
Method: GET
Route: /adminOnly/me
Status: 304
Response time: 1.714ms 

Date: 2024-03-13T12:12:38.803Z
Method: GET
Route: /onlyAdmin/me
Status: 200
Response time: 5.131ms 

Date: 2024-03-13T12:12:43.219Z
Method: GET
Route: /adminOnly/me
Status: 304
Response time: 1.045ms 

Date: 2024-03-13T12:12:45.788Z
Method: GET
Route: /onlyAdmin/me
Status: 200
Response time: 5.339ms 

Date: 2024-03-13T12:12:46.429Z
Method: GET
Route: /adminOnly/me
Status: 304
Response time: 4.900ms 

Date: 2024-03-13T12:15:39.696Z
Method: GET
Route: /adminOnly/me
Status: 304
Response time: 0.815ms 

Date: 2024-03-13T12:15:48.899Z
Method: GET
Route: /adminOnly/me
Status: 304
Response time: 0.950ms 

Date: 2024-03-13T12:15:57.501Z
Method: GET
Route: /adminOnly/me
Status: 304
Response time: 1.108ms 

Date: 2024-03-13T12:17:16.571Z
Method: GET
Route: /adminOnly/me
Status: 304
Response time: 0.906ms 

Date: 2024-03-13T12:20:26.759Z
Method: GET
Route: //onlyAdmin/me
Status: 200
Response time: 2.586ms 

Date: 2024-03-13T12:20:31.557Z
Method: GET
Route: //onlyAdmin/me
Status: 304
Response time: 0.799ms 

Date: 2024-03-13T12:20:34.228Z
Method: GET
Route: /onlyAdmin/me
Status: 200
Response time: 4.783ms 

Date: 2024-03-13T12:20:40.632Z
Method: GET
Route: /onlyAdmin/me
Status: 200
Response time: 4.240ms 

Date: 2024-03-13T12:20:45.629Z
Method: POST
Route: /onlyAdmin/login
Status: 403
Response time: 90.421ms 

Date: 2024-03-13T12:20:54.646Z
Method: POST
Route: /onlyAdmin/login
Status: 403
Response time: 87.362ms 

Date: 2024-03-13T12:20:55.182Z
Method: POST
Route: /onlyAdmin/login
Status: 403
Response time: 83.190ms 

Date: 2024-03-13T12:21:13.107Z
Method: GET
Route: //onlyAdmin/me
Status: 304
Response time: 5.491ms 

Date: 2024-03-13T12:21:13.131Z
Method: GET
Route: /onlyAdmin/me
Status: 200
Response time: 25.171ms 

Date: 2024-03-13T12:21:17.728Z
Method: POST
Route: /onlyAdmin/login
Status: 200
Response time: 68.045ms 

Date: 2024-03-13T12:21:17.737Z
Method: GET
Route: /onlyAdmin/me
Status: 200
Response time: 3.749ms 

Date: 2024-03-13T12:21:23.160Z
Method: GET
Route: /onlyAdmin/me
Status: 200
Response time: 6.131ms 

Date: 2024-03-13T12:21:27.345Z
Method: GET
Route: //onlyAdmin/me
Status: 304
Response time: 1.309ms 

Date: 2024-03-13T12:23:30.249Z
Method: POST
Route: /onlyAdmin/login
Status: 200
Response time: 99.674ms 

Date: 2024-03-13T12:23:42.201Z
Method: GET
Route: /onlyAdmin/me
Status: 200
Response time: 4.120ms 

Date: 2024-03-13T12:23:55.935Z
Method: GET
Route: //onlyAdmin/me
Status: 304
Response time: 1.238ms 

Date: 2024-03-13T12:24:24.621Z
Method: GET
Route: //onlyAdmin/me
Status: 304
Response time: 0.605ms 

Date: 2024-03-13T12:24:26.439Z
Method: GET
Route: /onlyAdmin/me
Status: 200
Response time: 4.533ms 

Date: 2024-03-13T12:24:37.590Z
Method: GET
Route: //onlyAdmin/me
Status: 304
Response time: 0.807ms 

Date: 2024-03-13T12:24:38.429Z
Method: GET
Route: /onlyAdmin/me
Status: 200
Response time: 3.728ms 

Date: 2024-03-13T12:24:43.576Z
Method: POST
Route: /onlyAdmin/login
Status: 200
Response time: 103.722ms 

Date: 2024-03-13T12:24:43.588Z
Method: GET
Route: /onlyAdmin/me
Status: 200
Response time: 3.648ms 

Date: 2024-03-13T12:25:16.410Z
Method: GET
Route: /adminOnly/me
Status: 304
Response time: 1.583ms 

Date: 2024-03-13T12:26:31.052Z
Method: GET
Route: /adminOnly/me
Status: 304
Response time: 1.263ms 

Date: 2024-03-13T12:26:37.639Z
Method: POST
Route: /onlyAdmin/login
Status: 403
Response time: 114.521ms 

Date: 2024-03-13T12:26:37.649Z
Method: GET
Route: /onlyAdmin/me
Status: 401
Response time: 1.030ms 

Date: 2024-03-13T12:28:42.426Z
Method: POST
Route: /onlyAdmin/login
Status: 200
Response time: 64.653ms 

Date: 2024-03-13T12:29:10.189Z
Method: GET
Route: /onlyAdmin/me
Status: 401
Response time: 0.569ms 

Date: 2024-03-13T12:31:29.468Z
Method: POST
Route: /onlyAdmin/login
Status: 200
Response time: 90.515ms 

Date: 2024-03-13T12:31:29.481Z
Method: GET
Route: /onlyAdmin/me
Status: 200
Response time: 3.267ms 

Date: 2024-03-13T12:33:25.038Z
Method: GET
Route: /onlyAdmin/me
Status: 200
Response time: 5.436ms 

Date: 2024-03-13T12:33:29.146Z
Method: GET
Route: /onlyAdmin/me
Status: 200
Response time: 5.220ms 

Date: 2024-03-13T12:33:30.048Z
Method: GET
Route: /onlyAdmin/me
Status: 200
Response time: 3.209ms 

Date: 2024-03-13T12:33:49.464Z
Method: GET
Route: /onlyAdmin/me
Status: 200
Response time: 4.911ms 

Date: 2024-03-13T12:33:55.462Z
Method: GET
Route: /onlyAdmin/me
Status: 200
Response time: 5.027ms 

Date: 2024-03-13T12:34:03.165Z
Method: GET
Route: /onlyAdmin/me
Status: 200
Response time: 5.252ms 

Date: 2024-03-13T12:34:04.134Z
Method: GET
Route: /onlyAdmin/me
Status: 200
Response time: 3.731ms 

Date: 2024-03-13T12:34:04.815Z
Method: GET
Route: /onlyAdmin/me
Status: 200
Response time: 4.541ms 

Date: 2024-03-13T12:34:05.045Z
Method: GET
Route: /onlyAdmin/me
Status: 200
Response time: 3.913ms 

Date: 2024-03-13T12:34:05.303Z
Method: GET
Route: /onlyAdmin/me
Status: 200
Response time: 4.516ms 

Date: 2024-03-13T12:34:05.544Z
Method: GET
Route: /onlyAdmin/me
Status: 200
Response time: 5.389ms 

Date: 2024-03-13T12:34:49.529Z
Method: GET
Route: /onlyAdmin/me
Status: 200
Response time: 6.120ms 

Date: 2024-03-13T12:35:08.338Z
Method: GET
Route: /onlyAdmin/me
Status: 200
Response time: 5.776ms 

Date: 2024-03-13T12:36:30.063Z
Method: GET
Route: /onlyAdmin/me
Status: 200
Response time: 2.880ms 

Date: 2024-03-13T12:36:42.214Z
Method: GET
Route: /onlyAdmin/me
Status: 200
Response time: 4.400ms 

Date: 2024-03-13T12:38:40.216Z
Method: GET
Route: /onlyAdmin/me
Status: 200
Response time: 3.898ms 

Date: 2024-03-13T12:38:41.141Z
Method: GET
Route: /onlyAdmin/me
Status: 200
Response time: 3.384ms 

Date: 2024-03-13T12:38:45.496Z
Method: GET
Route: /onlyAdmin/me
Status: 200
Response time: 3.264ms 

Date: 2024-03-13T12:39:55.862Z
Method: GET
Route: /onlyAdmin/me
Status: 200
Response time: 4.089ms 

Date: 2024-03-13T12:40:09.442Z
Method: GET
Route: /onlyAdmin/me
Status: 200
Response time: 4.599ms 

Date: 2024-03-13T12:40:57.702Z
Method: GET
Route: /onlyAdmin/me
Status: 200
Response time: 4.347ms 

Date: 2024-03-13T12:48:58.902Z
Method: POST
Route: /onlyAdmin/login
Status: 200
Response time: 90.967ms 

Date: 2024-03-13T12:48:58.915Z
Method: GET
Route: /onlyAdmin/me
Status: 200
Response time: 3.560ms 

Date: 2024-03-13T12:49:20.705Z
Method: POST
Route: /onlyAdmin/login
Status: 200
Response time: 82.157ms 

Date: 2024-03-13T12:49:20.721Z
Method: GET
Route: /onlyAdmin/me
Status: 200
Response time: 5.034ms 

Date: 2024-03-13T12:49:22.241Z
Method: GET
Route: /onlyAdmin/me
Status: 200
Response time: 3.071ms 

Date: 2024-03-13T12:49:22.905Z
Method: GET
Route: /onlyAdmin/me
Status: 200
Response time: 12.609ms 

Date: 2024-03-13T12:49:23.210Z
Method: GET
Route: /onlyAdmin/me
Status: 200
Response time: 4.546ms 

Date: 2024-03-13T12:49:25.673Z
Method: GET
Route: /onlyAdmin/me
Status: 200
Response time: 5.024ms 

Date: 2024-03-13T12:49:26.905Z
Method: GET
Route: /onlyAdmin/me
Status: 200
Response time: 4.746ms 

Date: 2024-03-13T12:58:39.508Z
Method: GET
Route: /onlyAdmin/me
Status: 200
Response time: 5.526ms 

Date: 2024-03-13T12:58:48.059Z
Method: POST
Route: /onlyAdmin/login
Status: 403
Response time: 107.006ms 

Date: 2024-03-13T12:58:48.069Z
Method: GET
Route: /onlyAdmin/me
Status: 401
Response time: 0.668ms 

Date: 2024-03-13T12:58:53.656Z
Method: GET
Route: /onlyAdmin/me
Status: 401
Response time: 0.612ms 

Date: 2024-03-13T12:59:06.955Z
Method: POST
Route: /onlyAdmin/login
Status: 200
Response time: 95.137ms 

Date: 2024-03-13T12:59:06.968Z
Method: GET
Route: /onlyAdmin/me
Status: 200
Response time: 4.788ms 

Date: 2024-03-13T12:59:09.821Z
Method: GET
Route: /onlyAdmin/me
Status: 200
Response time: 4.353ms 

Date: 2024-03-13T13:06:28.108Z
Method: POST
Route: /onlyAdmin/login
Status: 200
Response time: 136.601ms 

Date: 2024-03-13T13:06:28.120Z
Method: GET
Route: /onlyAdmin/me
Status: 200
Response time: 3.055ms 

Date: 2024-03-13T13:08:59.399Z
Method: GET
Route: /onlyAdmin/me
Status: 200
Response time: 4.999ms 

Date: 2024-03-13T13:09:39.247Z
Method: GET
Route: /onlyAdmin/me
Status: 200
Response time: 3.603ms 

Date: 2024-03-13T13:09:46.277Z
Method: POST
Route: /onlyAdmin/login
Status: 200
Response time: 98.657ms 

Date: 2024-03-13T13:09:46.288Z
Method: GET
Route: /onlyAdmin/me
Status: 200
Response time: 2.753ms 

Date: 2024-03-13T13:09:49.363Z
Method: GET
Route: /onlyAdmin/me
Status: 200
Response time: 3.786ms 

Date: 2024-03-13T13:10:54.658Z
Method: GET
Route: /onlyAdmin/me
Status: 200
Response time: 6.190ms 

Date: 2024-03-13T13:11:01.208Z
Method: GET
Route: /onlyAdmin/me
Status: 200
Response time: 3.523ms 

Date: 2024-03-13T13:11:02.917Z
Method: GET
Route: /onlyAdmin/me
Status: 200
Response time: 4.279ms 

Date: 2024-03-13T13:11:10.785Z
Method: POST
Route: /onlyAdmin/login
Status: 200
Response time: 81.739ms 

Date: 2024-03-13T13:11:10.801Z
Method: GET
Route: /onlyAdmin/me
Status: 200
Response time: 4.668ms 

Date: 2024-03-13T13:11:13.616Z
Method: GET
Route: /onlyAdmin/me
Status: 200
Response time: 4.702ms 

Date: 2024-03-13T13:12:30.945Z
Method: POST
Route: /onlyAdmin/login
Status: 200
Response time: 90.063ms 

Date: 2024-03-13T13:12:30.957Z
Method: GET
Route: /onlyAdmin/me
Status: 200
Response time: 2.506ms 

Date: 2024-03-13T13:12:38.258Z
Method: GET
Route: /onlyAdmin/me
Status: 200
Response time: 4.015ms 

Date: 2024-03-13T13:12:48.043Z
Method: POST
Route: /onlyAdmin/login
Status: 200
Response time: 82.447ms 

Date: 2024-03-13T13:12:48.058Z
Method: GET
Route: /onlyAdmin/me
Status: 200
Response time: 5.922ms 

Date: 2024-03-13T13:12:52.122Z
Method: GET
Route: /onlyAdmin/me
Status: 200
Response time: 4.250ms 

Date: 2024-03-13T13:15:41.481Z
Method: GET
Route: /onlyAdmin/me
Status: 200
Response time: 4.435ms 

Date: 2024-03-13T13:15:44.567Z
Method: GET
Route: /onlyAdmin/me
Status: 200
Response time: 4.913ms 

Date: 2024-03-13T13:15:53.284Z
Method: POST
Route: /onlyAdmin/login
Status: 200
Response time: 86.359ms 

Date: 2024-03-13T13:15:53.296Z
Method: GET
Route: /onlyAdmin/me
Status: 200
Response time: 2.858ms 

Date: 2024-03-13T13:15:56.280Z
Method: GET
Route: /onlyAdmin/me
Status: 200
Response time: 4.770ms 

Date: 2024-03-13T13:16:05.535Z
Method: POST
Route: /onlyAdmin/login
Status: 200
Response time: 99.500ms 

Date: 2024-03-13T13:16:05.546Z
Method: GET
Route: /onlyAdmin/me
Status: 200
Response time: 3.068ms 

Date: 2024-03-13T13:16:28.189Z
Method: GET
Route: /onlyAdmin/me
Status: 200
Response time: 3.114ms 

Date: 2024-03-13T13:24:34.760Z
Method: GET
Route: /onlyAdmin/me
Status: 200
Response time: 4.887ms 

Date: 2024-03-13T13:24:36.025Z
Method: GET
Route: /onlyAdmin/me
Status: 200
Response time: 3.336ms 

Date: 2024-03-13T13:24:48.409Z
Method: POST
Route: /onlyAdmin/login
Status: 200
Response time: 92.675ms 

Date: 2024-03-13T13:24:48.422Z
Method: GET
Route: /onlyAdmin/me
Status: 200
Response time: 2.956ms 

Date: 2024-03-13T13:27:06.233Z
Method: GET
Route: /onlyAdmin/me
Status: 200
Response time: 3.310ms 

Date: 2024-03-13T13:27:22.184Z
Method: GET
Route: /onlyAdmin/me
Status: 200
Response time: 5.627ms 

Date: 2024-03-13T13:27:31.640Z
Method: GET
Route: /onlyAdmin/me
Status: 200
Response time: 3.932ms 

Date: 2024-03-13T13:27:43.569Z
Method: POST
Route: /onlyAdmin/login
Status: 200
Response time: 102.781ms 

Date: 2024-03-13T13:27:43.580Z
Method: GET
Route: /onlyAdmin/me
Status: 200
Response time: 2.978ms 

Date: 2024-03-13T13:27:45.822Z
Method: GET
Route: /onlyAdmin/me
Status: 200
Response time: 2.939ms 

Date: 2024-03-13T13:27:48.352Z
Method: GET
Route: /onlyAdmin/me
Status: 200
Response time: 4.730ms 

Date: 2024-03-13T13:28:19.589Z
Method: GET
Route: /onlyAdmin/me
Status: 200
Response time: 4.574ms 

Date: 2024-03-13T13:32:58.220Z
Method: GET
Route: /onlyAdmin/me
Status: 200
Response time: 4.556ms 

Date: 2024-03-13T13:34:27.039Z
Method: GET
Route: /onlyAdmin/me
Status: 200
Response time: 5.298ms 

Date: 2024-03-13T13:35:05.383Z
Method: POST
Route: /onlyAdmin/login
Status: 403
Response time: 79.668ms 

Date: 2024-03-13T13:35:05.392Z
Method: GET
Route: /onlyAdmin/me
Status: 401
Response time: 0.638ms 

Date: 2024-03-13T13:35:15.471Z
Method: GET
Route: /onlyAdmin/me
Status: 401
Response time: 0.600ms 

Date: 2024-03-13T13:35:20.769Z
Method: POST
Route: /onlyAdmin/login
Status: 403
Response time: 91.103ms 

Date: 2024-03-13T13:35:20.778Z
Method: GET
Route: /onlyAdmin/me
Status: 401
Response time: 0.563ms 

Date: 2024-03-13T13:35:24.944Z
Method: GET
Route: /onlyAdmin/me
Status: 401
Response time: 0.482ms 

Date: 2024-03-13T13:35:29.426Z
Method: POST
Route: /onlyAdmin/login
Status: 403
Response time: 136.839ms 

Date: 2024-03-13T13:35:29.436Z
Method: GET
Route: /onlyAdmin/me
Status: 401
Response time: 0.543ms 

Date: 2024-03-13T13:35:42.308Z
Method: GET
Route: /onlyAdmin/me
Status: 401
Response time: 1.034ms 

Date: 2024-03-13T13:35:57.297Z
Method: GET
Route: /onlyAdmin/me
Status: 401
Response time: 3.990ms 

Date: 2024-03-13T13:36:01.168Z
Method: GET
Route: /onlyAdmin/me
Status: 401
Response time: 1.247ms 

Date: 2024-03-13T13:36:57.747Z
Method: GET
Route: /onlyAdmin/me
Status: 401
Response time: 0.514ms 

Date: 2024-03-13T13:37:16.417Z
Method: POST
Route: /onlyAdmin/login
Status: 200
Response time: 64.286ms 

Date: 2024-03-13T13:37:16.428Z
Method: GET
Route: /onlyAdmin/me
Status: 200
Response time: 2.427ms 

Date: 2024-03-13T13:37:27.712Z
Method: GET
Route: /onlyAdmin/me
Status: 200
Response time: 4.487ms 

Date: 2024-03-13T13:37:54.295Z
Method: POST
Route: /onlyAdmin/login
Status: 200
Response time: 119.239ms 

Date: 2024-03-13T13:37:54.307Z
Method: GET
Route: /onlyAdmin/me
Status: 200
Response time: 2.630ms 

Date: 2024-03-13T13:37:57.405Z
Method: GET
Route: /onlyAdmin/me
Status: 200
Response time: 13.476ms 

Date: 2024-03-13T13:37:58.200Z
Method: GET
Route: /onlyAdmin/me
Status: 200
Response time: 4.591ms 

Date: 2024-03-13T13:38:28.556Z
Method: GET
Route: /onlyAdmin/me
Status: 200
Response time: 3.168ms 

Date: 2024-03-13T13:38:30.165Z
Method: GET
Route: /onlyAdmin/me
Status: 200
Response time: 3.605ms 

Date: 2024-03-13T13:41:32.634Z
Method: POST
Route: /onlyAdmin/login
Status: 200
Response time: 64.226ms 

Date: 2024-03-13T13:41:32.647Z
Method: GET
Route: /onlyAdmin/me
Status: 200
Response time: 3.067ms 

Date: 2024-03-13T13:41:45.942Z
Method: GET
Route: /onlyAdmin/me
Status: 200
Response time: 3.044ms 

Date: 2024-03-13T13:42:52.112Z
Method: GET
Route: /onlyAdmin/me
Status: 200
Response time: 4.172ms 

Date: 2024-03-13T13:42:58.899Z
Method: GET
Route: /onlyAdmin/me
Status: 200
Response time: 3.091ms 

Date: 2024-03-13T13:43:04.178Z
Method: GET
Route: /onlyAdmin/me
Status: 200
Response time: 3.637ms 

Date: 2024-03-13T13:43:04.538Z
Method: GET
Route: /onlyAdmin/me
Status: 200
Response time: 3.688ms 

Date: 2024-03-13T13:43:11.476Z
Method: GET
Route: /onlyAdmin/me
Status: 200
Response time: 3.269ms 

Date: 2024-03-13T13:43:47.144Z
Method: GET
Route: /onlyAdmin/me
Status: 200
Response time: 9.844ms 

Date: 2024-03-13T13:43:50.290Z
Method: GET
Route: /onlyAdmin/me
Status: 200
Response time: 4.499ms 

Date: 2024-03-13T13:44:06.871Z
Method: GET
Route: /onlyAdmin/me
Status: 200
Response time: 5.186ms 

Date: 2024-03-13T13:44:17.677Z
Method: POST
Route: /onlyAdmin/login
Status: 200
Response time: 78.439ms 

Date: 2024-03-13T13:44:17.690Z
Method: GET
Route: /onlyAdmin/me
Status: 200
Response time: 2.466ms 

Date: 2024-03-13T13:44:48.216Z
Method: GET
Route: /onlyAdmin/me
Status: 200
Response time: 2.850ms 

Date: 2024-03-13T13:45:02.699Z
Method: POST
Route: /onlyAdmin/login
Status: 403
Response time: 87.413ms 

Date: 2024-03-13T13:45:02.707Z
Method: GET
Route: /onlyAdmin/me
Status: 401
Response time: 0.519ms 

Date: 2024-03-13T13:49:22.975Z
Method: GET
Route: /onlyAdmin/me
Status: 401
Response time: 0.708ms 

Date: 2024-03-13T13:49:27.868Z
Method: POST
Route: /onlyAdmin/login
Status: 403
Response time: 65.027ms 

Date: 2024-03-13T13:50:48.927Z
Method: GET
Route: /onlyAdmin/me
Status: 401
Response time: 0.590ms 

Date: 2024-03-13T13:51:04.005Z
Method: POST
Route: /onlyAdmin/login
Status: 200
Response time: 81.982ms 

Date: 2024-03-13T13:51:04.016Z
Method: GET
Route: /onlyAdmin/me
Status: 200
Response time: 2.878ms 

Date: 2024-03-13T13:51:08.424Z
Method: GET
Route: /onlyAdmin/me
Status: 200
Response time: 4.522ms 

Date: 2024-03-13T13:51:19.273Z
Method: POST
Route: /onlyAdmin/login
Status: 403
Response time: 86.499ms 

Date: 2024-03-13T13:54:09.124Z
Method: POST
Route: /onlyAdmin/login
Status: 200
Response time: 125.306ms 

Date: 2024-03-13T13:54:09.136Z
Method: GET
Route: /onlyAdmin/me
Status: 200
Response time: 2.734ms 

Date: 2024-03-13T13:54:21.840Z
Method: POST
Route: /onlyAdmin/login
Status: 403
Response time: 85.184ms 

Date: 2024-03-13T13:54:28.458Z
Method: POST
Route: /onlyAdmin/login
Status: 403
Response time: 77.982ms 

Date: 2024-03-13T13:54:31.176Z
Method: POST
Route: /onlyAdmin/login
Status: 403
Response time: 129.537ms 

Date: 2024-03-13T13:54:31.484Z
Method: POST
Route: /onlyAdmin/login
Status: 403
Response time: 101.208ms 

Date: 2024-03-13T13:54:31.824Z
Method: POST
Route: /onlyAdmin/login
Status: 403
Response time: 97.763ms 

Date: 2024-03-13T13:54:32.150Z
Method: POST
Route: /onlyAdmin/login
Status: 403
Response time: 87.478ms 

Date: 2024-03-13T13:54:32.511Z
Method: POST
Route: /onlyAdmin/login
Status: 403
Response time: 80.303ms 

Date: 2024-03-13T13:55:50.507Z
Method: POST
Route: /onlyAdmin/login
Status: 403
Response time: 64.039ms 

Date: 2024-03-13T13:56:55.047Z
Method: POST
Route: /onlyAdmin/login
Status: 200
Response time: 94.158ms 

Date: 2024-03-13T13:56:55.059Z
Method: GET
Route: /onlyAdmin/me
Status: 200
Response time: 3.049ms 

Date: 2024-03-13T13:56:58.108Z
Method: GET
Route: /onlyAdmin/me
Status: 200
Response time: 3.698ms 

Date: 2024-03-13T13:57:02.768Z
Method: GET
Route: /onlyAdmin/me
Status: 200
Response time: 5.615ms 

Date: 2024-03-13T14:55:01.014Z
Method: GET
Route: /onlyAdmin/me
Status: 200
Response time: 4.492ms 

Date: 2024-03-13T14:55:08.976Z
Method: GET
Route: /onlyAdmin/me
Status: 200
Response time: 3.716ms 

Date: 2024-03-13T15:40:08.797Z
Method: GET
Route: /onlyAdmin/me
Status: 401
Response time: 8.866ms 

Date: 2024-03-13T15:40:15.083Z
Method: GET
Route: /onlyAdmin/me
Status: 401
Response time: 2.275ms 

Date: 2024-03-13T15:40:29.437Z
Method: POST
Route: /onlyAdmin/login
Status: 200
Response time: 82.939ms 

Date: 2024-03-13T15:40:29.451Z
Method: GET
Route: /onlyAdmin/me
Status: 200
Response time: 5.150ms 

Date: 2024-03-13T15:42:13.345Z
Method: GET
Route: /onlyAdmin/me
Status: 200
Response time: 4.366ms 

Date: 2024-03-13T15:44:01.069Z
Method: POST
Route: /onlyAdmin/signup
Status: 403
Response time: 4.822ms 

Date: 2024-03-13T15:45:11.597Z
Method: POST
Route: /onlyAdmin/signup
Status: 403
Response time: 4.449ms 

Date: 2024-03-13T15:46:28.903Z
Method: GET
Route: /onlyAdmin/me
Status: 200
Response time: 5.789ms 

Date: 2024-03-13T15:50:56.268Z
Method: GET
Route: /onlyAdmin/me
Status: 200
Response time: 3.724ms 

Date: 2024-03-13T15:55:55.452Z
Method: GET
Route: /onlyAdmin/me
Status: 200
Response time: 5.756ms 

Date: 2024-03-13T15:58:56.732Z
Method: GET
Route: /onlyAdmin/me
Status: 200
Response time: 5.706ms 

Date: 2024-03-13T15:59:15.750Z
Method: POST
Route: /onlyAdmin/signup
Status: 403
Response time: 4.352ms 

Date: 2024-03-13T16:01:24.080Z
Method: GET
Route: /onlyAdmin/me
Status: 200
Response time: 6.633ms 

Date: 2024-03-13T16:01:47.396Z
Method: POST
Route: /onlyAdmin/signup
Status: 200
Response time: 98.798ms 

Date: 2024-03-13T16:05:07.677Z
Method: GET
Route: /onlyAdmin/me
Status: 200
Response time: 3.910ms 

Date: 2024-03-13T16:58:13.900Z
Method: GET
Route: /onlyAdmin/me
Status: 401
Response time: 2.759ms 

Date: 2024-03-13T16:58:16.884Z
Method: GET
Route: /onlyAdmin/me
Status: 401
Response time: 1.595ms 

Date: 2024-03-13T16:58:18.658Z
Method: GET
Route: /onlyAdmin/me
Status: 401
Response time: 2.932ms 

Date: 2024-03-13T16:58:19.587Z
Method: GET
Route: /onlyAdmin/me
Status: 401
Response time: 2.064ms 

