Date: 2024-03-27T08:13:48.778Z
Method: POST
Route: /onlyAdmin/login
Status: 403
Response time: 80.539ms 

Date: 2024-03-27T08:13:54.219Z
Method: POST
Route: /onlyAdmin/login
Status: 200
Response time: 81.550ms 

Date: 2024-03-27T08:13:54.238Z
Method: GET
Route: /onlyAdmin/me
Status: 200
Response time: 7.992ms 

Date: 2024-03-27T09:02:52.629Z
Method: GET
Route: /onlyAdmin/me
Status: 200
Response time: 4.555ms 

Date: 2024-03-27T09:03:12.181Z
Method: GET
Route: /onlyAdmin/me
Status: 200
Response time: 4.876ms 

Date: 2024-03-27T09:03:16.164Z
Method: GET
Route: /onlyAdmin/me
Status: 200
Response time: 6.191ms 

Date: 2024-03-27T09:03:50.325Z
Method: GET
Route: /plumbers
Status: 200
Response time: 4.589ms 

Date: 2024-03-27T09:09:48.509Z
Method: GET
Route: /plumbers
Status: 304
Response time: 10.560ms 

Date: 2024-03-27T09:09:48.518Z
Method: GET
Route: /onlyAdmin/me
Status: 200
Response time: 14.845ms 

Date: 2024-03-27T09:10:11.814Z
Method: GET
Route: /plumbers
Status: 304
Response time: 4.994ms 

Date: 2024-03-27T09:10:11.821Z
Method: GET
Route: /onlyAdmin/me
Status: 200
Response time: 9.309ms 

Date: 2024-03-27T09:10:13.899Z
Method: GET
Route: /plumbers
Status: 304
Response time: 5.828ms 

Date: 2024-03-27T09:10:13.900Z
Method: GET
Route: /onlyAdmin/me
Status: 200
Response time: 6.601ms 

Date: 2024-03-27T09:12:16.478Z
Method: GET
Route: /onlyAdmin/me
Status: 200
Response time: 5.972ms 

Date: 2024-03-27T09:12:16.480Z
Method: GET
Route: /plumbers
Status: 304
Response time: 8.156ms 

Date: 2024-03-27T09:13:54.462Z
Method: GET
Route: /onlyAdmin/me
Status: 401
Response time: 3.769ms 

Date: 2024-03-27T09:13:54.466Z
Method: GET
Route: /plumbers
Status: 304
Response time: 7.560ms 

Date: 2024-03-27T09:14:38.283Z
Method: GET
Route: /plumbers
Status: 304
Response time: 2.528ms 

Date: 2024-03-27T09:14:46.764Z
Method: POST
Route: /onlyAdmin/login
Status: 200
Response time: 109.535ms 

Date: 2024-03-27T09:14:46.777Z
Method: GET
Route: /onlyAdmin/me
Status: 200
Response time: 4.063ms 

Date: 2024-03-27T09:14:48.754Z
Method: GET
Route: /plumbers
Status: 304
Response time: 5.051ms 

Date: 2024-03-27T09:14:52.062Z
Method: GET
Route: /plumbers
Status: 304
Response time: 2.935ms 

Date: 2024-03-27T09:15:56.665Z
Method: GET
Route: /plumbers
Status: 304
Response time: 3.058ms 

Date: 2024-03-27T09:16:19.385Z
Method: GET
Route: /plumbers
Status: 304
Response time: 2.945ms 

Date: 2024-03-27T09:17:13.509Z
Method: GET
Route: /plumbers
Status: 304
Response time: 4.773ms 

Date: 2024-03-27T09:17:27.480Z
Method: GET
Route: /plumbers
Status: 304
Response time: 2.675ms 

Date: 2024-03-27T09:17:49.194Z
Method: GET
Route: /plumbers
Status: 304
Response time: 4.745ms 

Date: 2024-03-27T09:18:01.960Z
Method: GET
Route: /plumbers
Status: 304
Response time: 3.913ms 

Date: 2024-03-27T09:18:11.469Z
Method: GET
Route: /plumbers
Status: 304
Response time: 4.187ms 

Date: 2024-03-27T09:18:22.115Z
Method: GET
Route: /plumbers
Status: 304
Response time: 5.356ms 

Date: 2024-03-27T09:18:25.692Z
Method: GET
Route: /plumbers
Status: 304
Response time: 3.867ms 

Date: 2024-03-27T09:18:25.698Z
Method: GET
Route: /onlyAdmin/me
Status: 200
Response time: 4.481ms 

Date: 2024-03-27T09:18:33.475Z
Method: GET
Route: /plumbers
Status: 304
Response time: 2.586ms 

Date: 2024-03-27T09:19:08.409Z
Method: GET
Route: /plumbers
Status: 304
Response time: 3.106ms 

Date: 2024-03-27T09:19:13.050Z
Method: GET
Route: /plumbers
Status: 304
Response time: 2.716ms 

Date: 2024-03-27T09:19:18.579Z
Method: GET
Route: /plumbers
Status: 304
Response time: 4.085ms 

Date: 2024-03-27T09:19:23.608Z
Method: GET
Route: /plumbers
Status: 304
Response time: 4.038ms 

Date: 2024-03-27T09:20:21.594Z
Method: GET
Route: /plumbers
Status: 304
Response time: 3.081ms 

Date: 2024-03-27T09:20:30.155Z
Method: GET
Route: /plumbers
Status: 304
Response time: 2.139ms 

Date: 2024-03-27T09:20:33.114Z
Method: GET
Route: /plumbers
Status: 304
Response time: 3.287ms 

Date: 2024-03-27T09:20:33.118Z
Method: GET
Route: /onlyAdmin/me
Status: 200
Response time: 3.749ms 

Date: 2024-03-27T09:20:48.514Z
Method: GET
Route: /plumbers
Status: 304
Response time: 2.802ms 

Date: 2024-03-27T09:21:00.191Z
Method: GET
Route: /plumbers
Status: 304
Response time: 3.432ms 

Date: 2024-03-27T09:21:37.903Z
Method: GET
Route: /plumbers
Status: 304
Response time: 2.850ms 

Date: 2024-03-27T09:21:43.035Z
Method: GET
Route: /plumbers
Status: 304
Response time: 2.590ms 

Date: 2024-03-27T09:21:54.830Z
Method: GET
Route: /plumbers
Status: 304
Response time: 2.360ms 

Date: 2024-03-27T09:22:01.339Z
Method: GET
Route: /plumbers
Status: 304
Response time: 2.137ms 

Date: 2024-03-27T09:22:10.471Z
Method: GET
Route: /plumbers
Status: 304
Response time: 2.319ms 

Date: 2024-03-27T09:22:28.032Z
Method: GET
Route: /plumbers
Status: 304
Response time: 3.352ms 

Date: 2024-03-27T09:25:51.470Z
Method: GET
Route: /plumbers
Status: 304
Response time: 2.801ms 

Date: 2024-03-27T09:26:18.475Z
Method: GET
Route: /plumbers
Status: 304
Response time: 3.818ms 

Date: 2024-03-27T09:27:01.099Z
Method: GET
Route: /plumbers
Status: 304
Response time: 2.391ms 

Date: 2024-03-27T09:27:09.472Z
Method: GET
Route: /plumbers
Status: 304
Response time: 2.301ms 

Date: 2024-03-27T09:27:20.473Z
Method: GET
Route: /plumbers
Status: 304
Response time: 3.050ms 

Date: 2024-03-27T09:27:46.682Z
Method: GET
Route: /plumbers
Status: 304
Response time: 2.712ms 

Date: 2024-03-27T09:36:26.550Z
Method: GET
Route: /plumbers
Status: 200
Response time: 3.033ms 

Date: 2024-03-27T09:36:56.538Z
Method: GET
Route: /plumbers
Status: 304
Response time: 2.922ms 

Date: 2024-03-27T09:37:02.853Z
Method: GET
Route: /plumbers
Status: 304
Response time: 2.563ms 

Date: 2024-03-27T09:37:07.864Z
Method: GET
Route: /plumbers
Status: 304
Response time: 2.266ms 

Date: 2024-03-27T09:37:08.494Z
Method: GET
Route: /plumbers
Status: 304
Response time: 2.797ms 

Date: 2024-03-27T09:37:19.474Z
Method: GET
Route: /plumbers
Status: 304
Response time: 2.574ms 

Date: 2024-03-27T09:37:21.540Z
Method: GET
Route: /plumbers
Status: 304
Response time: 2.914ms 

Date: 2024-03-27T09:38:46.617Z
Method: GET
Route: /plumbers
Status: 304
Response time: 2.354ms 

Date: 2024-03-27T09:38:48.755Z
Method: GET
Route: /plumbers
Status: 304
Response time: 3.017ms 

Date: 2024-03-27T09:39:03.731Z
Method: GET
Route: /plumbers
Status: 304
Response time: 2.268ms 

Date: 2024-03-27T09:39:16.704Z
Method: GET
Route: /plumbers
Status: 304
Response time: 2.316ms 

Date: 2024-03-27T09:39:42.983Z
Method: GET
Route: /plumbers
Status: 304
Response time: 3.578ms 

Date: 2024-03-27T09:40:39.737Z
Method: GET
Route: /plumbers
Status: 304
Response time: 4.736ms 

Date: 2024-03-27T09:41:11.787Z
Method: GET
Route: /plumbers
Status: 304
Response time: 3.090ms 

Date: 2024-03-27T09:42:18.122Z
Method: GET
Route: /plumbers
Status: 304
Response time: 3.323ms 

Date: 2024-03-27T09:44:38.480Z
Method: GET
Route: /plumbers
Status: 304
Response time: 3.877ms 

Date: 2024-03-27T09:44:45.973Z
Method: GET
Route: /plumbers
Status: 304
Response time: 2.719ms 

Date: 2024-03-27T09:45:08.781Z
Method: GET
Route: /plumbers
Status: 304
Response time: 4.627ms 

Date: 2024-03-27T09:46:53.942Z
Method: GET
Route: /plumbers
Status: 304
Response time: 3.073ms 

Date: 2024-03-27T09:47:32.584Z
Method: GET
Route: /plumbers
Status: 304
Response time: 4.204ms 

Date: 2024-03-27T09:48:39.791Z
Method: GET
Route: /plumbers
Status: 304
Response time: 3.802ms 

Date: 2024-03-27T09:49:40.611Z
Method: GET
Route: /plumbers
Status: 304
Response time: 2.538ms 

Date: 2024-03-27T09:49:59.527Z
Method: GET
Route: /plumbers
Status: 304
Response time: 3.275ms 

Date: 2024-03-27T09:50:01.549Z
Method: GET
Route: /plumbers
Status: 304
Response time: 2.662ms 

Date: 2024-03-27T09:50:15.091Z
Method: GET
Route: /plumbers
Status: 304
Response time: 2.266ms 

Date: 2024-03-27T09:51:28.871Z
Method: GET
Route: /plumbers
Status: 304
Response time: 3.579ms 

Date: 2024-03-27T09:51:31.226Z
Method: GET
Route: /plumbers
Status: 304
Response time: 2.337ms 

Date: 2024-03-27T09:56:42.916Z
Method: GET
Route: /plumbers
Status: 304
Response time: 2.780ms 

Date: 2024-03-27T10:43:00.058Z
Method: GET
Route: /plumbers
Status: 304
Response time: 18.074ms 

Date: 2024-03-27T10:44:27.602Z
Method: GET
Route: /plumbers
Status: 200
Response time: 5.052ms 

Date: 2024-03-27T10:46:06.416Z
Method: GET
Route: /plumbers
Status: 200
Response time: 5.160ms 

Date: 2024-03-27T10:49:55.934Z
Method: GET
Route: /plumbers
Status: 304
Response time: 7.612ms 

Date: 2024-03-27T10:50:03.165Z
Method: GET
Route: /plumbers
Status: 304
Response time: 6.280ms 

Date: 2024-03-27T10:50:05.206Z
Method: GET
Route: /plumbers
Status: 304
Response time: 4.008ms 

Date: 2024-03-27T10:50:47.682Z
Method: GET
Route: /plumbers
Status: 200
Response time: 5.303ms 

Date: 2024-03-27T10:52:14.524Z
Method: GET
Route: /plumbers
Status: 304
Response time: 6.247ms 

Date: 2024-03-27T10:52:28.807Z
Method: GET
Route: /plumbers
Status: 304
Response time: 4.571ms 

Date: 2024-03-27T10:52:38.973Z
Method: GET
Route: /plumbers
Status: 304
Response time: 4.509ms 

Date: 2024-03-27T10:54:29.251Z
Method: GET
Route: /plumbers
Status: 304
Response time: 4.649ms 

Date: 2024-03-27T10:54:47.502Z
Method: GET
Route: /plumbers
Status: 304
Response time: 4.932ms 

Date: 2024-03-27T10:54:54.065Z
Method: GET
Route: /plumbers
Status: 304
Response time: 3.894ms 

Date: 2024-03-27T10:55:15.258Z
Method: GET
Route: /plumbers
Status: 304
Response time: 2.874ms 

Date: 2024-03-27T10:55:35.763Z
Method: GET
Route: /plumbers
Status: 304
Response time: 2.872ms 

Date: 2024-03-27T10:56:04.963Z
Method: GET
Route: /plumbers
Status: 304
Response time: 3.135ms 

Date: 2024-03-27T10:57:00.019Z
Method: GET
Route: /plumbers
Status: 304
Response time: 2.886ms 

Date: 2024-03-27T10:57:07.505Z
Method: GET
Route: /plumbers
Status: 304
Response time: 3.728ms 

Date: 2024-03-27T10:57:17.152Z
Method: GET
Route: /plumbers
Status: 304
Response time: 4.058ms 

Date: 2024-03-27T10:57:26.820Z
Method: GET
Route: /plumbers
Status: 304
Response time: 3.990ms 

Date: 2024-03-27T10:57:31.716Z
Method: GET
Route: /plumbers
Status: 304
Response time: 5.160ms 

Date: 2024-03-27T10:57:39.553Z
Method: GET
Route: /plumbers
Status: 304
Response time: 3.220ms 

Date: 2024-03-27T10:57:44.927Z
Method: GET
Route: /plumbers
Status: 304
Response time: 2.979ms 

Date: 2024-03-27T10:58:35.410Z
Method: GET
Route: /plumbers
Status: 304
Response time: 3.503ms 

Date: 2024-03-27T10:59:16.063Z
Method: GET
Route: /plumbers
Status: 304
Response time: 2.666ms 

Date: 2024-03-27T10:59:22.024Z
Method: GET
Route: /plumbers
Status: 304
Response time: 3.920ms 

Date: 2024-03-27T10:59:55.291Z
Method: GET
Route: /plumbers
Status: 304
Response time: 4.218ms 

Date: 2024-03-27T11:00:10.833Z
Method: GET
Route: /plumbers
Status: 304
Response time: 2.831ms 

Date: 2024-03-27T11:00:46.500Z
Method: GET
Route: /plumbers
Status: 304
Response time: 3.781ms 

Date: 2024-03-27T11:00:51.242Z
Method: GET
Route: /plumbers
Status: 304
Response time: 3.214ms 

Date: 2024-03-27T11:01:09.031Z
Method: GET
Route: /plumbers
Status: 304
Response time: 2.903ms 

Date: 2024-03-27T11:01:27.534Z
Method: GET
Route: /plumbers
Status: 304
Response time: 3.056ms 

Date: 2024-03-27T11:01:34.248Z
Method: GET
Route: /plumbers
Status: 304
Response time: 2.937ms 

Date: 2024-03-27T11:03:59.616Z
Method: GET
Route: /plumbers
Status: 304
Response time: 3.474ms 

Date: 2024-03-27T11:05:15.757Z
Method: GET
Route: /plumbers
Status: 304
Response time: 2.838ms 

Date: 2024-03-27T11:05:29.887Z
Method: GET
Route: /plumbers
Status: 304
Response time: 6.177ms 

Date: 2024-03-27T11:05:57.583Z
Method: GET
Route: /plumbers
Status: 304
Response time: 4.012ms 

Date: 2024-03-27T11:07:02.491Z
Method: GET
Route: /plumbers
Status: 304
Response time: 4.033ms 

Date: 2024-03-27T11:08:33.454Z
Method: GET
Route: /plumbers
Status: 304
Response time: 3.592ms 

Date: 2024-03-27T11:08:45.680Z
Method: GET
Route: /plumbers
Status: 304
Response time: 3.634ms 

Date: 2024-03-27T11:10:37.456Z
Method: GET
Route: /plumbers
Status: 304
Response time: 3.273ms 

Date: 2024-03-27T11:12:17.429Z
Method: GET
Route: /plumbers
Status: 304
Response time: 4.219ms 

Date: 2024-03-27T11:15:45.045Z
Method: GET
Route: /plumbers
Status: 304
Response time: 2.708ms 

Date: 2024-03-27T11:16:55.619Z
Method: GET
Route: /plumbers
Status: 304
Response time: 3.195ms 

Date: 2024-03-27T11:18:02.044Z
Method: GET
Route: /plumbers
Status: 304
Response time: 3.623ms 

Date: 2024-03-27T11:18:06.536Z
Method: GET
Route: /plumbers
Status: 304
Response time: 3.398ms 

Date: 2024-03-27T11:18:48.014Z
Method: GET
Route: /plumbers
Status: 304
Response time: 3.550ms 

Date: 2024-03-27T11:18:51.158Z
Method: GET
Route: /plumbers
Status: 304
Response time: 4.092ms 

Date: 2024-03-27T11:18:57.207Z
Method: GET
Route: /plumbers
Status: 304
Response time: 4.449ms 

Date: 2024-03-27T11:19:00.701Z
Method: GET
Route: /plumbers
Status: 304
Response time: 2.628ms 

Date: 2024-03-27T11:20:01.645Z
Method: GET
Route: /plumbers
Status: 304
Response time: 2.610ms 

Date: 2024-03-27T11:20:05.700Z
Method: GET
Route: /plumbers
Status: 304
Response time: 3.737ms 

Date: 2024-03-27T11:24:17.057Z
Method: GET
Route: /plumbers
Status: 304
Response time: 4.507ms 

Date: 2024-03-27T11:24:27.041Z
Method: GET
Route: /plumbers
Status: 304
Response time: 3.861ms 

Date: 2024-03-27T11:24:44.033Z
Method: GET
Route: /plumbers
Status: 304
Response time: 2.852ms 

Date: 2024-03-27T11:26:22.933Z
Method: GET
Route: /plumbers
Status: 304
Response time: 5.262ms 

Date: 2024-03-27T11:26:43.704Z
Method: POST
Route: /onlyAdmin/login
Status: 200
Response time: 117.295ms 

Date: 2024-03-27T11:26:43.721Z
Method: GET
Route: /onlyAdmin/me
Status: 200
Response time: 7.267ms 

Date: 2024-03-27T11:26:46.799Z
Method: GET
Route: /plumbers
Status: 304
Response time: 4.333ms 

Date: 2024-03-27T11:27:35.783Z
Method: GET
Route: /plumbers
Status: 304
Response time: 4.151ms 

Date: 2024-03-27T11:28:13.653Z
Method: GET
Route: /plumbers
Status: 304
Response time: 5.442ms 

Date: 2024-03-27T11:28:42.080Z
Method: GET
Route: /plumbers
Status: 304
Response time: 4.028ms 

Date: 2024-03-27T11:31:29.899Z
Method: GET
Route: /plumbers
Status: 304
Response time: 2.837ms 

Date: 2024-03-27T11:31:40.975Z
Method: GET
Route: /plumbers
Status: 304
Response time: 4.684ms 

Date: 2024-03-27T11:31:43.798Z
Method: GET
Route: /plumbers
Status: 304
Response time: 5.478ms 

Date: 2024-03-27T11:31:43.819Z
Method: GET
Route: /onlyAdmin/me
Status: 200
Response time: 4.895ms 

Date: 2024-03-27T11:32:13.113Z
Method: GET
Route: /plumbers
Status: 304
Response time: 3.203ms 

Date: 2024-03-27T11:32:43.052Z
Method: GET
Route: /plumbers
Status: 304
Response time: 4.881ms 

Date: 2024-03-27T11:34:00.898Z
Method: GET
Route: /plumbers
Status: 304
Response time: 4.030ms 

Date: 2024-03-27T11:34:04.361Z
Method: GET
Route: /plumbers
Status: 304
Response time: 3.720ms 

Date: 2024-03-27T11:36:22.074Z
Method: GET
Route: /plumbers
Status: 304
Response time: 4.640ms 

Date: 2024-03-27T11:36:45.756Z
Method: GET
Route: /plumbers
Status: 304
Response time: 3.926ms 

Date: 2024-03-27T11:37:52.190Z
Method: GET
Route: /onlyAdmin/me
Status: 200
Response time: 5.888ms 

Date: 2024-03-27T11:37:52.193Z
Method: GET
Route: /plumbers
Status: 304
Response time: 8.046ms 

Date: 2024-03-27T11:38:21.682Z
Method: GET
Route: /plumbers
Status: 304
Response time: 3.295ms 

Date: 2024-03-27T11:39:18.040Z
Method: GET
Route: /plumbers
Status: 304
Response time: 3.351ms 

Date: 2024-03-27T11:39:43.434Z
Method: GET
Route: /plumbers
Status: 304
Response time: 3.109ms 

Date: 2024-03-27T11:39:53.503Z
Method: GET
Route: /plumbers
Status: 304
Response time: 3.895ms 

Date: 2024-03-27T11:40:30.244Z
Method: GET
Route: /plumbers
Status: 304
Response time: 7.462ms 

Date: 2024-03-27T11:40:30.247Z
Method: GET
Route: /onlyAdmin/me
Status: 200
Response time: 8.861ms 

Date: 2024-03-27T11:41:04.682Z
Method: GET
Route: /plumbers
Status: 304
Response time: 3.534ms 

Date: 2024-03-27T11:41:35.835Z
Method: GET
Route: /plumbers
Status: 304
Response time: 3.202ms 

Date: 2024-03-27T11:41:40.994Z
Method: GET
Route: /plumbers
Status: 304
Response time: 3.048ms 

Date: 2024-03-27T11:42:15.676Z
Method: GET
Route: /plumbers
Status: 304
Response time: 4.902ms 

Date: 2024-03-27T11:42:52.277Z
Method: GET
Route: /plumbers
Status: 304
Response time: 3.256ms 

Date: 2024-03-27T11:43:37.721Z
Method: GET
Route: /plumbers
Status: 304
Response time: 4.089ms 

Date: 2024-03-27T11:44:23.230Z
Method: GET
Route: /plumbers
Status: 304
Response time: 3.945ms 

Date: 2024-03-27T11:44:28.106Z
Method: GET
Route: /plumbers
Status: 304
Response time: 3.521ms 

Date: 2024-03-27T11:45:17.318Z
Method: GET
Route: /plumbers
Status: 304
Response time: 3.952ms 

Date: 2024-03-27T11:45:57.923Z
Method: GET
Route: /plumbers
Status: 304
Response time: 4.755ms 

Date: 2024-03-27T11:46:29.474Z
Method: GET
Route: /plumbers
Status: 304
Response time: 4.507ms 

Date: 2024-03-27T11:48:32.560Z
Method: GET
Route: /plumbers
Status: 304
Response time: 2.440ms 

Date: 2024-03-27T11:48:34.003Z
Method: GET
Route: /plumbers
Status: 304
Response time: 4.581ms 

Date: 2024-03-27T11:48:34.008Z
Method: GET
Route: /onlyAdmin/me
Status: 200
Response time: 4.208ms 

Date: 2024-03-27T11:48:58.525Z
Method: GET
Route: /plumbers
Status: 304
Response time: 4.784ms 

Date: 2024-03-27T11:49:07.836Z
Method: GET
Route: /plumbers
Status: 304
Response time: 4.959ms 

Date: 2024-03-27T11:50:57.733Z
Method: GET
Route: /plumbers
Status: 304
Response time: 4.743ms 

Date: 2024-03-27T11:51:20.492Z
Method: GET
Route: /plumbers
Status: 304
Response time: 3.982ms 

Date: 2024-03-27T11:51:35.205Z
Method: GET
Route: /plumbers
Status: 304
Response time: 2.443ms 

Date: 2024-03-27T11:51:50.160Z
Method: GET
Route: /plumbers
Status: 304
Response time: 3.287ms 

Date: 2024-03-27T11:52:14.797Z
Method: GET
Route: /plumbers
Status: 304
Response time: 3.023ms 

Date: 2024-03-27T11:52:29.458Z
Method: GET
Route: /plumbers
Status: 304
Response time: 5.812ms 

Date: 2024-03-27T11:53:02.066Z
Method: GET
Route: /plumbers
Status: 304
Response time: 4.757ms 

Date: 2024-03-27T11:53:52.534Z
Method: GET
Route: /plumbers
Status: 304
Response time: 4.962ms 

Date: 2024-03-27T11:54:27.305Z
Method: GET
Route: /plumbers
Status: 304
Response time: 4.274ms 

Date: 2024-03-27T11:55:05.489Z
Method: GET
Route: /plumbers
Status: 304
Response time: 4.926ms 

Date: 2024-03-27T11:55:19.659Z
Method: GET
Route: /onlyAdmin/me
Status: 200
Response time: 6.310ms 

Date: 2024-03-27T11:55:19.661Z
Method: GET
Route: /plumbers
Status: 304
Response time: 7.961ms 

Date: 2024-03-27T12:01:07.046Z
Method: GET
Route: /plumbers
Status: 304
Response time: 3.066ms 

Date: 2024-03-27T12:01:41.415Z
Method: GET
Route: /plumbers
Status: 304
Response time: 4.699ms 

Date: 2024-03-27T12:01:43.628Z
Method: GET
Route: /plumbers
Status: 304
Response time: 4.291ms 

Date: 2024-03-27T12:01:43.634Z
Method: GET
Route: /onlyAdmin/me
Status: 200
Response time: 4.873ms 

Date: 2024-03-27T12:01:58.615Z
Method: GET
Route: /plumbers
Status: 304
Response time: 3.362ms 

Date: 2024-03-27T12:03:14.963Z
Method: GET
Route: /plumbers
Status: 304
Response time: 2.783ms 

Date: 2024-03-27T12:03:57.502Z
Method: GET
Route: /plumbers
Status: 304
Response time: 3.571ms 

Date: 2024-03-27T12:07:51.393Z
Method: GET
Route: /plumbers
Status: 304
Response time: 2.766ms 

Date: 2024-03-27T12:08:22.883Z
Method: GET
Route: /plumbers
Status: 304
Response time: 2.697ms 

Date: 2024-03-27T12:08:32.126Z
Method: GET
Route: /onlyAdmin/me
Status: 200
Response time: 4.261ms 

Date: 2024-03-27T12:08:32.343Z
Method: GET
Route: /plumbers
Status: 304
Response time: 3.689ms 

Date: 2024-03-27T12:09:21.032Z
Method: GET
Route: /plumbers
Status: 304
Response time: 2.410ms 

Date: 2024-03-27T12:09:45.052Z
Method: GET
Route: /plumbers
Status: 304
Response time: 2.564ms 

Date: 2024-03-27T12:10:59.062Z
Method: GET
Route: /plumbers
Status: 304
Response time: 3.690ms 

Date: 2024-03-27T12:11:13.063Z
Method: GET
Route: /plumbers
Status: 304
Response time: 4.343ms 

Date: 2024-03-27T12:11:21.962Z
Method: GET
Route: /onlyAdmin/me
Status: 200
Response time: 3.728ms 

Date: 2024-03-27T12:11:21.965Z
Method: GET
Route: /plumbers
Status: 304
Response time: 5.359ms 

Date: 2024-03-27T12:12:26.052Z
Method: GET
Route: /plumbers
Status: 304
Response time: 2.427ms 

Date: 2024-03-27T12:12:37.959Z
Method: GET
Route: /plumbers
Status: 304
Response time: 2.398ms 

Date: 2024-03-27T12:13:41.009Z
Method: GET
Route: /plumbers
Status: 304
Response time: 2.789ms 

Date: 2024-03-27T12:13:43.507Z
Method: GET
Route: /plumbers
Status: 304
Response time: 2.271ms 

Date: 2024-03-27T12:13:58.160Z
Method: GET
Route: /onlyAdmin/me
Status: 200
Response time: 2.830ms 

Date: 2024-03-27T12:14:01.794Z
Method: GET
Route: /plumbers
Status: 304
Response time: 3.190ms 

Date: 2024-03-27T12:14:05.418Z
Method: GET
Route: /plumbers
Status: 304
Response time: 2.277ms 

Date: 2024-03-27T12:14:08.296Z
Method: GET
Route: /plumbers
Status: 304
Response time: 3.199ms 

Date: 2024-03-27T12:17:28.238Z
Method: GET
Route: /plumbers
Status: 304
Response time: 2.196ms 

Date: 2024-03-27T12:18:21.072Z
Method: GET
Route: /onlyAdmin/me
Status: 200
Response time: 19.491ms 

Date: 2024-03-27T12:18:24.232Z
Method: GET
Route: /plumbers
Status: 304
Response time: 8.852ms 

Date: 2024-03-27T12:21:06.614Z
Method: GET
Route: /onlyAdmin/me
Status: 200
Response time: 5.396ms 

Date: 2024-03-27T12:21:06.617Z
Method: GET
Route: /plumbers
Status: 304
Response time: 7.846ms 

Date: 2024-03-27T12:21:55.941Z
Method: GET
Route: /plumbers
Status: 304
Response time: 3.677ms 

Date: 2024-03-27T12:22:57.242Z
Method: GET
Route: /plumbers
Status: 304
Response time: 3.529ms 

Date: 2024-03-27T12:23:25.049Z
Method: GET
Route: /plumbers
Status: 304
Response time: 3.947ms 

Date: 2024-03-27T12:25:09.850Z
Method: GET
Route: /plumbers
Status: 304
Response time: 4.289ms 

Date: 2024-03-27T12:25:24.742Z
Method: GET
Route: /plumbers
Status: 304
Response time: 5.925ms 

Date: 2024-03-27T12:25:36.433Z
Method: GET
Route: /plumbers
Status: 304
Response time: 3.372ms 

Date: 2024-03-27T12:25:57.485Z
Method: GET
Route: /plumbers
Status: 304
Response time: 6.502ms 

Date: 2024-03-27T12:26:14.691Z
Method: POST
Route: /onlyAdmin/login
Status: 200
Response time: 118.560ms 

Date: 2024-03-27T12:26:14.703Z
Method: GET
Route: /onlyAdmin/me
Status: 200
Response time: 3.810ms 

Date: 2024-03-27T12:26:20.349Z
Method: GET
Route: /plumbers
Status: 304
Response time: 3.195ms 

Date: 2024-03-27T12:28:31.635Z
Method: GET
Route: /plumbers
Status: 304
Response time: 3.012ms 

Date: 2024-03-27T12:28:40.275Z
Method: GET
Route: /plumbers
Status: 304
Response time: 5.851ms 

Date: 2024-03-27T12:30:02.849Z
Method: GET
Route: /plumbers
Status: 304
Response time: 3.294ms 

Date: 2024-03-27T12:30:02.855Z
Method: GET
Route: /onlyAdmin/me
Status: 200
Response time: 7.274ms 

Date: 2024-03-27T12:31:15.636Z
Method: GET
Route: /onlyAdmin/me
Status: 200
Response time: 4.639ms 

Date: 2024-03-27T12:31:15.640Z
Method: GET
Route: /plumbers
Status: 304
Response time: 7.907ms 

Date: 2024-03-27T12:32:11.913Z
Method: GET
Route: /onlyAdmin/me
Status: 200
Response time: 5.870ms 

Date: 2024-03-27T12:32:11.916Z
Method: GET
Route: /plumbers
Status: 304
Response time: 8.230ms 

Date: 2024-03-27T12:33:22.610Z
Method: GET
Route: /plumbers
Status: 304
Response time: 4.590ms 

Date: 2024-03-27T12:34:51.937Z
Method: GET
Route: /plumbers
Status: 304
Response time: 4.119ms 

Date: 2024-03-27T12:35:04.385Z
Method: GET
Route: /plumbers
Status: 304
Response time: 3.279ms 

Date: 2024-03-27T12:41:53.309Z
Method: GET
Route: /plumbers
Status: 304
Response time: 2.881ms 

Date: 2024-03-27T12:43:04.894Z
Method: GET
Route: /plumbers
Status: 304
Response time: 2.899ms 

Date: 2024-03-27T12:43:06.940Z
Method: GET
Route: /onlyAdmin/me
Status: 200
Response time: 3.726ms 

Date: 2024-03-27T12:43:09.643Z
Method: GET
Route: /plumbers
Status: 304
Response time: 3.120ms 

Date: 2024-03-27T12:43:16.077Z
Method: GET
Route: /onlyAdmin/me
Status: 200
Response time: 3.361ms 

Date: 2024-03-27T12:43:17.643Z
Method: GET
Route: /plumbers
Status: 304
Response time: 5.851ms 

Date: 2024-03-27T12:43:19.834Z
Method: GET
Route: /onlyAdmin/me
Status: 200
Response time: 4.561ms 

Date: 2024-03-27T12:46:01.518Z
Method: GET
Route: /onlyAdmin/me
Status: 200
Response time: 3.615ms 

Date: 2024-03-27T12:46:04.012Z
Method: GET
Route: /plumbers
Status: 304
Response time: 4.788ms 

Date: 2024-03-27T12:48:55.588Z
Method: GET
Route: /plumbers
Status: 200
Response time: 3.995ms 

Date: 2024-03-27T12:48:55.594Z
Method: GET
Route: /onlyAdmin/me
Status: 200
Response time: 7.591ms 

Date: 2024-03-27T12:53:23.577Z
Method: GET
Route: /onlyAdmin/me
Status: 200
Response time: 3.467ms 

Date: 2024-03-27T12:53:23.580Z
Method: GET
Route: /plumbers
Status: 200
Response time: 5.706ms 

Date: 2024-03-27T13:03:02.052Z
Method: GET
Route: /plumbers
Status: 304
Response time: 2.832ms 

Date: 2024-03-27T13:03:36.605Z
Method: GET
Route: /plumbers
Status: 304
Response time: 2.690ms 

Date: 2024-03-27T13:03:38.642Z
Method: GET
Route: /plumbers
Status: 304
Response time: 2.674ms 

Date: 2024-03-27T13:03:40.042Z
Method: GET
Route: /onlyAdmin/me
Status: 200
Response time: 3.318ms 

Date: 2024-03-27T13:03:42.066Z
Method: GET
Route: /onlyAdmin/me
Status: 200
Response time: 4.833ms 

Date: 2024-03-27T13:03:42.688Z
Method: GET
Route: /onlyAdmin/me
Status: 200
Response time: 2.946ms 

Date: 2024-03-27T13:06:01.794Z
Method: GET
Route: /onlyAdmin/me
Status: 200
Response time: 3.034ms 

Date: 2024-03-27T13:09:03.106Z
Method: GET
Route: /onlyAdmin/me
Status: 200
Response time: 3.061ms 

Date: 2024-03-27T13:09:06.575Z
Method: GET
Route: /onlyAdmin/me
Status: 200
Response time: 4.645ms 

Date: 2024-03-27T13:09:14.101Z
Method: GET
Route: /onlyAdmin/me
Status: 200
Response time: 2.896ms 

Date: 2024-03-27T13:09:17.100Z
Method: GET
Route: /onlyAdmin/me
Status: 200
Response time: 4.154ms 

Date: 2024-03-27T13:09:20.950Z
Method: GET
Route: /onlyAdmin/me
Status: 200
Response time: 4.482ms 

Date: 2024-03-27T13:11:19.768Z
Method: GET
Route: /onlyAdmin/me
Status: 200
Response time: 3.312ms 

Date: 2024-03-27T13:11:22.240Z
Method: GET
Route: /onlyAdmin/me
Status: 200
Response time: 3.368ms 

Date: 2024-03-27T13:11:22.987Z
Method: GET
Route: /onlyAdmin/me
Status: 200
Response time: 2.885ms 

Date: 2024-03-27T13:11:23.528Z
Method: GET
Route: /onlyAdmin/me
Status: 200
Response time: 2.897ms 

Date: 2024-03-27T13:11:24.018Z
Method: GET
Route: /onlyAdmin/me
Status: 200
Response time: 2.889ms 

Date: 2024-03-27T13:11:26.839Z
Method: GET
Route: /onlyAdmin/me
Status: 200
Response time: 3.400ms 

Date: 2024-03-27T13:11:29.258Z
Method: GET
Route: /onlyAdmin/me
Status: 200
Response time: 3.903ms 

Date: 2024-03-27T13:11:42.499Z
Method: GET
Route: /onlyAdmin/me
Status: 200
Response time: 3.330ms 

Date: 2024-03-27T13:12:03.214Z
Method: GET
Route: /onlyAdmin/me
Status: 200
Response time: 4.387ms 

Date: 2024-03-27T13:12:36.133Z
Method: GET
Route: /onlyAdmin/me
Status: 200
Response time: 2.765ms 

Date: 2024-03-27T13:12:36.965Z
Method: GET
Route: /onlyAdmin/me
Status: 200
Response time: 3.184ms 

Date: 2024-03-27T13:12:37.563Z
Method: GET
Route: /onlyAdmin/me
Status: 200
Response time: 3.290ms 

Date: 2024-03-27T13:12:37.905Z
Method: GET
Route: /onlyAdmin/me
Status: 200
Response time: 2.725ms 

Date: 2024-03-27T13:12:38.240Z
Method: GET
Route: /onlyAdmin/me
Status: 200
Response time: 2.678ms 

Date: 2024-03-27T13:12:38.944Z
Method: GET
Route: /onlyAdmin/me
Status: 200
Response time: 3.230ms 

Date: 2024-03-27T13:12:40.585Z
Method: GET
Route: /onlyAdmin/me
Status: 200
Response time: 2.809ms 

Date: 2024-03-27T13:13:29.299Z
Method: GET
Route: /plumbers
Status: 304
Response time: 2.976ms 

Date: 2024-03-27T13:13:30.457Z
Method: GET
Route: /plumbers
Status: 304
Response time: 2.404ms 

Date: 2024-03-27T13:46:18.035Z
Method: GET
Route: /plumber/
Status: 200
Response time: 3.705ms 

Date: 2024-03-27T13:47:20.032Z
Method: GET
Route: /plumber/65df19c92bf51424e7ebee2e
Status: 200
Response time: 1.508ms 

Date: 2024-03-27T13:47:24.019Z
Method: GET
Route: /plumber/65df19c92bf51424e7ebee2e
Status: 304
Response time: 0.964ms 

Date: 2024-03-27T13:48:53.031Z
Method: GET
Route: /plumber/65df19c92bf51424e7ebee2e
Status: 304
Response time: 1.004ms 

Date: 2024-03-27T13:48:53.050Z
Method: GET
Route: /plumber/65df19c92bf51424e7ebee2e
Status: 304
Response time: 1.342ms 

Date: 2024-03-27T13:51:21.036Z
Method: GET
Route: /plumber/65df19c92bf51424e7ebee2e
Status: 304
Response time: 0.945ms 

Date: 2024-03-27T13:52:35.039Z
Method: GET
Route: /plumber/65df19c92bf51424e7ebee2e
Status: 304
Response time: 1.736ms 

Date: 2024-03-27T13:52:52.028Z
Method: GET
Route: /plumber/65df19c92bf51424e7ebee2e
Status: 304
Response time: 1.015ms 

Date: 2024-03-27T13:54:31.037Z
Method: GET
Route: /plumber/65df19c92bf51424e7ebee2e
Status: 304
Response time: 1.003ms 

Date: 2024-03-27T13:56:56.030Z
Method: GET
Route: /plumber/65df19c92bf51424e7ebee2e
Status: 304
Response time: 0.829ms 

Date: 2024-03-27T13:57:52.776Z
Method: GET
Route: /plumber/65df19c92bf51424e7ebee2e
Status: 304
Response time: 1.364ms 

Date: 2024-03-27T13:57:54.904Z
Method: GET
Route: /plumber/65df19c92bf51424e7ebee2e
Status: 304
Response time: 1.185ms 

Date: 2024-03-27T13:57:54.910Z
Method: GET
Route: /onlyAdmin/me
Status: 401
Response time: 2.893ms 

Date: 2024-03-27T13:58:00.594Z
Method: POST
Route: /onlyAdmin/login
Status: 200
Response time: 111.025ms 

Date: 2024-03-27T13:58:00.607Z
Method: GET
Route: /onlyAdmin/me
Status: 200
Response time: 3.365ms 

Date: 2024-03-27T13:58:02.788Z
Method: GET
Route: /plumbers
Status: 304
Response time: 3.183ms 

Date: 2024-03-27T13:58:03.898Z
Method: GET
Route: /plumber/65df19c92bf51424e7ebee2e
Status: 304
Response time: 1.044ms 

Date: 2024-03-27T13:59:42.395Z
Method: GET
Route: /plumber/65df19c92bf51424e7ebee2e
Status: 304
Response time: 0.617ms 

Date: 2024-03-27T14:02:06.572Z
Method: GET
Route: /plumber/65df19c92bf51424e7ebee2e
Status: 304
Response time: 4.029ms 

Date: 2024-03-27T14:02:06.573Z
Method: GET
Route: /onlyAdmin/me
Status: 200
Response time: 5.158ms 

Date: 2024-03-27T14:12:16.155Z
Method: GET
Route: /plumber/65df19c92bf51424e7ebee2e
Status: 304
Response time: 2.907ms 

Date: 2024-03-27T14:12:16.156Z
Method: GET
Route: /onlyAdmin/me
Status: 200
Response time: 3.431ms 

Date: 2024-03-27T14:12:30.488Z
Method: GET
Route: /plumber/65df19c92bf51424e7ebee2e
Status: 304
Response time: 0.785ms 

Date: 2024-03-27T14:12:33.513Z
Method: GET
Route: /plumber/65df19c92bf51424e7ebee2e
Status: 304
Response time: 0.977ms 

Date: 2024-03-27T14:12:33.519Z
Method: GET
Route: /onlyAdmin/me
Status: 200
Response time: 2.918ms 

Date: 2024-03-27T14:12:34.540Z
Method: GET
Route: /onlyAdmin/me
Status: 200
Response time: 3.498ms 

Date: 2024-03-27T14:12:34.540Z
Method: GET
Route: /plumber/65df19c92bf51424e7ebee2e
Status: 304
Response time: 3.834ms 

Date: 2024-03-27T14:12:35.184Z
Method: GET
Route: /plumber/65df19c92bf51424e7ebee2e
Status: 304
Response time: 4.375ms 

Date: 2024-03-27T14:12:35.185Z
Method: GET
Route: /onlyAdmin/me
Status: 200
Response time: 5.490ms 

Date: 2024-03-27T14:12:35.716Z
Method: GET
Route: /plumbers
Status: 304
Response time: 3.550ms 

Date: 2024-03-27T14:12:36.889Z
Method: GET
Route: /plumber/65df19c92bf51424e7ebee2e
Status: 304
Response time: 0.824ms 

Date: 2024-03-27T14:13:45.371Z
Method: GET
Route: /onlyAdmin/me
Status: 200
Response time: 17.454ms 

Date: 2024-03-27T14:13:48.255Z
Method: GET
Route: /plumbers
Status: 304
Response time: 9.911ms 

Date: 2024-03-27T14:13:51.094Z
Method: GET
Route: /plumbers
Status: 304
Response time: 4.579ms 

Date: 2024-03-27T14:13:54.147Z
Method: GET
Route: /plumber/65df19c92bf51424e7ebee2e
Status: 304
Response time: 1.959ms 

Date: 2024-03-27T14:13:55.470Z
Method: GET
Route: /plumbers
Status: 304
Response time: 4.962ms 

